{"total": {"lines":{"total":4835,"covered":995,"skipped":0,"pct":20.57},"statements":{"total":4967,"covered":1032,"skipped":0,"pct":20.77},"functions":{"total":1100,"covered":294,"skipped":0,"pct":26.72},"branches":{"total":2995,"covered":544,"skipped":0,"pct":18.16},"branchesTrue":{"total":0,"covered":0,"skipped":0,"pct":100}}
,"/home/runner/work/obsidian-prj/obsidian-prj/src/main.ts": {"lines":{"total":61,"covered":0,"skipped":0,"pct":0},"functions":{"total":17,"covered":0,"skipped":0,"pct":0},"statements":{"total":62,"covered":0,"skipped":0,"pct":0},"branches":{"total":2,"covered":0,"skipped":0,"pct":0}}
,"/home/runner/work/obsidian-prj/obsidian-prj/src/classes/Global.ts": {"lines":{"total":23,"covered":0,"skipped":0,"pct":0},"functions":{"total":5,"covered":0,"skipped":0,"pct":0},"statements":{"total":25,"covered":0,"skipped":0,"pct":0},"branches":{"total":14,"covered":0,"skipped":0,"pct":0}}
,"/home/runner/work/obsidian-prj/obsidian-prj/src/classes/Logging.ts": {"lines":{"total":72,"covered":72,"skipped":0,"pct":100},"functions":{"total":23,"covered":23,"skipped":0,"pct":100},"statements":{"total":74,"covered":74,"skipped":0,"pct":100},"branches":{"total":22,"covered":22,"skipped":0,"pct":100}}
,"/home/runner/work/obsidian-prj/obsidian-prj/src/classes/Path.ts": {"lines":{"total":8,"covered":8,"skipped":0,"pct":100},"functions":{"total":4,"covered":4,"skipped":0,"pct":100},"statements":{"total":8,"covered":8,"skipped":0,"pct":100},"branches":{"total":1,"covered":1,"skipped":0,"pct":100}}
,"/home/runner/work/obsidian-prj/obsidian-prj/src/classes/decorators/FieldConfigDecorator.ts": {"lines":{"total":13,"covered":12,"skipped":0,"pct":92.3},"functions":{"total":4,"covered":4,"skipped":0,"pct":100},"statements":{"total":13,"covered":12,"skipped":0,"pct":92.3},"branches":{"total":7,"covered":6,"skipped":0,"pct":85.71}}
,"/home/runner/work/obsidian-prj/obsidian-prj/src/classes/decorators/Helper.ts": {"lines":{"total":10,"covered":10,"skipped":0,"pct":100},"functions":{"total":2,"covered":2,"skipped":0,"pct":100},"statements":{"total":10,"covered":10,"skipped":0,"pct":100},"branches":{"total":8,"covered":8,"skipped":0,"pct":100}}
,"/home/runner/work/obsidian-prj/obsidian-prj/src/classes/decorators/ImplementsStatic.ts": {"lines":{"total":2,"covered":2,"skipped":0,"pct":100},"functions":{"total":2,"covered":2,"skipped":0,"pct":100},"statements":{"total":2,"covered":2,"skipped":0,"pct":100},"branches":{"total":0,"covered":0,"skipped":0,"pct":100}}
,"/home/runner/work/obsidian-prj/obsidian-prj/src/classes/decorators/Singleton.ts": {"lines":{"total":9,"covered":9,"skipped":0,"pct":100},"functions":{"total":2,"covered":2,"skipped":0,"pct":100},"statements":{"total":9,"covered":9,"skipped":0,"pct":100},"branches":{"total":1,"covered":1,"skipped":0,"pct":100}}
,"/home/runner/work/obsidian-prj/obsidian-prj/src/classes/decorators/ToStringFieldDecorator.ts": {"lines":{"total":8,"covered":7,"skipped":0,"pct":87.5},"functions":{"total":2,"covered":2,"skipped":0,"pct":100},"statements":{"total":8,"covered":7,"skipped":0,"pct":87.5},"branches":{"total":6,"covered":5,"skipped":0,"pct":83.33}}
,"/home/runner/work/obsidian-prj/obsidian-prj/src/interfaces/IComparable.ts": {"lines":{"total":2,"covered":0,"skipped":0,"pct":0},"functions":{"total":1,"covered":0,"skipped":0,"pct":0},"statements":{"total":2,"covered":0,"skipped":0,"pct":0},"branches":{"total":3,"covered":0,"skipped":0,"pct":0}}
,"/home/runner/work/obsidian-prj/obsidian-prj/src/interfaces/IEquatable.ts": {"lines":{"total":2,"covered":0,"skipped":0,"pct":0},"functions":{"total":1,"covered":0,"skipped":0,"pct":0},"statements":{"total":2,"covered":0,"skipped":0,"pct":0},"branches":{"total":3,"covered":0,"skipped":0,"pct":0}}
,"/home/runner/work/obsidian-prj/obsidian-prj/src/interfaces/IStringifiable.ts": {"lines":{"total":2,"covered":2,"skipped":0,"pct":100},"functions":{"total":1,"covered":1,"skipped":0,"pct":100},"statements":{"total":2,"covered":2,"skipped":0,"pct":100},"branches":{"total":4,"covered":4,"skipped":0,"pct":100}}
,"/home/runner/work/obsidian-prj/obsidian-prj/src/libs/FileManager.ts": {"lines":{"total":54,"covered":0,"skipped":0,"pct":0},"functions":{"total":6,"covered":0,"skipped":0,"pct":0},"statements":{"total":54,"covered":0,"skipped":0,"pct":0},"branches":{"total":84,"covered":0,"skipped":0,"pct":0}}
,"/home/runner/work/obsidian-prj/obsidian-prj/src/libs/GenericEvents.ts": {"lines":{"total":23,"covered":23,"skipped":0,"pct":100},"functions":{"total":8,"covered":8,"skipped":0,"pct":100},"statements":{"total":23,"covered":23,"skipped":0,"pct":100},"branches":{"total":33,"covered":33,"skipped":0,"pct":100}}
,"/home/runner/work/obsidian-prj/obsidian-prj/src/libs/MarkdownBlockProcessor.ts": {"lines":{"total":68,"covered":0,"skipped":0,"pct":0},"functions":{"total":4,"covered":0,"skipped":0,"pct":0},"statements":{"total":70,"covered":0,"skipped":0,"pct":0},"branches":{"total":16,"covered":0,"skipped":0,"pct":0}}
,"/home/runner/work/obsidian-prj/obsidian-prj/src/libs/MetadataCache.ts": {"lines":{"total":170,"covered":0,"skipped":0,"pct":0},"functions":{"total":30,"covered":0,"skipped":0,"pct":0},"statements":{"total":175,"covered":0,"skipped":0,"pct":0},"branches":{"total":204,"covered":0,"skipped":0,"pct":0}}
,"/home/runner/work/obsidian-prj/obsidian-prj/src/libs/Table.ts": {"lines":{"total":221,"covered":0,"skipped":0,"pct":0},"functions":{"total":50,"covered":0,"skipped":0,"pct":0},"statements":{"total":227,"covered":0,"skipped":0,"pct":0},"branches":{"total":120,"covered":0,"skipped":0,"pct":0}}
,"/home/runner/work/obsidian-prj/obsidian-prj/src/libs/BaseComplexDataType/BaseComplexDataType.ts": {"lines":{"total":4,"covered":4,"skipped":0,"pct":100},"functions":{"total":2,"covered":2,"skipped":0,"pct":100},"statements":{"total":5,"covered":5,"skipped":0,"pct":100},"branches":{"total":0,"covered":0,"skipped":0,"pct":100}}
,"/home/runner/work/obsidian-prj/obsidian-prj/src/libs/BaseComplexDataType/interfaces/IBaseComplexDataType.ts": {"lines":{"total":3,"covered":3,"skipped":0,"pct":100},"functions":{"total":1,"covered":1,"skipped":0,"pct":100},"statements":{"total":3,"covered":3,"skipped":0,"pct":100},"branches":{"total":3,"covered":3,"skipped":0,"pct":100}}
,"/home/runner/work/obsidian-prj/obsidian-prj/src/libs/BlockRenderComponents/DocumentBlockRenderComponent.ts": {"lines":{"total":146,"covered":0,"skipped":0,"pct":0},"functions":{"total":23,"covered":0,"skipped":0,"pct":0},"statements":{"total":148,"covered":0,"skipped":0,"pct":0},"branches":{"total":75,"covered":0,"skipped":0,"pct":0}}
,"/home/runner/work/obsidian-prj/obsidian-prj/src/libs/BlockRenderComponents/HeaderBlockRenderComponent.ts": {"lines":{"total":150,"covered":0,"skipped":0,"pct":0},"functions":{"total":47,"covered":0,"skipped":0,"pct":0},"statements":{"total":157,"covered":0,"skipped":0,"pct":0},"branches":{"total":99,"covered":0,"skipped":0,"pct":0}}
,"/home/runner/work/obsidian-prj/obsidian-prj/src/libs/BlockRenderComponents/NoteBlockRenderComponent.ts": {"lines":{"total":118,"covered":0,"skipped":0,"pct":0},"functions":{"total":20,"covered":0,"skipped":0,"pct":0},"statements":{"total":120,"covered":0,"skipped":0,"pct":0},"branches":{"total":65,"covered":0,"skipped":0,"pct":0}}
,"/home/runner/work/obsidian-prj/obsidian-prj/src/libs/BlockRenderComponents/ProjectBlockRenderComponent.ts": {"lines":{"total":163,"covered":0,"skipped":0,"pct":0},"functions":{"total":28,"covered":0,"skipped":0,"pct":0},"statements":{"total":165,"covered":0,"skipped":0,"pct":0},"branches":{"total":123,"covered":0,"skipped":0,"pct":0}}
,"/home/runner/work/obsidian-prj/obsidian-prj/src/libs/BlockRenderComponents/RedrawableBlockRenderComponent.ts": {"lines":{"total":1,"covered":0,"skipped":0,"pct":0},"functions":{"total":0,"covered":0,"skipped":0,"pct":100},"statements":{"total":1,"covered":0,"skipped":0,"pct":0},"branches":{"total":0,"covered":0,"skipped":0,"pct":100}}
,"/home/runner/work/obsidian-prj/obsidian-prj/src/libs/BlockRenderComponents/TableBlockRenderComponent.ts": {"lines":{"total":143,"covered":0,"skipped":0,"pct":0},"functions":{"total":20,"covered":0,"skipped":0,"pct":0},"statements":{"total":148,"covered":0,"skipped":0,"pct":0},"branches":{"total":102,"covered":0,"skipped":0,"pct":0}}
,"/home/runner/work/obsidian-prj/obsidian-prj/src/libs/BlockRenderComponents/InnerComponents/DocumentComponents.ts": {"lines":{"total":133,"covered":0,"skipped":0,"pct":0},"functions":{"total":23,"covered":0,"skipped":0,"pct":0},"statements":{"total":134,"covered":0,"skipped":0,"pct":0},"branches":{"total":55,"covered":0,"skipped":0,"pct":0}}
,"/home/runner/work/obsidian-prj/obsidian-prj/src/libs/BlockRenderComponents/InnerComponents/FilterButton.ts": {"lines":{"total":27,"covered":0,"skipped":0,"pct":0},"functions":{"total":4,"covered":0,"skipped":0,"pct":0},"statements":{"total":27,"covered":0,"skipped":0,"pct":0},"branches":{"total":1,"covered":0,"skipped":0,"pct":0}}
,"/home/runner/work/obsidian-prj/obsidian-prj/src/libs/BlockRenderComponents/InnerComponents/GeneralComponents.ts": {"lines":{"total":25,"covered":0,"skipped":0,"pct":0},"functions":{"total":11,"covered":0,"skipped":0,"pct":0},"statements":{"total":25,"covered":0,"skipped":0,"pct":0},"branches":{"total":12,"covered":0,"skipped":0,"pct":0}}
,"/home/runner/work/obsidian-prj/obsidian-prj/src/libs/BlockRenderComponents/InnerComponents/MaxShownModelsInput.ts": {"lines":{"total":56,"covered":0,"skipped":0,"pct":0},"functions":{"total":14,"covered":0,"skipped":0,"pct":0},"statements":{"total":56,"covered":0,"skipped":0,"pct":0},"branches":{"total":16,"covered":0,"skipped":0,"pct":0}}
,"/home/runner/work/obsidian-prj/obsidian-prj/src/libs/BlockRenderComponents/InnerComponents/ProjectComponents.ts": {"lines":{"total":84,"covered":0,"skipped":0,"pct":0},"functions":{"total":21,"covered":0,"skipped":0,"pct":0},"statements":{"total":84,"covered":0,"skipped":0,"pct":0},"branches":{"total":30,"covered":0,"skipped":0,"pct":0}}
,"/home/runner/work/obsidian-prj/obsidian-prj/src/libs/BlockRenderComponents/InnerComponents/SearchInput.ts": {"lines":{"total":43,"covered":0,"skipped":0,"pct":0},"functions":{"total":10,"covered":0,"skipped":0,"pct":0},"statements":{"total":43,"covered":0,"skipped":0,"pct":0},"branches":{"total":1,"covered":0,"skipped":0,"pct":0}}
,"/home/runner/work/obsidian-prj/obsidian-prj/src/libs/ContextMenus/ContextMenu.ts": {"lines":{"total":26,"covered":0,"skipped":0,"pct":0},"functions":{"total":9,"covered":0,"skipped":0,"pct":0},"statements":{"total":26,"covered":0,"skipped":0,"pct":0},"branches":{"total":26,"covered":0,"skipped":0,"pct":0}}
,"/home/runner/work/obsidian-prj/obsidian-prj/src/libs/ContextMenus/CopyMarkdownLink.ts": {"lines":{"total":27,"covered":0,"skipped":0,"pct":0},"functions":{"total":10,"covered":0,"skipped":0,"pct":0},"statements":{"total":29,"covered":0,"skipped":0,"pct":0},"branches":{"total":2,"covered":0,"skipped":0,"pct":0}}
,"/home/runner/work/obsidian-prj/obsidian-prj/src/libs/ContextMenus/GetMetadata.ts": {"lines":{"total":51,"covered":0,"skipped":0,"pct":0},"functions":{"total":13,"covered":0,"skipped":0,"pct":0},"statements":{"total":53,"covered":0,"skipped":0,"pct":0},"branches":{"total":31,"covered":0,"skipped":0,"pct":0}}
,"/home/runner/work/obsidian-prj/obsidian-prj/src/libs/CustomizableRenderChild/CustomizableRenderChild.ts": {"lines":{"total":12,"covered":12,"skipped":0,"pct":100},"functions":{"total":3,"covered":3,"skipped":0,"pct":100},"statements":{"total":12,"covered":12,"skipped":0,"pct":100},"branches":{"total":20,"covered":20,"skipped":0,"pct":100}}
,"/home/runner/work/obsidian-prj/obsidian-prj/src/libs/DependencyInjection/DIContainer.ts": {"lines":{"total":16,"covered":13,"skipped":0,"pct":81.25},"functions":{"total":4,"covered":4,"skipped":0,"pct":100},"statements":{"total":18,"covered":15,"skipped":0,"pct":83.33},"branches":{"total":9,"covered":7,"skipped":0,"pct":77.77}}
,"/home/runner/work/obsidian-prj/obsidian-prj/src/libs/DependencyInjection/__tests__/IDIContainer.spec.ts": {"lines":{"total":13,"covered":13,"skipped":0,"pct":100},"functions":{"total":6,"covered":6,"skipped":0,"pct":100},"statements":{"total":14,"covered":14,"skipped":0,"pct":100},"branches":{"total":0,"covered":0,"skipped":0,"pct":100}}
,"/home/runner/work/obsidian-prj/obsidian-prj/src/libs/DependencyInjection/decorators/Inject.ts": {"lines":{"total":16,"covered":15,"skipped":0,"pct":93.75},"functions":{"total":4,"covered":4,"skipped":0,"pct":100},"statements":{"total":16,"covered":15,"skipped":0,"pct":93.75},"branches":{"total":5,"covered":4,"skipped":0,"pct":80}}
,"/home/runner/work/obsidian-prj/obsidian-prj/src/libs/DependencyInjection/decorators/Register.ts": {"lines":{"total":5,"covered":5,"skipped":0,"pct":100},"functions":{"total":2,"covered":2,"skipped":0,"pct":100},"statements":{"total":5,"covered":5,"skipped":0,"pct":100},"branches":{"total":0,"covered":0,"skipped":0,"pct":100}}
,"/home/runner/work/obsidian-prj/obsidian-prj/src/libs/DependencyInjection/decorators/RegisterInstance.ts": {"lines":{"total":16,"covered":6,"skipped":0,"pct":37.5},"functions":{"total":4,"covered":2,"skipped":0,"pct":50},"statements":{"total":16,"covered":6,"skipped":0,"pct":37.5},"branches":{"total":4,"covered":0,"skipped":0,"pct":0}}
,"/home/runner/work/obsidian-prj/obsidian-prj/src/libs/EditableDataView/EditableDataView.ts": {"lines":{"total":39,"covered":0,"skipped":0,"pct":0},"functions":{"total":6,"covered":0,"skipped":0,"pct":0},"statements":{"total":39,"covered":0,"skipped":0,"pct":0},"branches":{"total":20,"covered":0,"skipped":0,"pct":0}}
,"/home/runner/work/obsidian-prj/obsidian-prj/src/libs/EditableDataView/Components/BaseComponent.ts": {"lines":{"total":82,"covered":0,"skipped":0,"pct":0},"functions":{"total":15,"covered":0,"skipped":0,"pct":0},"statements":{"total":82,"covered":0,"skipped":0,"pct":0},"branches":{"total":53,"covered":0,"skipped":0,"pct":0}}
,"/home/runner/work/obsidian-prj/obsidian-prj/src/libs/EditableDataView/Components/DateComponent.ts": {"lines":{"total":37,"covered":0,"skipped":0,"pct":0},"functions":{"total":11,"covered":0,"skipped":0,"pct":0},"statements":{"total":37,"covered":0,"skipped":0,"pct":0},"branches":{"total":10,"covered":0,"skipped":0,"pct":0}}
,"/home/runner/work/obsidian-prj/obsidian-prj/src/libs/EditableDataView/Components/DropdownComponent.ts": {"lines":{"total":60,"covered":0,"skipped":0,"pct":0},"functions":{"total":20,"covered":0,"skipped":0,"pct":0},"statements":{"total":63,"covered":0,"skipped":0,"pct":0},"branches":{"total":18,"covered":0,"skipped":0,"pct":0}}
,"/home/runner/work/obsidian-prj/obsidian-prj/src/libs/EditableDataView/Components/LinkComponent.ts": {"lines":{"total":98,"covered":0,"skipped":0,"pct":0},"functions":{"total":21,"covered":0,"skipped":0,"pct":0},"statements":{"total":100,"covered":0,"skipped":0,"pct":0},"branches":{"total":51,"covered":0,"skipped":0,"pct":0}}
,"/home/runner/work/obsidian-prj/obsidian-prj/src/libs/EditableDataView/Components/SuggestionComponent.ts": {"lines":{"total":117,"covered":0,"skipped":0,"pct":0},"functions":{"total":21,"covered":0,"skipped":0,"pct":0},"statements":{"total":117,"covered":0,"skipped":0,"pct":0},"branches":{"total":127,"covered":0,"skipped":0,"pct":0}}
,"/home/runner/work/obsidian-prj/obsidian-prj/src/libs/EditableDataView/Components/TextComponent.ts": {"lines":{"total":76,"covered":0,"skipped":0,"pct":0},"functions":{"total":20,"covered":0,"skipped":0,"pct":0},"statements":{"total":77,"covered":0,"skipped":0,"pct":0},"branches":{"total":38,"covered":0,"skipped":0,"pct":0}}
,"/home/runner/work/obsidian-prj/obsidian-prj/src/libs/EditableDataView/Components/TextareaComponent.ts": {"lines":{"total":70,"covered":0,"skipped":0,"pct":0},"functions":{"total":17,"covered":0,"skipped":0,"pct":0},"statements":{"total":71,"covered":0,"skipped":0,"pct":0},"branches":{"total":25,"covered":0,"skipped":0,"pct":0}}
,"/home/runner/work/obsidian-prj/obsidian-prj/src/libs/FileType/FileType.ts": {"lines":{"total":24,"covered":23,"skipped":0,"pct":95.83},"functions":{"total":12,"covered":11,"skipped":0,"pct":91.66},"statements":{"total":25,"covered":24,"skipped":0,"pct":96},"branches":{"total":26,"covered":23,"skipped":0,"pct":88.46}}
,"/home/runner/work/obsidian-prj/obsidian-prj/src/libs/Helper/General.ts": {"lines":{"total":58,"covered":54,"skipped":0,"pct":93.1},"functions":{"total":13,"covered":12,"skipped":0,"pct":92.3},"statements":{"total":64,"covered":59,"skipped":0,"pct":92.18},"branches":{"total":22,"covered":19,"skipped":0,"pct":86.36}}
,"/home/runner/work/obsidian-prj/obsidian-prj/src/libs/Helper/Obsidian.ts": {"lines":{"total":31,"covered":31,"skipped":0,"pct":100},"functions":{"total":8,"covered":8,"skipped":0,"pct":100},"statements":{"total":33,"covered":33,"skipped":0,"pct":100},"branches":{"total":22,"covered":21,"skipped":0,"pct":95.45}}
,"/home/runner/work/obsidian-prj/obsidian-prj/src/libs/KanbanSync/KanbanMarkdownGenerator.ts": {"lines":{"total":35,"covered":0,"skipped":0,"pct":0},"functions":{"total":10,"covered":0,"skipped":0,"pct":0},"statements":{"total":35,"covered":0,"skipped":0,"pct":0},"branches":{"total":15,"covered":0,"skipped":0,"pct":0}}
,"/home/runner/work/obsidian-prj/obsidian-prj/src/libs/KanbanSync/KanbanModels.ts": {"lines":{"total":88,"covered":0,"skipped":0,"pct":0},"functions":{"total":24,"covered":0,"skipped":0,"pct":0},"statements":{"total":88,"covered":0,"skipped":0,"pct":0},"branches":{"total":22,"covered":0,"skipped":0,"pct":0}}
,"/home/runner/work/obsidian-prj/obsidian-prj/src/libs/KanbanSync/KanbanParser.ts": {"lines":{"total":54,"covered":0,"skipped":0,"pct":0},"functions":{"total":5,"covered":0,"skipped":0,"pct":0},"statements":{"total":54,"covered":0,"skipped":0,"pct":0},"branches":{"total":11,"covered":0,"skipped":0,"pct":0}}
,"/home/runner/work/obsidian-prj/obsidian-prj/src/libs/KanbanSync/KanbanSync.ts": {"lines":{"total":75,"covered":0,"skipped":0,"pct":0},"functions":{"total":13,"covered":0,"skipped":0,"pct":0},"statements":{"total":76,"covered":0,"skipped":0,"pct":0},"branches":{"total":59,"covered":0,"skipped":0,"pct":0}}
,"/home/runner/work/obsidian-prj/obsidian-prj/src/libs/KanbanSync/KanbanTypes.ts": {"lines":{"total":2,"covered":0,"skipped":0,"pct":0},"functions":{"total":0,"covered":0,"skipped":0,"pct":100},"statements":{"total":2,"covered":0,"skipped":0,"pct":0},"branches":{"total":0,"covered":0,"skipped":0,"pct":100}}
,"/home/runner/work/obsidian-prj/obsidian-prj/src/libs/LifecycleManager/LifecycleManager.ts": {"lines":{"total":32,"covered":32,"skipped":0,"pct":100},"functions":{"total":13,"covered":13,"skipped":0,"pct":100},"statements":{"total":34,"covered":34,"skipped":0,"pct":100},"branches":{"total":22,"covered":18,"skipped":0,"pct":81.81}}
,"/home/runner/work/obsidian-prj/obsidian-prj/src/libs/LifecycleManager/decorators/Lifecycle.ts": {"lines":{"total":31,"covered":31,"skipped":0,"pct":100},"functions":{"total":4,"covered":4,"skipped":0,"pct":100},"statements":{"total":31,"covered":31,"skipped":0,"pct":100},"branches":{"total":5,"covered":4,"skipped":0,"pct":80}}
,"/home/runner/work/obsidian-prj/obsidian-prj/src/libs/Modals/AddAnnotationModal.ts": {"lines":{"total":46,"covered":0,"skipped":0,"pct":0},"functions":{"total":7,"covered":0,"skipped":0,"pct":0},"statements":{"total":50,"covered":0,"skipped":0,"pct":0},"branches":{"total":30,"covered":0,"skipped":0,"pct":0}}
,"/home/runner/work/obsidian-prj/obsidian-prj/src/libs/Modals/BaseModalForm.ts": {"lines":{"total":39,"covered":0,"skipped":0,"pct":0},"functions":{"total":6,"covered":0,"skipped":0,"pct":0},"statements":{"total":41,"covered":0,"skipped":0,"pct":0},"branches":{"total":18,"covered":0,"skipped":0,"pct":0}}
,"/home/runner/work/obsidian-prj/obsidian-prj/src/libs/Modals/ChangeStatusModal.ts": {"lines":{"total":44,"covered":0,"skipped":0,"pct":0},"functions":{"total":10,"covered":0,"skipped":0,"pct":0},"statements":{"total":44,"covered":0,"skipped":0,"pct":0},"branches":{"total":19,"covered":0,"skipped":0,"pct":0}}
,"/home/runner/work/obsidian-prj/obsidian-prj/src/libs/Modals/CreateNewMetadataModal.ts": {"lines":{"total":77,"covered":0,"skipped":0,"pct":0},"functions":{"total":7,"covered":0,"skipped":0,"pct":0},"statements":{"total":81,"covered":0,"skipped":0,"pct":0},"branches":{"total":35,"covered":0,"skipped":0,"pct":0}}
,"/home/runner/work/obsidian-prj/obsidian-prj/src/libs/Modals/CreateNewNoteModal.ts": {"lines":{"total":62,"covered":0,"skipped":0,"pct":0},"functions":{"total":7,"covered":0,"skipped":0,"pct":0},"statements":{"total":66,"covered":0,"skipped":0,"pct":0},"branches":{"total":33,"covered":0,"skipped":0,"pct":0}}
,"/home/runner/work/obsidian-prj/obsidian-prj/src/libs/Modals/CreateNewProjectModal.ts": {"lines":{"total":32,"covered":0,"skipped":0,"pct":0},"functions":{"total":6,"covered":0,"skipped":0,"pct":0},"statements":{"total":33,"covered":0,"skipped":0,"pct":0},"branches":{"total":13,"covered":0,"skipped":0,"pct":0}}
,"/home/runner/work/obsidian-prj/obsidian-prj/src/libs/Modals/CreateNewTaskManagementModal.ts": {"lines":{"total":135,"covered":0,"skipped":0,"pct":0},"functions":{"total":12,"covered":0,"skipped":0,"pct":0},"statements":{"total":138,"covered":0,"skipped":0,"pct":0},"branches":{"total":62,"covered":0,"skipped":0,"pct":0}}
,"/home/runner/work/obsidian-prj/obsidian-prj/src/libs/Modals/CreateNewTaskModal.ts": {"lines":{"total":32,"covered":0,"skipped":0,"pct":0},"functions":{"total":6,"covered":0,"skipped":0,"pct":0},"statements":{"total":33,"covered":0,"skipped":0,"pct":0},"branches":{"total":13,"covered":0,"skipped":0,"pct":0}}
,"/home/runner/work/obsidian-prj/obsidian-prj/src/libs/ProxyHandler/ProxyHandler.ts": {"lines":{"total":70,"covered":70,"skipped":0,"pct":100},"functions":{"total":16,"covered":16,"skipped":0,"pct":100},"statements":{"total":73,"covered":73,"skipped":0,"pct":100},"branches":{"total":44,"covered":44,"skipped":0,"pct":100}}
,"/home/runner/work/obsidian-prj/obsidian-prj/src/libs/Search/Search.ts": {"lines":{"total":8,"covered":0,"skipped":0,"pct":0},"functions":{"total":3,"covered":0,"skipped":0,"pct":0},"statements":{"total":8,"covered":0,"skipped":0,"pct":0},"branches":{"total":9,"covered":0,"skipped":0,"pct":0}}
,"/home/runner/work/obsidian-prj/obsidian-prj/src/libs/Search/SearchElement.ts": {"lines":{"total":8,"covered":8,"skipped":0,"pct":100},"functions":{"total":5,"covered":5,"skipped":0,"pct":100},"statements":{"total":8,"covered":8,"skipped":0,"pct":100},"branches":{"total":1,"covered":1,"skipped":0,"pct":100}}
,"/home/runner/work/obsidian-prj/obsidian-prj/src/libs/Search/SearchOperator.ts": {"lines":{"total":6,"covered":6,"skipped":0,"pct":100},"functions":{"total":4,"covered":4,"skipped":0,"pct":100},"statements":{"total":6,"covered":6,"skipped":0,"pct":100},"branches":{"total":0,"covered":0,"skipped":0,"pct":100}}
,"/home/runner/work/obsidian-prj/obsidian-prj/src/libs/Search/SearchOperatorTypes.ts": {"lines":{"total":2,"covered":2,"skipped":0,"pct":100},"functions":{"total":0,"covered":0,"skipped":0,"pct":100},"statements":{"total":2,"covered":2,"skipped":0,"pct":100},"branches":{"total":0,"covered":0,"skipped":0,"pct":100}}
,"/home/runner/work/obsidian-prj/obsidian-prj/src/libs/Search/SearchParser.ts": {"lines":{"total":58,"covered":58,"skipped":0,"pct":100},"functions":{"total":8,"covered":8,"skipped":0,"pct":100},"statements":{"total":60,"covered":60,"skipped":0,"pct":100},"branches":{"total":27,"covered":27,"skipped":0,"pct":100}}
,"/home/runner/work/obsidian-prj/obsidian-prj/src/libs/Search/SearchQuery.ts": {"lines":{"total":29,"covered":29,"skipped":0,"pct":100},"functions":{"total":6,"covered":6,"skipped":0,"pct":100},"statements":{"total":30,"covered":30,"skipped":0,"pct":100},"branches":{"total":20,"covered":20,"skipped":0,"pct":100}}
,"/home/runner/work/obsidian-prj/obsidian-prj/src/libs/Search/SearchTerm.ts": {"lines":{"total":6,"covered":6,"skipped":0,"pct":100},"functions":{"total":4,"covered":4,"skipped":0,"pct":100},"statements":{"total":6,"covered":6,"skipped":0,"pct":100},"branches":{"total":0,"covered":0,"skipped":0,"pct":100}}
,"/home/runner/work/obsidian-prj/obsidian-prj/src/libs/SingletonBlockProcessor/SingletonBlockProcessor.ts": {"lines":{"total":75,"covered":49,"skipped":0,"pct":65.33},"functions":{"total":16,"covered":15,"skipped":0,"pct":93.75},"statements":{"total":75,"covered":49,"skipped":0,"pct":65.33},"branches":{"total":113,"covered":59,"skipped":0,"pct":52.21}}
,"/home/runner/work/obsidian-prj/obsidian-prj/src/libs/StatusType/StatusType.ts": {"lines":{"total":44,"covered":44,"skipped":0,"pct":100},"functions":{"total":15,"covered":15,"skipped":0,"pct":100},"statements":{"total":45,"covered":45,"skipped":0,"pct":100},"branches":{"total":36,"covered":32,"skipped":0,"pct":88.88}}
,"/home/runner/work/obsidian-prj/obsidian-prj/src/libs/StatusType/__tests__/IStatusType.spec.ts": {"lines":{"total":91,"covered":90,"skipped":0,"pct":98.9},"functions":{"total":23,"covered":23,"skipped":0,"pct":100},"statements":{"total":91,"covered":90,"skipped":0,"pct":98.9},"branches":{"total":6,"covered":5,"skipped":0,"pct":83.33}}
,"/home/runner/work/obsidian-prj/obsidian-prj/src/libs/StatusType/interfaces/IStatusType.ts": {"lines":{"total":2,"covered":0,"skipped":0,"pct":0},"functions":{"total":1,"covered":0,"skipped":0,"pct":0},"statements":{"total":2,"covered":0,"skipped":0,"pct":0},"branches":{"total":4,"covered":0,"skipped":0,"pct":0}}
,"/home/runner/work/obsidian-prj/obsidian-prj/src/libs/Tags/Tag.ts": {"lines":{"total":50,"covered":47,"skipped":0,"pct":94},"functions":{"total":18,"covered":17,"skipped":0,"pct":94.44},"statements":{"total":53,"covered":50,"skipped":0,"pct":94.33},"branches":{"total":30,"covered":24,"skipped":0,"pct":80}}
,"/home/runner/work/obsidian-prj/obsidian-prj/src/libs/Tags/Tags.ts": {"lines":{"total":92,"covered":88,"skipped":0,"pct":95.65},"functions":{"total":42,"covered":38,"skipped":0,"pct":90.47},"statements":{"total":101,"covered":95,"skipped":0,"pct":94.05},"branches":{"total":67,"covered":62,"skipped":0,"pct":92.53}}
,"/home/runner/work/obsidian-prj/obsidian-prj/src/libs/TranslationService/TranslationService.ts": {"lines":{"total":31,"covered":30,"skipped":0,"pct":96.77},"functions":{"total":8,"covered":7,"skipped":0,"pct":87.5},"statements":{"total":33,"covered":32,"skipped":0,"pct":96.96},"branches":{"total":14,"covered":14,"skipped":0,"pct":100}}
,"/home/runner/work/obsidian-prj/obsidian-prj/src/libs/Wikilink/Wikilink.ts": {"lines":{"total":26,"covered":25,"skipped":0,"pct":96.15},"functions":{"total":6,"covered":5,"skipped":0,"pct":83.33},"statements":{"total":28,"covered":27,"skipped":0,"pct":96.42},"branches":{"total":18,"covered":17,"skipped":0,"pct":94.44}}
,"/home/runner/work/obsidian-prj/obsidian-prj/src/models/DocumentModel.ts": {"lines":{"total":162,"covered":0,"skipped":0,"pct":0},"functions":{"total":38,"covered":0,"skipped":0,"pct":0},"statements":{"total":165,"covered":0,"skipped":0,"pct":0},"branches":{"total":199,"covered":0,"skipped":0,"pct":0}}
,"/home/runner/work/obsidian-prj/obsidian-prj/src/models/FileModel.ts": {"lines":{"total":87,"covered":0,"skipped":0,"pct":0},"functions":{"total":19,"covered":0,"skipped":0,"pct":0},"statements":{"total":91,"covered":0,"skipped":0,"pct":0},"branches":{"total":95,"covered":0,"skipped":0,"pct":0}}
,"/home/runner/work/obsidian-prj/obsidian-prj/src/models/NoteModel.ts": {"lines":{"total":33,"covered":0,"skipped":0,"pct":0},"functions":{"total":7,"covered":0,"skipped":0,"pct":0},"statements":{"total":33,"covered":0,"skipped":0,"pct":0},"branches":{"total":19,"covered":0,"skipped":0,"pct":0}}
,"/home/runner/work/obsidian-prj/obsidian-prj/src/models/PrjTaskManagementModel.ts": {"lines":{"total":155,"covered":0,"skipped":0,"pct":0},"functions":{"total":20,"covered":0,"skipped":0,"pct":0},"statements":{"total":160,"covered":0,"skipped":0,"pct":0},"branches":{"total":153,"covered":0,"skipped":0,"pct":0}}
,"/home/runner/work/obsidian-prj/obsidian-prj/src/models/ProjectModel.ts": {"lines":{"total":10,"covered":0,"skipped":0,"pct":0},"functions":{"total":4,"covered":0,"skipped":0,"pct":0},"statements":{"total":12,"covered":0,"skipped":0,"pct":0},"branches":{"total":0,"covered":0,"skipped":0,"pct":100}}
,"/home/runner/work/obsidian-prj/obsidian-prj/src/models/TaskModel.ts": {"lines":{"total":38,"covered":0,"skipped":0,"pct":0},"functions":{"total":11,"covered":0,"skipped":0,"pct":0},"statements":{"total":40,"covered":0,"skipped":0,"pct":0},"branches":{"total":51,"covered":0,"skipped":0,"pct":0}}
,"/home/runner/work/obsidian-prj/obsidian-prj/src/models/TopicModel.ts": {"lines":{"total":10,"covered":0,"skipped":0,"pct":0},"functions":{"total":4,"covered":0,"skipped":0,"pct":0},"statements":{"total":12,"covered":0,"skipped":0,"pct":0},"branches":{"total":0,"covered":0,"skipped":0,"pct":100}}
,"/home/runner/work/obsidian-prj/obsidian-prj/src/models/TransactionModel.ts": {"lines":{"total":59,"covered":53,"skipped":0,"pct":89.83},"functions":{"total":13,"covered":11,"skipped":0,"pct":84.61},"statements":{"total":59,"covered":53,"skipped":0,"pct":89.83},"branches":{"total":64,"covered":40,"skipped":0,"pct":62.5}}
,"/home/runner/work/obsidian-prj/obsidian-prj/src/models/Data/PrjBaseData.ts": {"lines":{"total":20,"covered":0,"skipped":0,"pct":0},"functions":{"total":6,"covered":0,"skipped":0,"pct":0},"statements":{"total":21,"covered":0,"skipped":0,"pct":0},"branches":{"total":14,"covered":0,"skipped":0,"pct":0}}
,"/home/runner/work/obsidian-prj/obsidian-prj/src/models/Data/PrjData.ts": {"lines":{"total":25,"covered":0,"skipped":0,"pct":0},"functions":{"total":10,"covered":0,"skipped":0,"pct":0},"statements":{"total":27,"covered":0,"skipped":0,"pct":0},"branches":{"total":2,"covered":0,"skipped":0,"pct":0}}
,"/home/runner/work/obsidian-prj/obsidian-prj/src/models/Data/PrjDocumentData.ts": {"lines":{"total":42,"covered":0,"skipped":0,"pct":0},"functions":{"total":24,"covered":0,"skipped":0,"pct":0},"statements":{"total":43,"covered":0,"skipped":0,"pct":0},"branches":{"total":0,"covered":0,"skipped":0,"pct":100}}
,"/home/runner/work/obsidian-prj/obsidian-prj/src/models/Data/PrjNoteData.ts": {"lines":{"total":11,"covered":0,"skipped":0,"pct":0},"functions":{"total":4,"covered":0,"skipped":0,"pct":0},"statements":{"total":13,"covered":0,"skipped":0,"pct":0},"branches":{"total":0,"covered":0,"skipped":0,"pct":100}}
,"/home/runner/work/obsidian-prj/obsidian-prj/src/models/Data/PrjProjectData.ts": {"lines":{"total":6,"covered":0,"skipped":0,"pct":0},"functions":{"total":2,"covered":0,"skipped":0,"pct":0},"statements":{"total":6,"covered":0,"skipped":0,"pct":0},"branches":{"total":0,"covered":0,"skipped":0,"pct":100}}
,"/home/runner/work/obsidian-prj/obsidian-prj/src/models/Data/PrjTaskData.ts": {"lines":{"total":6,"covered":0,"skipped":0,"pct":0},"functions":{"total":2,"covered":0,"skipped":0,"pct":0},"statements":{"total":6,"covered":0,"skipped":0,"pct":0},"branches":{"total":0,"covered":0,"skipped":0,"pct":100}}
,"/home/runner/work/obsidian-prj/obsidian-prj/src/models/Data/PrjTaskManagementData.ts": {"lines":{"total":25,"covered":0,"skipped":0,"pct":0},"functions":{"total":12,"covered":0,"skipped":0,"pct":0},"statements":{"total":27,"covered":0,"skipped":0,"pct":0},"branches":{"total":0,"covered":0,"skipped":0,"pct":100}}
,"/home/runner/work/obsidian-prj/obsidian-prj/src/models/Data/PrjTopicData.ts": {"lines":{"total":6,"covered":0,"skipped":0,"pct":0},"functions":{"total":2,"covered":0,"skipped":0,"pct":0},"statements":{"total":6,"covered":0,"skipped":0,"pct":0},"branches":{"total":0,"covered":0,"skipped":0,"pct":100}}
,"/home/runner/work/obsidian-prj/obsidian-prj/src/translations/Translations.ts": {"lines":{"total":2,"covered":2,"skipped":0,"pct":100},"functions":{"total":0,"covered":0,"skipped":0,"pct":100},"statements":{"total":2,"covered":2,"skipped":0,"pct":100},"branches":{"total":0,"covered":0,"skipped":0,"pct":100}}
,"/home/runner/work/obsidian-prj/obsidian-prj/src/types/PrjSettings.ts": {"lines":{"total":1,"covered":1,"skipped":0,"pct":100},"functions":{"total":0,"covered":0,"skipped":0,"pct":100},"statements":{"total":1,"covered":1,"skipped":0,"pct":100},"branches":{"total":0,"covered":0,"skipped":0,"pct":100}}
,"/home/runner/work/obsidian-prj/obsidian-prj/src/types/PrjTypes.ts": {"lines":{"total":37,"covered":0,"skipped":0,"pct":0},"functions":{"total":12,"covered":0,"skipped":0,"pct":0},"statements":{"total":37,"covered":0,"skipped":0,"pct":0},"branches":{"total":33,"covered":0,"skipped":0,"pct":0}}
}
