{"total": {"lines":{"total":4657,"covered":815,"skipped":0,"pct":17.5},"statements":{"total":4780,"covered":844,"skipped":0,"pct":17.65},"functions":{"total":1025,"covered":242,"skipped":0,"pct":23.6},"branches":{"total":2729,"covered":490,"skipped":0,"pct":17.95},"branchesTrue":{"total":0,"covered":0,"skipped":0,"pct":100}}
,"/home/runner/work/obsidian-prj/obsidian-prj/src/main.ts": {"lines":{"total":73,"covered":0,"skipped":0,"pct":0},"functions":{"total":20,"covered":0,"skipped":0,"pct":0},"statements":{"total":74,"covered":0,"skipped":0,"pct":0},"branches":{"total":2,"covered":0,"skipped":0,"pct":0}}
,"/home/runner/work/obsidian-prj/obsidian-prj/src/classes/Global.ts": {"lines":{"total":21,"covered":0,"skipped":0,"pct":0},"functions":{"total":4,"covered":0,"skipped":0,"pct":0},"statements":{"total":21,"covered":0,"skipped":0,"pct":0},"branches":{"total":9,"covered":0,"skipped":0,"pct":0}}
,"/home/runner/work/obsidian-prj/obsidian-prj/src/classes/Logging.ts": {"lines":{"total":66,"covered":65,"skipped":0,"pct":98.48},"functions":{"total":23,"covered":22,"skipped":0,"pct":95.65},"statements":{"total":67,"covered":66,"skipped":0,"pct":98.5},"branches":{"total":21,"covered":21,"skipped":0,"pct":100}}
,"/home/runner/work/obsidian-prj/obsidian-prj/src/classes/Path.ts": {"lines":{"total":8,"covered":8,"skipped":0,"pct":100},"functions":{"total":4,"covered":4,"skipped":0,"pct":100},"statements":{"total":8,"covered":8,"skipped":0,"pct":100},"branches":{"total":1,"covered":1,"skipped":0,"pct":100}}
,"/home/runner/work/obsidian-prj/obsidian-prj/src/classes/decorators/FieldConfigDecorator.ts": {"lines":{"total":6,"covered":6,"skipped":0,"pct":100},"functions":{"total":2,"covered":2,"skipped":0,"pct":100},"statements":{"total":6,"covered":6,"skipped":0,"pct":100},"branches":{"total":1,"covered":1,"skipped":0,"pct":100}}
,"/home/runner/work/obsidian-prj/obsidian-prj/src/classes/decorators/ImplementsStatic.ts": {"lines":{"total":2,"covered":2,"skipped":0,"pct":100},"functions":{"total":2,"covered":2,"skipped":0,"pct":100},"statements":{"total":2,"covered":2,"skipped":0,"pct":100},"branches":{"total":0,"covered":0,"skipped":0,"pct":100}}
,"/home/runner/work/obsidian-prj/obsidian-prj/src/classes/decorators/Singleton.ts": {"lines":{"total":18,"covered":18,"skipped":0,"pct":100},"functions":{"total":4,"covered":4,"skipped":0,"pct":100},"statements":{"total":18,"covered":18,"skipped":0,"pct":100},"branches":{"total":7,"covered":7,"skipped":0,"pct":100}}
,"/home/runner/work/obsidian-prj/obsidian-prj/src/classes/decorators/ToStringFieldDecorator.ts": {"lines":{"total":5,"covered":5,"skipped":0,"pct":100},"functions":{"total":1,"covered":1,"skipped":0,"pct":100},"statements":{"total":5,"covered":5,"skipped":0,"pct":100},"branches":{"total":1,"covered":1,"skipped":0,"pct":100}}
,"/home/runner/work/obsidian-prj/obsidian-prj/src/libs/FileManager.ts": {"lines":{"total":54,"covered":0,"skipped":0,"pct":0},"functions":{"total":6,"covered":0,"skipped":0,"pct":0},"statements":{"total":54,"covered":0,"skipped":0,"pct":0},"branches":{"total":81,"covered":0,"skipped":0,"pct":0}}
,"/home/runner/work/obsidian-prj/obsidian-prj/src/libs/GenericEvents.ts": {"lines":{"total":23,"covered":23,"skipped":0,"pct":100},"functions":{"total":8,"covered":8,"skipped":0,"pct":100},"statements":{"total":23,"covered":23,"skipped":0,"pct":100},"branches":{"total":33,"covered":33,"skipped":0,"pct":100}}
,"/home/runner/work/obsidian-prj/obsidian-prj/src/libs/MarkdownBlockProcessor.ts": {"lines":{"total":68,"covered":0,"skipped":0,"pct":0},"functions":{"total":4,"covered":0,"skipped":0,"pct":0},"statements":{"total":70,"covered":0,"skipped":0,"pct":0},"branches":{"total":16,"covered":0,"skipped":0,"pct":0}}
,"/home/runner/work/obsidian-prj/obsidian-prj/src/libs/MetadataCache.ts": {"lines":{"total":164,"covered":0,"skipped":0,"pct":0},"functions":{"total":29,"covered":0,"skipped":0,"pct":0},"statements":{"total":167,"covered":0,"skipped":0,"pct":0},"branches":{"total":86,"covered":0,"skipped":0,"pct":0}}
,"/home/runner/work/obsidian-prj/obsidian-prj/src/libs/Table.ts": {"lines":{"total":221,"covered":0,"skipped":0,"pct":0},"functions":{"total":50,"covered":0,"skipped":0,"pct":0},"statements":{"total":227,"covered":0,"skipped":0,"pct":0},"branches":{"total":118,"covered":0,"skipped":0,"pct":0}}
,"/home/runner/work/obsidian-prj/obsidian-prj/src/libs/BaseComplexDataType/BaseComplexDataType.ts": {"lines":{"total":4,"covered":4,"skipped":0,"pct":100},"functions":{"total":2,"covered":2,"skipped":0,"pct":100},"statements":{"total":5,"covered":5,"skipped":0,"pct":100},"branches":{"total":0,"covered":0,"skipped":0,"pct":100}}
,"/home/runner/work/obsidian-prj/obsidian-prj/src/libs/BaseComplexDataType/isIBaseComplexDataType.ts": {"lines":{"total":3,"covered":3,"skipped":0,"pct":100},"functions":{"total":1,"covered":1,"skipped":0,"pct":100},"statements":{"total":3,"covered":3,"skipped":0,"pct":100},"branches":{"total":3,"covered":3,"skipped":0,"pct":100}}
,"/home/runner/work/obsidian-prj/obsidian-prj/src/libs/BaseComplexDataType/interfaces/IBaseComplexDataType.ts": {"lines":{"total":1,"covered":1,"skipped":0,"pct":100},"functions":{"total":0,"covered":0,"skipped":0,"pct":100},"statements":{"total":1,"covered":1,"skipped":0,"pct":100},"branches":{"total":0,"covered":0,"skipped":0,"pct":100}}
,"/home/runner/work/obsidian-prj/obsidian-prj/src/libs/BlockRenderComponents/DocumentBlockRenderComponent.ts": {"lines":{"total":147,"covered":0,"skipped":0,"pct":0},"functions":{"total":26,"covered":0,"skipped":0,"pct":0},"statements":{"total":151,"covered":0,"skipped":0,"pct":0},"branches":{"total":75,"covered":0,"skipped":0,"pct":0}}
,"/home/runner/work/obsidian-prj/obsidian-prj/src/libs/BlockRenderComponents/HeaderBlockRenderComponent.ts": {"lines":{"total":150,"covered":0,"skipped":0,"pct":0},"functions":{"total":48,"covered":0,"skipped":0,"pct":0},"statements":{"total":158,"covered":0,"skipped":0,"pct":0},"branches":{"total":95,"covered":0,"skipped":0,"pct":0}}
,"/home/runner/work/obsidian-prj/obsidian-prj/src/libs/BlockRenderComponents/NoteBlockRenderComponent.ts": {"lines":{"total":118,"covered":0,"skipped":0,"pct":0},"functions":{"total":22,"covered":0,"skipped":0,"pct":0},"statements":{"total":122,"covered":0,"skipped":0,"pct":0},"branches":{"total":65,"covered":0,"skipped":0,"pct":0}}
,"/home/runner/work/obsidian-prj/obsidian-prj/src/libs/BlockRenderComponents/ProjectBlockRenderComponent.ts": {"lines":{"total":165,"covered":0,"skipped":0,"pct":0},"functions":{"total":33,"covered":0,"skipped":0,"pct":0},"statements":{"total":170,"covered":0,"skipped":0,"pct":0},"branches":{"total":111,"covered":0,"skipped":0,"pct":0}}
,"/home/runner/work/obsidian-prj/obsidian-prj/src/libs/BlockRenderComponents/RedrawableBlockRenderComponent.ts": {"lines":{"total":1,"covered":0,"skipped":0,"pct":0},"functions":{"total":0,"covered":0,"skipped":0,"pct":100},"statements":{"total":1,"covered":0,"skipped":0,"pct":0},"branches":{"total":0,"covered":0,"skipped":0,"pct":100}}
,"/home/runner/work/obsidian-prj/obsidian-prj/src/libs/BlockRenderComponents/TableBlockRenderComponent.ts": {"lines":{"total":143,"covered":0,"skipped":0,"pct":0},"functions":{"total":21,"covered":0,"skipped":0,"pct":0},"statements":{"total":149,"covered":0,"skipped":0,"pct":0},"branches":{"total":102,"covered":0,"skipped":0,"pct":0}}
,"/home/runner/work/obsidian-prj/obsidian-prj/src/libs/BlockRenderComponents/InnerComponents/DocumentComponents.ts": {"lines":{"total":133,"covered":0,"skipped":0,"pct":0},"functions":{"total":23,"covered":0,"skipped":0,"pct":0},"statements":{"total":134,"covered":0,"skipped":0,"pct":0},"branches":{"total":55,"covered":0,"skipped":0,"pct":0}}
,"/home/runner/work/obsidian-prj/obsidian-prj/src/libs/BlockRenderComponents/InnerComponents/FilterButton.ts": {"lines":{"total":27,"covered":0,"skipped":0,"pct":0},"functions":{"total":4,"covered":0,"skipped":0,"pct":0},"statements":{"total":27,"covered":0,"skipped":0,"pct":0},"branches":{"total":1,"covered":0,"skipped":0,"pct":0}}
,"/home/runner/work/obsidian-prj/obsidian-prj/src/libs/BlockRenderComponents/InnerComponents/GeneralComponents.ts": {"lines":{"total":25,"covered":0,"skipped":0,"pct":0},"functions":{"total":11,"covered":0,"skipped":0,"pct":0},"statements":{"total":25,"covered":0,"skipped":0,"pct":0},"branches":{"total":12,"covered":0,"skipped":0,"pct":0}}
,"/home/runner/work/obsidian-prj/obsidian-prj/src/libs/BlockRenderComponents/InnerComponents/MaxShownModelsInput.ts": {"lines":{"total":56,"covered":0,"skipped":0,"pct":0},"functions":{"total":12,"covered":0,"skipped":0,"pct":0},"statements":{"total":57,"covered":0,"skipped":0,"pct":0},"branches":{"total":16,"covered":0,"skipped":0,"pct":0}}
,"/home/runner/work/obsidian-prj/obsidian-prj/src/libs/BlockRenderComponents/InnerComponents/ProjectComponents.ts": {"lines":{"total":84,"covered":0,"skipped":0,"pct":0},"functions":{"total":21,"covered":0,"skipped":0,"pct":0},"statements":{"total":84,"covered":0,"skipped":0,"pct":0},"branches":{"total":30,"covered":0,"skipped":0,"pct":0}}
,"/home/runner/work/obsidian-prj/obsidian-prj/src/libs/BlockRenderComponents/InnerComponents/SearchInput.ts": {"lines":{"total":43,"covered":0,"skipped":0,"pct":0},"functions":{"total":10,"covered":0,"skipped":0,"pct":0},"statements":{"total":43,"covered":0,"skipped":0,"pct":0},"branches":{"total":1,"covered":0,"skipped":0,"pct":0}}
,"/home/runner/work/obsidian-prj/obsidian-prj/src/libs/ContextMenus/ContextMenu.ts": {"lines":{"total":26,"covered":0,"skipped":0,"pct":0},"functions":{"total":9,"covered":0,"skipped":0,"pct":0},"statements":{"total":26,"covered":0,"skipped":0,"pct":0},"branches":{"total":26,"covered":0,"skipped":0,"pct":0}}
,"/home/runner/work/obsidian-prj/obsidian-prj/src/libs/ContextMenus/CopyMarkdownLink.ts": {"lines":{"total":27,"covered":0,"skipped":0,"pct":0},"functions":{"total":10,"covered":0,"skipped":0,"pct":0},"statements":{"total":29,"covered":0,"skipped":0,"pct":0},"branches":{"total":2,"covered":0,"skipped":0,"pct":0}}
,"/home/runner/work/obsidian-prj/obsidian-prj/src/libs/ContextMenus/GetMetadata.ts": {"lines":{"total":51,"covered":0,"skipped":0,"pct":0},"functions":{"total":13,"covered":0,"skipped":0,"pct":0},"statements":{"total":53,"covered":0,"skipped":0,"pct":0},"branches":{"total":31,"covered":0,"skipped":0,"pct":0}}
,"/home/runner/work/obsidian-prj/obsidian-prj/src/libs/CustomizableRenderChild/CustomizableRenderChild.ts": {"lines":{"total":12,"covered":12,"skipped":0,"pct":100},"functions":{"total":3,"covered":3,"skipped":0,"pct":100},"statements":{"total":12,"covered":12,"skipped":0,"pct":100},"branches":{"total":20,"covered":20,"skipped":0,"pct":100}}
,"/home/runner/work/obsidian-prj/obsidian-prj/src/libs/DependencyInjection/DIContainer.ts": {"lines":{"total":13,"covered":12,"skipped":0,"pct":92.3},"functions":{"total":4,"covered":4,"skipped":0,"pct":100},"statements":{"total":13,"covered":12,"skipped":0,"pct":92.3},"branches":{"total":7,"covered":6,"skipped":0,"pct":85.71}}
,"/home/runner/work/obsidian-prj/obsidian-prj/src/libs/DependencyInjection/__tests__/IDIContainer.spec.ts": {"lines":{"total":13,"covered":13,"skipped":0,"pct":100},"functions":{"total":6,"covered":6,"skipped":0,"pct":100},"statements":{"total":14,"covered":14,"skipped":0,"pct":100},"branches":{"total":0,"covered":0,"skipped":0,"pct":100}}
,"/home/runner/work/obsidian-prj/obsidian-prj/src/libs/EditableDataView/EditableDataView.ts": {"lines":{"total":39,"covered":0,"skipped":0,"pct":0},"functions":{"total":6,"covered":0,"skipped":0,"pct":0},"statements":{"total":39,"covered":0,"skipped":0,"pct":0},"branches":{"total":20,"covered":0,"skipped":0,"pct":0}}
,"/home/runner/work/obsidian-prj/obsidian-prj/src/libs/EditableDataView/Components/BaseComponent.ts": {"lines":{"total":82,"covered":0,"skipped":0,"pct":0},"functions":{"total":15,"covered":0,"skipped":0,"pct":0},"statements":{"total":82,"covered":0,"skipped":0,"pct":0},"branches":{"total":53,"covered":0,"skipped":0,"pct":0}}
,"/home/runner/work/obsidian-prj/obsidian-prj/src/libs/EditableDataView/Components/DateComponent.ts": {"lines":{"total":37,"covered":0,"skipped":0,"pct":0},"functions":{"total":11,"covered":0,"skipped":0,"pct":0},"statements":{"total":37,"covered":0,"skipped":0,"pct":0},"branches":{"total":10,"covered":0,"skipped":0,"pct":0}}
,"/home/runner/work/obsidian-prj/obsidian-prj/src/libs/EditableDataView/Components/DropdownComponent.ts": {"lines":{"total":60,"covered":0,"skipped":0,"pct":0},"functions":{"total":20,"covered":0,"skipped":0,"pct":0},"statements":{"total":63,"covered":0,"skipped":0,"pct":0},"branches":{"total":18,"covered":0,"skipped":0,"pct":0}}
,"/home/runner/work/obsidian-prj/obsidian-prj/src/libs/EditableDataView/Components/LinkComponent.ts": {"lines":{"total":98,"covered":0,"skipped":0,"pct":0},"functions":{"total":21,"covered":0,"skipped":0,"pct":0},"statements":{"total":100,"covered":0,"skipped":0,"pct":0},"branches":{"total":51,"covered":0,"skipped":0,"pct":0}}
,"/home/runner/work/obsidian-prj/obsidian-prj/src/libs/EditableDataView/Components/SuggestionComponent.ts": {"lines":{"total":117,"covered":0,"skipped":0,"pct":0},"functions":{"total":21,"covered":0,"skipped":0,"pct":0},"statements":{"total":117,"covered":0,"skipped":0,"pct":0},"branches":{"total":127,"covered":0,"skipped":0,"pct":0}}
,"/home/runner/work/obsidian-prj/obsidian-prj/src/libs/EditableDataView/Components/TextComponent.ts": {"lines":{"total":76,"covered":0,"skipped":0,"pct":0},"functions":{"total":20,"covered":0,"skipped":0,"pct":0},"statements":{"total":77,"covered":0,"skipped":0,"pct":0},"branches":{"total":38,"covered":0,"skipped":0,"pct":0}}
,"/home/runner/work/obsidian-prj/obsidian-prj/src/libs/EditableDataView/Components/TextareaComponent.ts": {"lines":{"total":70,"covered":0,"skipped":0,"pct":0},"functions":{"total":17,"covered":0,"skipped":0,"pct":0},"statements":{"total":71,"covered":0,"skipped":0,"pct":0},"branches":{"total":25,"covered":0,"skipped":0,"pct":0}}
,"/home/runner/work/obsidian-prj/obsidian-prj/src/libs/Helper/General.ts": {"lines":{"total":58,"covered":54,"skipped":0,"pct":93.1},"functions":{"total":13,"covered":12,"skipped":0,"pct":92.3},"statements":{"total":64,"covered":59,"skipped":0,"pct":92.18},"branches":{"total":22,"covered":19,"skipped":0,"pct":86.36}}
,"/home/runner/work/obsidian-prj/obsidian-prj/src/libs/Helper/Obsidian.ts": {"lines":{"total":31,"covered":31,"skipped":0,"pct":100},"functions":{"total":8,"covered":8,"skipped":0,"pct":100},"statements":{"total":33,"covered":33,"skipped":0,"pct":100},"branches":{"total":22,"covered":21,"skipped":0,"pct":95.45}}
,"/home/runner/work/obsidian-prj/obsidian-prj/src/libs/KanbanSync/KanbanMarkdownGenerator.ts": {"lines":{"total":35,"covered":0,"skipped":0,"pct":0},"functions":{"total":10,"covered":0,"skipped":0,"pct":0},"statements":{"total":35,"covered":0,"skipped":0,"pct":0},"branches":{"total":15,"covered":0,"skipped":0,"pct":0}}
,"/home/runner/work/obsidian-prj/obsidian-prj/src/libs/KanbanSync/KanbanModels.ts": {"lines":{"total":88,"covered":0,"skipped":0,"pct":0},"functions":{"total":24,"covered":0,"skipped":0,"pct":0},"statements":{"total":88,"covered":0,"skipped":0,"pct":0},"branches":{"total":22,"covered":0,"skipped":0,"pct":0}}
,"/home/runner/work/obsidian-prj/obsidian-prj/src/libs/KanbanSync/KanbanParser.ts": {"lines":{"total":53,"covered":0,"skipped":0,"pct":0},"functions":{"total":5,"covered":0,"skipped":0,"pct":0},"statements":{"total":53,"covered":0,"skipped":0,"pct":0},"branches":{"total":11,"covered":0,"skipped":0,"pct":0}}
,"/home/runner/work/obsidian-prj/obsidian-prj/src/libs/KanbanSync/KanbanSync.ts": {"lines":{"total":74,"covered":0,"skipped":0,"pct":0},"functions":{"total":13,"covered":0,"skipped":0,"pct":0},"statements":{"total":75,"covered":0,"skipped":0,"pct":0},"branches":{"total":55,"covered":0,"skipped":0,"pct":0}}
,"/home/runner/work/obsidian-prj/obsidian-prj/src/libs/KanbanSync/KanbanTypes.ts": {"lines":{"total":2,"covered":0,"skipped":0,"pct":0},"functions":{"total":0,"covered":0,"skipped":0,"pct":100},"statements":{"total":2,"covered":0,"skipped":0,"pct":0},"branches":{"total":0,"covered":0,"skipped":0,"pct":100}}
,"/home/runner/work/obsidian-prj/obsidian-prj/src/libs/LifecycleManager/LifecycleManager.ts": {"lines":{"total":32,"covered":32,"skipped":0,"pct":100},"functions":{"total":13,"covered":13,"skipped":0,"pct":100},"statements":{"total":34,"covered":34,"skipped":0,"pct":100},"branches":{"total":22,"covered":18,"skipped":0,"pct":81.81}}
,"/home/runner/work/obsidian-prj/obsidian-prj/src/libs/LifecycleManager/decorators/Lifecycle.ts": {"lines":{"total":40,"covered":40,"skipped":0,"pct":100},"functions":{"total":6,"covered":6,"skipped":0,"pct":100},"statements":{"total":40,"covered":40,"skipped":0,"pct":100},"branches":{"total":11,"covered":10,"skipped":0,"pct":90.9}}
,"/home/runner/work/obsidian-prj/obsidian-prj/src/libs/Modals/AddAnnotationModal.ts": {"lines":{"total":46,"covered":0,"skipped":0,"pct":0},"functions":{"total":7,"covered":0,"skipped":0,"pct":0},"statements":{"total":50,"covered":0,"skipped":0,"pct":0},"branches":{"total":30,"covered":0,"skipped":0,"pct":0}}
,"/home/runner/work/obsidian-prj/obsidian-prj/src/libs/Modals/BaseModalForm.ts": {"lines":{"total":39,"covered":0,"skipped":0,"pct":0},"functions":{"total":6,"covered":0,"skipped":0,"pct":0},"statements":{"total":41,"covered":0,"skipped":0,"pct":0},"branches":{"total":18,"covered":0,"skipped":0,"pct":0}}
,"/home/runner/work/obsidian-prj/obsidian-prj/src/libs/Modals/ChangeStatusModal.ts": {"lines":{"total":44,"covered":0,"skipped":0,"pct":0},"functions":{"total":10,"covered":0,"skipped":0,"pct":0},"statements":{"total":44,"covered":0,"skipped":0,"pct":0},"branches":{"total":15,"covered":0,"skipped":0,"pct":0}}
,"/home/runner/work/obsidian-prj/obsidian-prj/src/libs/Modals/CreateNewMetadataModal.ts": {"lines":{"total":77,"covered":0,"skipped":0,"pct":0},"functions":{"total":7,"covered":0,"skipped":0,"pct":0},"statements":{"total":81,"covered":0,"skipped":0,"pct":0},"branches":{"total":35,"covered":0,"skipped":0,"pct":0}}
,"/home/runner/work/obsidian-prj/obsidian-prj/src/libs/Modals/CreateNewNoteModal.ts": {"lines":{"total":62,"covered":0,"skipped":0,"pct":0},"functions":{"total":7,"covered":0,"skipped":0,"pct":0},"statements":{"total":66,"covered":0,"skipped":0,"pct":0},"branches":{"total":33,"covered":0,"skipped":0,"pct":0}}
,"/home/runner/work/obsidian-prj/obsidian-prj/src/libs/Modals/CreateNewProjectModal.ts": {"lines":{"total":32,"covered":0,"skipped":0,"pct":0},"functions":{"total":6,"covered":0,"skipped":0,"pct":0},"statements":{"total":33,"covered":0,"skipped":0,"pct":0},"branches":{"total":13,"covered":0,"skipped":0,"pct":0}}
,"/home/runner/work/obsidian-prj/obsidian-prj/src/libs/Modals/CreateNewTaskManagementModal.ts": {"lines":{"total":135,"covered":0,"skipped":0,"pct":0},"functions":{"total":12,"covered":0,"skipped":0,"pct":0},"statements":{"total":138,"covered":0,"skipped":0,"pct":0},"branches":{"total":62,"covered":0,"skipped":0,"pct":0}}
,"/home/runner/work/obsidian-prj/obsidian-prj/src/libs/Modals/CreateNewTaskModal.ts": {"lines":{"total":32,"covered":0,"skipped":0,"pct":0},"functions":{"total":6,"covered":0,"skipped":0,"pct":0},"statements":{"total":33,"covered":0,"skipped":0,"pct":0},"branches":{"total":13,"covered":0,"skipped":0,"pct":0}}
,"/home/runner/work/obsidian-prj/obsidian-prj/src/libs/ProxyHandler/ProxyHandler.ts": {"lines":{"total":69,"covered":69,"skipped":0,"pct":100},"functions":{"total":16,"covered":16,"skipped":0,"pct":100},"statements":{"total":70,"covered":70,"skipped":0,"pct":100},"branches":{"total":44,"covered":44,"skipped":0,"pct":100}}
,"/home/runner/work/obsidian-prj/obsidian-prj/src/libs/Search/Search.ts": {"lines":{"total":8,"covered":0,"skipped":0,"pct":0},"functions":{"total":3,"covered":0,"skipped":0,"pct":0},"statements":{"total":8,"covered":0,"skipped":0,"pct":0},"branches":{"total":9,"covered":0,"skipped":0,"pct":0}}
,"/home/runner/work/obsidian-prj/obsidian-prj/src/libs/Search/SearchElement.ts": {"lines":{"total":8,"covered":8,"skipped":0,"pct":100},"functions":{"total":5,"covered":5,"skipped":0,"pct":100},"statements":{"total":8,"covered":8,"skipped":0,"pct":100},"branches":{"total":1,"covered":1,"skipped":0,"pct":100}}
,"/home/runner/work/obsidian-prj/obsidian-prj/src/libs/Search/SearchOperator.ts": {"lines":{"total":6,"covered":6,"skipped":0,"pct":100},"functions":{"total":4,"covered":4,"skipped":0,"pct":100},"statements":{"total":6,"covered":6,"skipped":0,"pct":100},"branches":{"total":0,"covered":0,"skipped":0,"pct":100}}
,"/home/runner/work/obsidian-prj/obsidian-prj/src/libs/Search/SearchOperatorTypes.ts": {"lines":{"total":2,"covered":2,"skipped":0,"pct":100},"functions":{"total":0,"covered":0,"skipped":0,"pct":100},"statements":{"total":2,"covered":2,"skipped":0,"pct":100},"branches":{"total":0,"covered":0,"skipped":0,"pct":100}}
,"/home/runner/work/obsidian-prj/obsidian-prj/src/libs/Search/SearchParser.ts": {"lines":{"total":58,"covered":58,"skipped":0,"pct":100},"functions":{"total":8,"covered":8,"skipped":0,"pct":100},"statements":{"total":60,"covered":60,"skipped":0,"pct":100},"branches":{"total":27,"covered":27,"skipped":0,"pct":100}}
,"/home/runner/work/obsidian-prj/obsidian-prj/src/libs/Search/SearchQuery.ts": {"lines":{"total":29,"covered":29,"skipped":0,"pct":100},"functions":{"total":6,"covered":6,"skipped":0,"pct":100},"statements":{"total":30,"covered":30,"skipped":0,"pct":100},"branches":{"total":20,"covered":20,"skipped":0,"pct":100}}
,"/home/runner/work/obsidian-prj/obsidian-prj/src/libs/Search/SearchTerm.ts": {"lines":{"total":6,"covered":6,"skipped":0,"pct":100},"functions":{"total":4,"covered":4,"skipped":0,"pct":100},"statements":{"total":6,"covered":6,"skipped":0,"pct":100},"branches":{"total":0,"covered":0,"skipped":0,"pct":100}}
,"/home/runner/work/obsidian-prj/obsidian-prj/src/libs/SingletonBlockProcessor/SingletonBlockProcessor.ts": {"lines":{"total":75,"covered":49,"skipped":0,"pct":65.33},"functions":{"total":16,"covered":15,"skipped":0,"pct":93.75},"statements":{"total":75,"covered":49,"skipped":0,"pct":65.33},"branches":{"total":113,"covered":59,"skipped":0,"pct":52.21}}
,"/home/runner/work/obsidian-prj/obsidian-prj/src/libs/Tags/Tag.ts": {"lines":{"total":52,"covered":48,"skipped":0,"pct":92.3},"functions":{"total":19,"covered":17,"skipped":0,"pct":89.47},"statements":{"total":55,"covered":51,"skipped":0,"pct":92.72},"branches":{"total":34,"covered":27,"skipped":0,"pct":79.41}}
,"/home/runner/work/obsidian-prj/obsidian-prj/src/libs/Tags/Tags.ts": {"lines":{"total":94,"covered":89,"skipped":0,"pct":94.68},"functions":{"total":42,"covered":37,"skipped":0,"pct":88.09},"statements":{"total":103,"covered":96,"skipped":0,"pct":93.2},"branches":{"total":70,"covered":64,"skipped":0,"pct":91.42}}
,"/home/runner/work/obsidian-prj/obsidian-prj/src/libs/TranslationService/TranslationService.ts": {"lines":{"total":22,"covered":22,"skipped":0,"pct":100},"functions":{"total":5,"covered":5,"skipped":0,"pct":100},"statements":{"total":22,"covered":22,"skipped":0,"pct":100},"branches":{"total":13,"covered":13,"skipped":0,"pct":100}}
,"/home/runner/work/obsidian-prj/obsidian-prj/src/libs/Wikilink/Wikilink.ts": {"lines":{"total":26,"covered":25,"skipped":0,"pct":96.15},"functions":{"total":6,"covered":5,"skipped":0,"pct":83.33},"statements":{"total":28,"covered":27,"skipped":0,"pct":96.42},"branches":{"total":18,"covered":17,"skipped":0,"pct":94.44}}
,"/home/runner/work/obsidian-prj/obsidian-prj/src/models/BaseModel.ts": {"lines":{"total":5,"covered":0,"skipped":0,"pct":0},"functions":{"total":1,"covered":0,"skipped":0,"pct":0},"statements":{"total":5,"covered":0,"skipped":0,"pct":0},"branches":{"total":4,"covered":0,"skipped":0,"pct":0}}
,"/home/runner/work/obsidian-prj/obsidian-prj/src/models/DocumentModel.ts": {"lines":{"total":164,"covered":0,"skipped":0,"pct":0},"functions":{"total":38,"covered":0,"skipped":0,"pct":0},"statements":{"total":167,"covered":0,"skipped":0,"pct":0},"branches":{"total":195,"covered":0,"skipped":0,"pct":0}}
,"/home/runner/work/obsidian-prj/obsidian-prj/src/models/FileModel.ts": {"lines":{"total":88,"covered":0,"skipped":0,"pct":0},"functions":{"total":19,"covered":0,"skipped":0,"pct":0},"statements":{"total":92,"covered":0,"skipped":0,"pct":0},"branches":{"total":76,"covered":0,"skipped":0,"pct":0}}
,"/home/runner/work/obsidian-prj/obsidian-prj/src/models/NoteModel.ts": {"lines":{"total":35,"covered":0,"skipped":0,"pct":0},"functions":{"total":7,"covered":0,"skipped":0,"pct":0},"statements":{"total":35,"covered":0,"skipped":0,"pct":0},"branches":{"total":15,"covered":0,"skipped":0,"pct":0}}
,"/home/runner/work/obsidian-prj/obsidian-prj/src/models/PrjTaskManagementModel.ts": {"lines":{"total":154,"covered":0,"skipped":0,"pct":0},"functions":{"total":19,"covered":0,"skipped":0,"pct":0},"statements":{"total":159,"covered":0,"skipped":0,"pct":0},"branches":{"total":113,"covered":0,"skipped":0,"pct":0}}
,"/home/runner/work/obsidian-prj/obsidian-prj/src/models/ProjectModel.ts": {"lines":{"total":12,"covered":0,"skipped":0,"pct":0},"functions":{"total":4,"covered":0,"skipped":0,"pct":0},"statements":{"total":14,"covered":0,"skipped":0,"pct":0},"branches":{"total":0,"covered":0,"skipped":0,"pct":100}}
,"/home/runner/work/obsidian-prj/obsidian-prj/src/models/TaskModel.ts": {"lines":{"total":40,"covered":0,"skipped":0,"pct":0},"functions":{"total":11,"covered":0,"skipped":0,"pct":0},"statements":{"total":42,"covered":0,"skipped":0,"pct":0},"branches":{"total":51,"covered":0,"skipped":0,"pct":0}}
,"/home/runner/work/obsidian-prj/obsidian-prj/src/models/TopicModel.ts": {"lines":{"total":12,"covered":0,"skipped":0,"pct":0},"functions":{"total":4,"covered":0,"skipped":0,"pct":0},"statements":{"total":14,"covered":0,"skipped":0,"pct":0},"branches":{"total":0,"covered":0,"skipped":0,"pct":100}}
,"/home/runner/work/obsidian-prj/obsidian-prj/src/models/TransactionModel.ts": {"lines":{"total":57,"covered":51,"skipped":0,"pct":89.47},"functions":{"total":13,"covered":11,"skipped":0,"pct":84.61},"statements":{"total":57,"covered":51,"skipped":0,"pct":89.47},"branches":{"total":56,"covered":34,"skipped":0,"pct":60.71}}
,"/home/runner/work/obsidian-prj/obsidian-prj/src/models/Data/BaseData.ts": {"lines":{"total":20,"covered":0,"skipped":0,"pct":0},"functions":{"total":6,"covered":0,"skipped":0,"pct":0},"statements":{"total":21,"covered":0,"skipped":0,"pct":0},"branches":{"total":12,"covered":0,"skipped":0,"pct":0}}
,"/home/runner/work/obsidian-prj/obsidian-prj/src/models/Data/DocumentData.ts": {"lines":{"total":30,"covered":0,"skipped":0,"pct":0},"functions":{"total":5,"covered":0,"skipped":0,"pct":0},"statements":{"total":30,"covered":0,"skipped":0,"pct":0},"branches":{"total":6,"covered":0,"skipped":0,"pct":0}}
,"/home/runner/work/obsidian-prj/obsidian-prj/src/models/Data/NoteData.ts": {"lines":{"total":18,"covered":0,"skipped":0,"pct":0},"functions":{"total":5,"covered":0,"skipped":0,"pct":0},"statements":{"total":18,"covered":0,"skipped":0,"pct":0},"branches":{"total":6,"covered":0,"skipped":0,"pct":0}}
,"/home/runner/work/obsidian-prj/obsidian-prj/src/models/Data/ProjectData.ts": {"lines":{"total":24,"covered":0,"skipped":0,"pct":0},"functions":{"total":5,"covered":0,"skipped":0,"pct":0},"statements":{"total":24,"covered":0,"skipped":0,"pct":0},"branches":{"total":6,"covered":0,"skipped":0,"pct":0}}
,"/home/runner/work/obsidian-prj/obsidian-prj/src/models/Data/TaskData.ts": {"lines":{"total":25,"covered":0,"skipped":0,"pct":0},"functions":{"total":5,"covered":0,"skipped":0,"pct":0},"statements":{"total":25,"covered":0,"skipped":0,"pct":0},"branches":{"total":6,"covered":0,"skipped":0,"pct":0}}
,"/home/runner/work/obsidian-prj/obsidian-prj/src/models/Data/TopicData.ts": {"lines":{"total":24,"covered":0,"skipped":0,"pct":0},"functions":{"total":5,"covered":0,"skipped":0,"pct":0},"statements":{"total":24,"covered":0,"skipped":0,"pct":0},"branches":{"total":6,"covered":0,"skipped":0,"pct":0}}
,"/home/runner/work/obsidian-prj/obsidian-prj/src/translations/Translations.ts": {"lines":{"total":2,"covered":0,"skipped":0,"pct":0},"functions":{"total":0,"covered":0,"skipped":0,"pct":100},"statements":{"total":2,"covered":0,"skipped":0,"pct":0},"branches":{"total":0,"covered":0,"skipped":0,"pct":100}}
,"/home/runner/work/obsidian-prj/obsidian-prj/src/types/PrjSettings.ts": {"lines":{"total":1,"covered":1,"skipped":0,"pct":100},"functions":{"total":0,"covered":0,"skipped":0,"pct":100},"statements":{"total":1,"covered":1,"skipped":0,"pct":100},"branches":{"total":0,"covered":0,"skipped":0,"pct":100}}
,"/home/runner/work/obsidian-prj/obsidian-prj/src/types/PrjTypes.ts": {"lines":{"total":37,"covered":0,"skipped":0,"pct":0},"functions":{"total":12,"covered":0,"skipped":0,"pct":0},"statements":{"total":37,"covered":0,"skipped":0,"pct":0},"branches":{"total":33,"covered":0,"skipped":0,"pct":0}}
,"/home/runner/work/obsidian-prj/obsidian-prj/src/types/FileType/FileType.ts": {"lines":{"total":24,"covered":23,"skipped":0,"pct":95.83},"functions":{"total":12,"covered":11,"skipped":0,"pct":91.66},"statements":{"total":25,"covered":24,"skipped":0,"pct":96},"branches":{"total":26,"covered":23,"skipped":0,"pct":88.46}}
}
