TN:
SF:obsidian-prj/src/main.ts
FN:29,(anonymous_0)
FN:37,(anonymous_1)
FN:44,(anonymous_3)
FN:52,(anonymous_4)
FN:60,(anonymous_5)
FN:63,(anonymous_6)
FN:67,(anonymous_7)
FN:72,(anonymous_8)
FN:81,(anonymous_9)
FN:97,(anonymous_11)
FN:108,(anonymous_12)
FN:130,(anonymous_13)
FN:138,(anonymous_14)
FN:146,(anonymous_15)
FN:161,(anonymous_16)
FN:161,(anonymous_17)
FN:170,(anonymous_18)
FN:194,(anonymous_19)
FN:205,(anonymous_20)
FN:216,(anonymous_22)
FNF:20
FNH:0
FNDA:0,(anonymous_0)
FNDA:0,(anonymous_1)
FNDA:0,(anonymous_3)
FNDA:0,(anonymous_4)
FNDA:0,(anonymous_5)
FNDA:0,(anonymous_6)
FNDA:0,(anonymous_7)
FNDA:0,(anonymous_8)
FNDA:0,(anonymous_9)
FNDA:0,(anonymous_11)
FNDA:0,(anonymous_12)
FNDA:0,(anonymous_13)
FNDA:0,(anonymous_14)
FNDA:0,(anonymous_15)
FNDA:0,(anonymous_16)
FNDA:0,(anonymous_17)
FNDA:0,(anonymous_18)
FNDA:0,(anonymous_19)
FNDA:0,(anonymous_20)
FNDA:0,(anonymous_22)
DA:1,0
DA:2,0
DA:4,0
DA:5,0
DA:6,0
DA:7,0
DA:8,0
DA:10,0
DA:11,0
DA:12,0
DA:13,0
DA:14,0
DA:15,0
DA:16,0
DA:17,0
DA:18,0
DA:19,0
DA:20,0
DA:21,0
DA:22,0
DA:24,0
DA:29,0
DA:32,0
DA:39,0
DA:40,0
DA:42,0
DA:44,0
DA:46,0
DA:49,0
DA:54,0
DA:57,0
DA:60,0
DA:63,0
DA:64,0
DA:67,0
DA:69,0
DA:70,0
DA:72,0
DA:73,0
DA:82,0
DA:83,0
DA:89,0
DA:97,0
DA:99,0
DA:102,0
DA:110,0
DA:113,0
DA:115,0
DA:117,0
DA:119,0
DA:121,0
DA:124,0
DA:128,0
DA:131,0
DA:136,0
DA:139,0
DA:144,0
DA:147,0
DA:152,0
DA:155,0
DA:161,0
DA:162,0
DA:171,0
DA:173,0
DA:178,0
DA:180,0
DA:185,0
DA:186,0
DA:188,0
DA:196,0
DA:197,0
DA:199,0
DA:206,0
DA:217,0
LF:74
LH:0
BRDA:69,0,0,0
BRDA:69,0,1,0
BRF:2
BRH:0
end_of_record
TN:
SF:obsidian-prj/src/classes/Global.ts
FN:24,(anonymous_0)
FN:48,(anonymous_1)
FN:57,(anonymous_3)
FN:70,(anonymous_4)
FNF:4
FNH:0
FNDA:0,(anonymous_0)
FNDA:0,(anonymous_1)
FNDA:0,(anonymous_3)
FNDA:0,(anonymous_4)
DA:4,0
DA:5,0
DA:10,0
DA:16,0
DA:25,0
DA:26,0
DA:28,0
DA:31,0
DA:34,0
DA:36,0
DA:39,0
DA:42,0
DA:49,0
DA:50,0
DA:51,0
DA:58,0
DA:75,0
DA:76,0
DA:77,0
DA:81,0
DA:84,0
LF:21
LH:0
BRDA:25,0,0,0
BRDA:71,1,0,0
BRDA:72,2,0,0
BRDA:73,3,0,0
BRDA:75,4,0,0
BRDA:76,5,0,0
BRDA:76,6,0,0
BRDA:76,6,1,0
BRDA:76,6,2,0
BRF:9
BRH:0
end_of_record
TN:
SF:obsidian-prj/src/classes/Logging.ts
FN:7,(anonymous_0)
FN:37,(anonymous_1)
FN:52,(anonymous_2)
FN:66,(anonymous_3)
FN:74,(anonymous_4)
FN:105,(anonymous_5)
FN:118,(anonymous_6)
FN:136,(anonymous_7)
FN:146,(anonymous_8)
FN:153,(anonymous_9)
FN:160,(anonymous_10)
FN:166,(anonymous_11)
FN:172,(anonymous_12)
FN:179,(anonymous_13)
FN:189,(anonymous_14)
FN:198,(anonymous_15)
FN:208,(anonymous_16)
FN:218,(anonymous_17)
FN:228,(anonymous_18)
FN:238,(anonymous_19)
FN:248,(anonymous_20)
FN:257,(anonymous_21)
FN:269,(anonymous_22)
FNF:23
FNH:22
FNDA:1,(anonymous_0)
FNDA:4,(anonymous_1)
FNDA:12,(anonymous_2)
FNDA:15,(anonymous_3)
FNDA:15,(anonymous_4)
FNDA:7,(anonymous_5)
FNDA:2,(anonymous_6)
FNDA:2,(anonymous_7)
FNDA:1,(anonymous_8)
FNDA:1,(anonymous_9)
FNDA:2,(anonymous_10)
FNDA:1,(anonymous_11)
FNDA:1,(anonymous_12)
FNDA:0,(anonymous_13)
FNDA:13,(anonymous_14)
FNDA:2,(anonymous_15)
FNDA:2,(anonymous_16)
FNDA:5,(anonymous_17)
FNDA:3,(anonymous_18)
FNDA:4,(anonymous_19)
FNDA:17,(anonymous_20)
FNDA:80,(anonymous_21)
FNDA:15,(anonymous_22)
DA:7,1
DA:8,1
DA:9,1
DA:10,1
DA:11,1
DA:12,1
DA:13,1
DA:30,1
DA:38,4
DA:53,12
DA:54,12
DA:56,12
DA:57,2
DA:59,12
DA:67,15
DA:75,15
DA:77,15
DA:78,15
DA:79,15
DA:80,15
DA:81,15
DA:83,15
DA:84,2
DA:86,15
DA:87,3
DA:89,15
DA:90,11
DA:92,15
DA:93,12
DA:95,15
DA:96,13
DA:98,15
DA:106,7
DA:107,1
DA:110,7
DA:119,2
DA:120,2
DA:122,2
DA:127,2
DA:140,2
DA:147,1
DA:154,1
DA:160,2
DA:166,1
DA:173,1
DA:180,0
DA:199,2
DA:200,2
DA:209,2
DA:210,2
DA:219,5
DA:220,5
DA:229,3
DA:230,3
DA:239,4
DA:240,4
DA:249,17
DA:258,80
DA:270,15
DA:272,2
DA:274,2
DA:276,1
DA:278,4
DA:280,1
DA:282,1
DA:284,4
LF:66
LH:65
BRDA:7,0,0,1
BRDA:7,0,1,1
BRDA:52,1,0,11
BRDA:53,2,0,1
BRDA:53,2,1,11
BRDA:56,3,0,2
BRDA:83,4,0,2
BRDA:86,5,0,3
BRDA:89,6,0,11
BRDA:92,7,0,12
BRDA:95,8,0,13
BRDA:106,9,0,1
BRDA:259,10,0,80
BRDA:259,10,1,70
BRDA:270,11,0,2
BRDA:270,11,1,2
BRDA:270,11,2,1
BRDA:270,11,3,4
BRDA:270,11,4,1
BRDA:270,11,5,1
BRDA:270,11,6,4
BRF:21
BRH:21
end_of_record
TN:
SF:obsidian-prj/src/classes/Path.ts
FN:12,(anonymous_0)
FN:14,(anonymous_1)
FN:25,(anonymous_2)
FN:41,(anonymous_3)
FNF:4
FNH:4
FNDA:19,(anonymous_0)
FNDA:46,(anonymous_1)
FNDA:46,(anonymous_2)
FNDA:6,(anonymous_3)
DA:4,1
DA:13,19
DA:16,46
DA:19,46
DA:20,28
DA:23,46
DA:25,46
DA:42,6
LF:8
LH:8
BRDA:19,0,0,28
BRF:1
BRH:1
end_of_record
TN:
SF:obsidian-prj/src/classes/decorators/FieldConfigDecorator.ts
FN:20,isIFieldConfig_
FN:41,fieldConfig
FN:42,(anonymous_2)
FN:65,(anonymous_3)
FNF:4
FNH:4
FNDA:5,isIFieldConfig_
FNDA:5,fieldConfig
FNDA:5,(anonymous_2)
FNDA:1,(anonymous_3)
DA:6,1
DA:21,5
DA:41,1
DA:42,5
DA:44,5
DA:50,0
DA:56,5
DA:57,4
DA:61,5
DA:64,5
DA:65,1
DA:69,5
DA:72,5
LF:13
LH:12
BRDA:44,0,0,0
BRDA:45,1,0,5
BRDA:45,1,1,5
BRDA:45,1,2,5
BRDA:45,1,3,5
BRDA:56,2,0,4
BRDA:69,3,0,5
BRF:7
BRH:6
end_of_record
TN:
SF:obsidian-prj/src/classes/decorators/Helper.ts
FN:7,copyStaticProperties
FN:16,(anonymous_1)
FNF:2
FNH:2
FNDA:11,copyStaticProperties
FNDA:83,(anonymous_1)
DA:7,8
DA:11,11
DA:13,11
DA:14,14
DA:17,83
DA:18,69
DA:23,69
DA:24,55
DA:28,14
DA:31,11
LF:10
LH:10
BRDA:13,0,0,25
BRDA:13,0,1,25
BRDA:17,1,0,69
BRDA:23,2,0,55
BRDA:23,3,0,69
BRDA:23,3,1,55
BRF:6
BRH:6
end_of_record
TN:
SF:obsidian-prj/src/classes/decorators/ImplementsStatic.ts
FN:5,ImplementsStatic
FN:6,(anonymous_1)
FNF:2
FNH:2
FNDA:22,ImplementsStatic
FNDA:22,(anonymous_1)
DA:5,8
DA:6,22
LF:2
LH:2
BRF:0
BRH:0
end_of_record
TN:
SF:obsidian-prj/src/classes/decorators/Singleton.ts
FN:27,Singleton
FN:38,(anonymous_1)
FNF:2
FNH:2
FNDA:6,Singleton
FNDA:13,(anonymous_1)
DA:1,7
DA:27,7
DA:30,6
DA:38,6
DA:41,13
DA:42,6
DA:45,13
DA:49,6
DA:52,6
LF:9
LH:9
BRDA:41,0,0,6
BRF:1
BRH:1
end_of_record
TN:
SF:obsidian-prj/src/classes/decorators/ToStringFieldDecorator.ts
FN:20,isIToStringField_
FN:30,toStringField
FNF:2
FNH:2
FNDA:4,isIToStringField_
FNDA:4,toStringField
DA:6,1
DA:21,4
DA:30,1
DA:35,4
DA:41,0
DA:47,4
DA:48,3
DA:52,4
LF:8
LH:7
BRDA:35,0,0,0
BRDA:36,1,0,4
BRDA:36,1,1,4
BRDA:36,1,2,4
BRDA:36,1,3,4
BRDA:47,2,0,3
BRF:6
BRH:5
end_of_record
TN:
SF:obsidian-prj/src/libs/FileManager.ts
FN:22,(anonymous_0)
FN:73,(anonymous_2)
FN:114,(anonymous_4)
FN:156,(anonymous_6)
FN:204,(anonymous_8)
FN:213,(anonymous_9)
FNF:6
FNH:0
FNDA:0,(anonymous_0)
FNDA:0,(anonymous_2)
FNDA:0,(anonymous_4)
FNDA:0,(anonymous_6)
FNDA:0,(anonymous_8)
FNDA:0,(anonymous_9)
DA:2,0
DA:3,0
DA:4,0
DA:11,0
DA:27,0
DA:29,0
DA:30,0
DA:31,0
DA:32,0
DA:34,0
DA:37,0
DA:38,0
DA:39,0
DA:42,0
DA:47,0
DA:51,0
DA:53,0
DA:56,0
DA:61,0
DA:79,0
DA:81,0
DA:82,0
DA:84,0
DA:87,0
DA:88,0
DA:89,0
DA:92,0
DA:97,0
DA:102,0
DA:120,0
DA:122,0
DA:123,0
DA:127,0
DA:130,0
DA:132,0
DA:133,0
DA:135,0
DA:140,0
DA:143,0
DA:145,0
DA:161,0
DA:162,0
DA:164,0
DA:169,0
DA:174,0
DA:175,0
DA:177,0
DA:179,0
DA:181,0
DA:183,0
DA:191,0
DA:205,0
DA:214,0
DA:215,0
LF:54
LH:0
BRDA:29,0,0,0
BRDA:29,1,0,0
BRDA:29,1,1,0
BRDA:29,1,2,0
BRDA:29,2,0,0
BRDA:29,2,1,0
BRDA:29,3,0,0
BRDA:29,3,1,0
BRDA:30,4,0,0
BRDA:30,4,1,0
BRDA:30,5,0,0
BRDA:30,5,1,0
BRDA:31,6,0,0
BRDA:31,6,1,0
BRDA:31,7,0,0
BRDA:31,7,1,0
BRDA:32,8,0,0
BRDA:32,8,1,0
BRDA:32,9,0,0
BRDA:32,9,1,0
BRDA:32,10,0,0
BRDA:32,10,1,0
BRDA:32,11,0,0
BRDA:32,11,1,0
BRDA:37,12,0,0
BRDA:44,13,0,0
BRDA:44,13,1,0
BRDA:44,14,0,0
BRDA:44,14,1,0
BRDA:47,15,0,0
BRDA:48,16,0,0
BRDA:48,16,1,0
BRDA:81,17,0,0
BRDA:82,18,0,0
BRDA:82,18,1,0
BRDA:82,19,0,0
BRDA:82,19,1,0
BRDA:87,20,0,0
BRDA:93,21,0,0
BRDA:93,21,1,0
BRDA:93,22,0,0
BRDA:93,22,1,0
BRDA:93,23,0,0
BRDA:93,23,1,0
BRDA:93,24,0,0
BRDA:93,24,1,0
BRDA:94,25,0,0
BRDA:94,25,1,0
BRDA:94,26,0,0
BRDA:94,26,1,0
BRDA:94,27,0,0
BRDA:94,27,1,0
BRDA:94,28,0,0
BRDA:94,28,1,0
BRDA:122,29,0,0
BRDA:123,30,0,0
BRDA:123,30,1,0
BRDA:123,31,0,0
BRDA:123,31,1,0
BRDA:130,32,0,0
BRDA:130,32,1,0
BRDA:130,33,0,0
BRDA:130,33,1,0
BRDA:135,34,0,0
BRDA:135,34,1,0
BRDA:135,35,0,0
BRDA:135,35,1,0
BRDA:143,36,0,0
BRDA:143,36,1,0
BRDA:143,37,0,0
BRDA:143,37,1,0
BRDA:166,38,0,0
BRDA:166,38,1,0
BRDA:166,39,0,0
BRDA:166,39,1,0
BRDA:175,40,0,0
BRDA:175,40,1,0
BRDA:175,41,0,0
BRDA:175,41,1,0
BRDA:205,42,0,0
BRDA:205,42,1,0
BRF:81
BRH:0
end_of_record
TN:
SF:obsidian-prj/src/libs/GenericEvents.ts
FN:69,(anonymous_0)
FN:78,(anonymous_1)
FN:96,(anonymous_2)
FN:108,(anonymous_3)
FN:130,(anonymous_4)
FN:141,(anonymous_5)
FN:142,(anonymous_6)
FN:154,(anonymous_7)
FNF:8
FNH:8
FNDA:18,(anonymous_0)
FNDA:18,(anonymous_1)
FNDA:6,(anonymous_2)
FNDA:6,(anonymous_3)
FNDA:12,(anonymous_4)
FNDA:12,(anonymous_5)
FNDA:12,(anonymous_6)
FNDA:12,(anonymous_7)
DA:61,1
DA:63,18
DA:70,18
DA:87,18
DA:88,18
DA:105,6
DA:107,6
DA:109,6
DA:111,6
DA:113,6
DA:115,2
DA:120,4
DA:140,12
DA:141,12
DA:143,12
DA:144,12
DA:167,12
DA:169,12
DA:171,10
DA:175,10
DA:176,8
DA:178,8
DA:183,2
LF:23
LH:23
BRDA:88,0,0,9
BRDA:88,0,1,9
BRDA:88,1,0,18
BRDA:88,1,1,18
BRDA:109,2,0,6
BRDA:109,2,1,6
BRDA:113,3,0,2
BRDA:113,3,1,4
BRDA:115,4,0,1
BRDA:115,4,1,1
BRDA:115,5,0,2
BRDA:115,5,1,2
BRDA:120,6,0,2
BRDA:120,6,1,2
BRDA:120,7,0,4
BRDA:120,7,1,4
BRDA:144,8,0,6
BRDA:144,8,1,6
BRDA:144,9,0,12
BRDA:144,9,1,12
BRDA:171,10,0,5
BRDA:171,10,1,5
BRDA:171,11,0,10
BRDA:171,11,1,10
BRDA:175,12,0,8
BRDA:178,13,0,4
BRDA:178,13,1,4
BRDA:178,14,0,8
BRDA:178,14,1,8
BRDA:183,15,0,1
BRDA:183,15,1,1
BRDA:183,16,0,2
BRDA:183,16,1,2
BRF:33
BRH:33
end_of_record
TN:
SF:obsidian-prj/src/libs/MarkdownBlockProcessor.ts
FN:27,(anonymous_0)
FN:42,(anonymous_1)
FN:98,(anonymous_3)
FN:115,(anonymous_4)
FNF:4
FNH:0
FNDA:0,(anonymous_0)
FNDA:0,(anonymous_1)
FNDA:0,(anonymous_3)
FNDA:0,(anonymous_4)
DA:2,0
DA:4,0
DA:5,0
DA:6,0
DA:7,0
DA:8,0
DA:9,0
DA:10,0
DA:11,0
DA:12,0
DA:14,0
DA:15,0
DA:23,0
DA:28,0
DA:33,0
DA:47,0
DA:48,0
DA:49,0
DA:50,0
DA:51,0
DA:53,0
DA:55,0
DA:63,0
DA:67,0
DA:68,0
DA:69,0
DA:72,0
DA:79,0
DA:80,0
DA:82,0
DA:83,0
DA:85,0
DA:89,0
DA:92,0
DA:93,0
DA:94,0
DA:95,0
DA:97,0
DA:98,0
DA:99,0
DA:103,0
DA:109,0
DA:110,0
DA:112,0
DA:114,0
DA:115,0
DA:117,0
DA:118,0
DA:120,0
DA:121,0
DA:123,0
DA:126,0
DA:127,0
DA:131,0
DA:134,0
DA:135,0
DA:137,0
DA:138,0
DA:139,0
DA:141,0
DA:142,0
DA:143,0
DA:145,0
DA:146,0
DA:147,0
DA:149,0
DA:152,0
DA:154,0
LF:68
LH:0
BRDA:67,0,0,0
BRDA:82,1,0,0
BRDA:97,2,0,0
BRDA:114,3,0,0
BRDA:114,3,1,0
BRDA:114,4,0,0
BRDA:114,4,1,0
BRDA:120,5,0,0
BRDA:121,6,0,0
BRDA:121,6,1,0
BRDA:121,6,2,0
BRDA:121,6,3,0
BRDA:121,6,4,0
BRDA:121,6,5,0
BRDA:121,6,6,0
BRDA:121,6,7,0
BRF:16
BRH:0
end_of_record
TN:
SF:obsidian-prj/src/libs/MetadataCache.ts
FN:47,(anonymous_0)
FN:68,(anonymous_1)
FN:80,(anonymous_2)
FN:90,(anonymous_3)
FN:101,(anonymous_4)
FN:139,(anonymous_5)
FN:148,(anonymous_6)
FN:150,(anonymous_8)
FN:209,(anonymous_9)
FN:232,(anonymous_10)
FN:256,(anonymous_11)
FN:330,(anonymous_13)
FN:353,(anonymous_15)
FN:367,(anonymous_16)
FN:373,(anonymous_18)
FN:393,(anonymous_19)
FN:426,(anonymous_20)
FN:452,(anonymous_21)
FN:470,(anonymous_22)
FN:482,(anonymous_23)
FN:501,(anonymous_24)
FN:520,(anonymous_26)
FN:538,(anonymous_27)
FN:568,(anonymous_29)
FN:588,(anonymous_31)
FN:597,(anonymous_32)
FN:608,(anonymous_33)
FN:635,(anonymous_34)
FN:643,(anonymous_35)
FNF:29
FNH:0
FNDA:0,(anonymous_0)
FNDA:0,(anonymous_1)
FNDA:0,(anonymous_2)
FNDA:0,(anonymous_3)
FNDA:0,(anonymous_4)
FNDA:0,(anonymous_5)
FNDA:0,(anonymous_6)
FNDA:0,(anonymous_8)
FNDA:0,(anonymous_9)
FNDA:0,(anonymous_10)
FNDA:0,(anonymous_11)
FNDA:0,(anonymous_13)
FNDA:0,(anonymous_15)
FNDA:0,(anonymous_16)
FNDA:0,(anonymous_18)
FNDA:0,(anonymous_19)
FNDA:0,(anonymous_20)
FNDA:0,(anonymous_21)
FNDA:0,(anonymous_22)
FNDA:0,(anonymous_23)
FNDA:0,(anonymous_24)
FNDA:0,(anonymous_26)
FNDA:0,(anonymous_27)
FNDA:0,(anonymous_29)
FNDA:0,(anonymous_31)
FNDA:0,(anonymous_32)
FNDA:0,(anonymous_33)
FNDA:0,(anonymous_34)
FNDA:0,(anonymous_35)
DA:4,0
DA:7,0
DA:9,0
DA:10,0
DA:18,0
DA:27,0
DA:29,0
DA:30,0
DA:31,0
DA:32,0
DA:33,0
DA:34,0
DA:35,0
DA:36,0
DA:48,0
DA:49,0
DA:51,0
DA:55,0
DA:58,0
DA:60,0
DA:69,0
DA:70,0
DA:73,0
DA:81,0
DA:82,0
DA:83,0
DA:85,0
DA:89,0
DA:90,0
DA:91,0
DA:92,0
DA:102,0
DA:104,0
DA:105,0
DA:107,0
DA:110,0
DA:112,0
DA:113,0
DA:115,0
DA:120,0
DA:125,0
DA:127,0
DA:129,0
DA:132,0
DA:140,0
DA:149,0
DA:150,0
DA:224,0
DA:247,0
DA:261,0
DA:265,0
DA:266,0
DA:270,0
DA:274,0
DA:278,0
DA:283,0
DA:287,0
DA:294,0
DA:300,0
DA:301,0
DA:307,0
DA:309,0
DA:313,0
DA:315,0
DA:317,0
DA:320,0
DA:331,0
DA:335,0
DA:336,0
DA:340,0
DA:343,0
DA:354,0
DA:355,0
DA:356,0
DA:358,0
DA:368,0
DA:370,0
DA:371,0
DA:373,0
DA:375,0
DA:377,0
DA:379,0
DA:381,0
DA:394,0
DA:395,0
DA:397,0
DA:398,0
DA:400,0
DA:401,0
DA:403,0
DA:404,0
DA:407,0
DA:411,0
DA:414,0
DA:416,0
DA:427,0
DA:428,0
DA:430,0
DA:431,0
DA:433,0
DA:437,0
DA:440,0
DA:442,0
DA:453,0
DA:455,0
DA:456,0
DA:458,0
DA:460,0
DA:471,0
DA:483,0
DA:485,0
DA:488,0
DA:489,0
DA:490,0
DA:494,0
DA:502,0
DA:503,0
DA:505,0
DA:506,0
DA:507,0
DA:509,0
DA:512,0
DA:521,0
DA:522,0
DA:523,0
DA:525,0
DA:528,0
DA:539,0
DA:540,0
DA:542,0
DA:543,0
DA:544,0
DA:545,0
DA:546,0
DA:547,0
DA:548,0
DA:552,0
DA:555,0
DA:558,0
DA:569,0
DA:570,0
DA:571,0
DA:572,0
DA:573,0
DA:575,0
DA:578,0
DA:589,0
DA:590,0
DA:598,0
DA:599,0
DA:613,0
DA:620,0
DA:621,0
DA:623,0
DA:624,0
DA:626,0
DA:636,0
DA:637,0
DA:644,0
DA:645,0
DA:646,0
DA:647,0
DA:649,0
DA:651,0
LF:164
LH:0
BRDA:48,0,0,0
BRDA:48,0,1,0
BRDA:48,1,0,0
BRDA:48,1,1,0
BRDA:49,2,0,0
BRDA:49,2,1,0
BRDA:69,3,0,0
BRDA:89,4,0,0
BRDA:104,5,0,0
BRDA:112,6,0,0
BRDA:265,7,0,0
BRDA:274,8,0,0
BRDA:275,9,0,0
BRDA:275,9,1,0
BRDA:275,10,0,0
BRDA:275,10,1,0
BRDA:275,11,0,0
BRDA:275,11,1,0
BRDA:278,12,0,0
BRDA:278,12,1,0
BRDA:278,12,2,0
BRDA:278,12,3,0
BRDA:278,12,4,0
BRDA:278,12,5,0
BRDA:283,13,0,0
BRDA:284,14,0,0
BRDA:284,14,1,0
BRDA:284,15,0,0
BRDA:284,15,1,0
BRDA:285,16,0,0
BRDA:285,16,1,0
BRDA:285,17,0,0
BRDA:285,17,1,0
BRDA:300,18,0,0
BRDA:300,19,0,0
BRDA:300,19,1,0
BRDA:300,20,0,0
BRDA:300,20,1,0
BRDA:318,21,0,0
BRDA:318,21,1,0
BRDA:318,22,0,0
BRDA:318,22,1,0
BRDA:335,23,0,0
BRDA:354,24,0,0
BRDA:355,25,0,0
BRDA:355,25,1,0
BRDA:394,26,0,0
BRDA:394,26,1,0
BRDA:397,27,0,0
BRDA:397,27,1,0
BRDA:403,28,0,0
BRDA:427,29,0,0
BRDA:427,29,1,0
BRDA:430,30,0,0
BRDA:430,30,1,0
BRDA:452,31,0,0
BRDA:455,32,0,0
BRDA:455,32,1,0
BRDA:470,33,0,0
BRDA:472,34,0,0
BRDA:472,34,1,0
BRDA:472,35,0,0
BRDA:472,35,1,0
BRDA:488,36,0,0
BRDA:490,37,0,0
BRDA:490,37,1,0
BRDA:502,38,0,0
BRDA:502,38,1,0
BRDA:505,39,0,0
BRDA:505,39,1,0
BRDA:521,40,0,0
BRDA:521,40,1,0
BRDA:539,41,0,0
BRDA:539,41,1,0
BRDA:542,42,0,0
BRDA:542,42,1,0
BRDA:542,43,0,0
BRDA:542,43,1,0
BRDA:547,44,0,0
BRDA:547,44,1,0
BRDA:569,45,0,0
BRDA:569,45,1,0
BRDA:620,46,0,0
BRDA:623,47,0,0
BRDA:623,47,1,0
BRDA:644,48,0,0
BRF:86
BRH:0
end_of_record
TN:
SF:obsidian-prj/src/libs/Table.ts
FN:11,(anonymous_0)
FN:55,(anonymous_1)
FN:71,(anonymous_2)
FN:79,(anonymous_3)
FN:85,(anonymous_4)
FN:97,(anonymous_5)
FN:104,(anonymous_6)
FN:130,(anonymous_7)
FN:145,(anonymous_8)
FN:148,(anonymous_9)
FN:178,(anonymous_10)
FN:203,(anonymous_11)
FN:215,(anonymous_12)
FN:228,(anonymous_13)
FN:236,(anonymous_14)
FN:259,(anonymous_15)
FN:290,(anonymous_16)
FN:300,(anonymous_17)
FN:319,(anonymous_18)
FN:348,(anonymous_19)
FN:359,(anonymous_20)
FN:384,(anonymous_21)
FN:395,(anonymous_22)
FN:420,(anonymous_23)
FN:424,(anonymous_25)
FN:449,(anonymous_26)
FN:464,(anonymous_27)
FN:490,(anonymous_28)
FN:504,(anonymous_29)
FN:508,(anonymous_30)
FN:513,(anonymous_31)
FN:527,(anonymous_32)
FN:529,(anonymous_33)
FN:543,(anonymous_34)
FN:545,(anonymous_35)
FN:556,(anonymous_36)
FN:576,(anonymous_37)
FN:578,(anonymous_38)
FN:581,(anonymous_39)
FN:599,(anonymous_40)
FN:608,(anonymous_41)
FN:615,(anonymous_42)
FN:630,(anonymous_43)
FN:636,(anonymous_44)
FN:645,(anonymous_45)
FN:647,(anonymous_46)
FN:666,(anonymous_47)
FN:668,(anonymous_48)
FN:672,(anonymous_49)
FN:692,(anonymous_50)
FNF:50
FNH:0
FNDA:0,(anonymous_0)
FNDA:0,(anonymous_1)
FNDA:0,(anonymous_2)
FNDA:0,(anonymous_3)
FNDA:0,(anonymous_4)
FNDA:0,(anonymous_5)
FNDA:0,(anonymous_6)
FNDA:0,(anonymous_7)
FNDA:0,(anonymous_8)
FNDA:0,(anonymous_9)
FNDA:0,(anonymous_10)
FNDA:0,(anonymous_11)
FNDA:0,(anonymous_12)
FNDA:0,(anonymous_13)
FNDA:0,(anonymous_14)
FNDA:0,(anonymous_15)
FNDA:0,(anonymous_16)
FNDA:0,(anonymous_17)
FNDA:0,(anonymous_18)
FNDA:0,(anonymous_19)
FNDA:0,(anonymous_20)
FNDA:0,(anonymous_21)
FNDA:0,(anonymous_22)
FNDA:0,(anonymous_23)
FNDA:0,(anonymous_25)
FNDA:0,(anonymous_26)
FNDA:0,(anonymous_27)
FNDA:0,(anonymous_28)
FNDA:0,(anonymous_29)
FNDA:0,(anonymous_30)
FNDA:0,(anonymous_31)
FNDA:0,(anonymous_32)
FNDA:0,(anonymous_33)
FNDA:0,(anonymous_34)
FNDA:0,(anonymous_35)
FNDA:0,(anonymous_36)
FNDA:0,(anonymous_37)
FNDA:0,(anonymous_38)
FNDA:0,(anonymous_39)
FNDA:0,(anonymous_40)
FNDA:0,(anonymous_41)
FNDA:0,(anonymous_42)
FNDA:0,(anonymous_43)
FNDA:0,(anonymous_44)
FNDA:0,(anonymous_45)
FNDA:0,(anonymous_46)
FNDA:0,(anonymous_47)
FNDA:0,(anonymous_48)
FNDA:0,(anonymous_49)
FNDA:0,(anonymous_50)
DA:2,0
DA:7,0
DA:12,0
DA:21,0
DA:25,0
DA:26,0
DA:28,0
DA:43,0
DA:61,0
DA:62,0
DA:63,0
DA:64,0
DA:65,0
DA:72,0
DA:80,0
DA:81,0
DA:82,0
DA:84,0
DA:85,0
DA:86,0
DA:90,0
DA:91,0
DA:92,0
DA:93,0
DA:95,0
DA:97,0
DA:98,0
DA:99,0
DA:100,0
DA:101,0
DA:103,0
DA:104,0
DA:105,0
DA:108,0
DA:109,0
DA:111,0
DA:112,0
DA:114,0
DA:123,0
DA:131,0
DA:146,0
DA:148,0
DA:149,0
DA:156,0
DA:157,0
DA:159,0
DA:160,0
DA:162,0
DA:166,0
DA:184,0
DA:185,0
DA:187,0
DA:188,0
DA:190,0
DA:209,0
DA:211,0
DA:212,0
DA:214,0
DA:215,0
DA:216,0
DA:220,0
DA:221,0
DA:222,0
DA:224,0
DA:225,0
DA:228,0
DA:229,0
DA:230,0
DA:232,0
DA:236,0
DA:237,0
DA:241,0
DA:243,0
DA:244,0
DA:246,0
DA:249,0
DA:262,0
DA:263,0
DA:268,0
DA:269,0
DA:273,0
DA:274,0
DA:280,0
DA:291,0
DA:301,0
DA:304,0
DA:307,0
DA:308,0
DA:309,0
DA:310,0
DA:312,0
DA:318,0
DA:319,0
DA:321,0
DA:323,0
DA:324,0
DA:326,0
DA:328,0
DA:329,0
DA:330,0
DA:332,0
DA:338,0
DA:349,0
DA:351,0
DA:360,0
DA:362,0
DA:367,0
DA:369,0
DA:370,0
DA:371,0
DA:372,0
DA:375,0
DA:385,0
DA:387,0
DA:396,0
DA:398,0
DA:403,0
DA:405,0
DA:406,0
DA:407,0
DA:408,0
DA:411,0
DA:421,0
DA:422,0
DA:424,0
DA:425,0
DA:429,0
DA:430,0
DA:431,0
DA:432,0
DA:434,0
DA:435,0
DA:436,0
DA:440,0
DA:450,0
DA:452,0
DA:453,0
DA:454,0
DA:465,0
DA:467,0
DA:468,0
DA:470,0
DA:471,0
DA:472,0
DA:474,0
DA:491,0
DA:492,0
DA:493,0
DA:494,0
DA:496,0
DA:507,0
DA:508,0
DA:511,0
DA:512,0
DA:513,0
DA:517,0
DA:528,0
DA:529,0
DA:532,0
DA:534,0
DA:544,0
DA:545,0
DA:561,0
DA:562,0
DA:564,0
DA:565,0
DA:568,0
DA:577,0
DA:578,0
DA:581,0
DA:582,0
DA:583,0
DA:584,0
DA:586,0
DA:587,0
DA:604,0
DA:605,0
DA:607,0
DA:608,0
DA:609,0
DA:610,0
DA:611,0
DA:615,0
DA:616,0
DA:617,0
DA:618,0
DA:623,0
DA:631,0
DA:632,0
DA:634,0
DA:636,0
DA:646,0
DA:647,0
DA:649,0
DA:650,0
DA:651,0
DA:653,0
DA:654,0
DA:657,0
DA:658,0
DA:667,0
DA:668,0
DA:670,0
DA:672,0
DA:673,0
DA:675,0
DA:676,0
DA:677,0
DA:680,0
DA:681,0
DA:693,0
DA:695,0
DA:696,0
DA:698,0
DA:700,0
DA:701,0
DA:703,0
DA:704,0
DA:706,0
DA:709,0
DA:713,0
LF:221
LH:0
BRDA:84,0,0,0
BRDA:103,1,0,0
BRDA:156,2,0,0
BRDA:159,3,0,0
BRDA:159,3,1,0
BRDA:187,4,0,0
BRDA:187,4,1,0
BRDA:214,5,0,0
BRDA:220,6,0,0
BRDA:220,6,1,0
BRDA:232,7,0,0
BRDA:233,8,0,0
BRDA:233,8,1,0
BRDA:236,9,0,0
BRDA:236,9,1,0
BRDA:236,10,0,0
BRDA:236,10,1,0
BRDA:243,11,0,0
BRDA:263,12,0,0
BRDA:273,13,0,0
BRDA:273,13,1,0
BRDA:275,14,0,0
BRDA:275,14,1,0
BRDA:304,15,0,0
BRDA:304,15,1,0
BRDA:307,16,0,0
BRDA:307,16,1,0
BRDA:308,17,0,0
BRDA:312,18,0,0
BRDA:312,18,1,0
BRDA:312,19,0,0
BRDA:312,19,1,0
BRDA:328,20,0,0
BRDA:332,21,0,0
BRDA:332,21,1,0
BRDA:332,22,0,0
BRDA:332,22,1,0
BRDA:351,23,0,0
BRDA:360,24,0,0
BRDA:360,24,1,0
BRDA:360,25,0,0
BRDA:360,25,1,0
BRDA:367,26,0,0
BRDA:367,26,1,0
BRDA:367,27,0,0
BRDA:367,27,1,0
BRDA:369,28,0,0
BRDA:387,29,0,0
BRDA:396,30,0,0
BRDA:396,30,1,0
BRDA:396,31,0,0
BRDA:396,31,1,0
BRDA:403,32,0,0
BRDA:403,32,1,0
BRDA:403,33,0,0
BRDA:403,33,1,0
BRDA:405,34,0,0
BRDA:421,35,0,0
BRDA:421,35,1,0
BRDA:421,36,0,0
BRDA:421,36,1,0
BRDA:425,37,0,0
BRDA:425,37,1,0
BRDA:425,38,0,0
BRDA:425,38,1,0
BRDA:429,39,0,0
BRDA:429,39,1,0
BRDA:430,40,0,0
BRDA:430,40,1,0
BRDA:430,41,0,0
BRDA:430,41,1,0
BRDA:432,42,0,0
BRDA:432,42,1,0
BRDA:434,43,0,0
BRDA:434,43,1,0
BRDA:434,44,0,0
BRDA:434,44,1,0
BRDA:436,45,0,0
BRDA:436,45,1,0
BRDA:440,46,0,0
BRDA:452,47,0,0
BRDA:467,48,0,0
BRDA:470,49,0,0
BRDA:474,50,0,0
BRDA:474,50,1,0
BRDA:474,51,0,0
BRDA:474,51,1,0
BRDA:507,52,0,0
BRDA:507,52,1,0
BRDA:507,53,0,0
BRDA:507,53,1,0
BRDA:511,54,0,0
BRDA:528,55,0,0
BRDA:528,55,1,0
BRDA:528,56,0,0
BRDA:528,56,1,0
BRDA:532,57,0,0
BRDA:532,57,1,0
BRDA:564,58,0,0
BRDA:582,59,0,0
BRDA:582,59,1,0
BRDA:607,60,0,0
BRDA:607,60,1,0
BRDA:609,61,0,0
BRDA:616,62,0,0
BRDA:653,63,0,0
BRDA:657,64,0,0
BRDA:675,65,0,0
BRDA:676,66,0,0
BRDA:680,67,0,0
BRDA:698,68,0,0
BRDA:698,68,1,0
BRDA:698,69,0,0
BRDA:698,69,1,0
BRDA:701,70,0,0
BRDA:701,70,1,0
BRDA:704,71,0,0
BRDA:704,71,1,0
BRF:118
BRH:0
end_of_record
TN:
SF:obsidian-prj/src/libs/BaseComplexDataType/BaseComplexDataType.ts
FN:11,(anonymous_0)
FN:23,(anonymous_1)
FNF:2
FNH:2
FNDA:170,(anonymous_0)
FNDA:4,(anonymous_1)
DA:1,4
DA:11,4
DA:15,170
DA:27,4
LF:4
LH:4
BRF:0
BRH:0
end_of_record
TN:
SF:obsidian-prj/src/libs/BaseComplexDataType/isIBaseComplexDataType.ts
FN:11,isIBaseComplexDataType
FNF:1
FNH:1
FNDA:4,isIBaseComplexDataType
DA:1,2
DA:11,2
DA:14,4
LF:3
LH:3
BRDA:15,0,0,4
BRDA:15,0,1,4
BRDA:15,0,2,2
BRF:3
BRH:3
end_of_record
TN:
SF:obsidian-prj/src/libs/BaseComplexDataType/interfaces/IBaseComplexDataType.ts
FNF:0
FNH:0
DA:1,5
LF:1
LH:1
BRF:0
BRH:0
end_of_record
TN:
SF:obsidian-prj/src/libs/BlockRenderComponents/DocumentBlockRenderComponent.ts
FN:71,(anonymous_0)
FN:80,(anonymous_1)
FN:92,(anonymous_2)
FN:98,(anonymous_6)
FN:125,(anonymous_7)
FN:189,(anonymous_9)
FN:192,(anonymous_11)
FN:204,(anonymous_12)
FN:207,(anonymous_14)
FN:207,(anonymous_15)
FN:218,(anonymous_16)
FN:236,(anonymous_18)
FN:237,(anonymous_19)
FN:284,(anonymous_20)
FN:308,(anonymous_22)
FN:309,(anonymous_23)
FN:309,(anonymous_24)
FN:357,(anonymous_25)
FN:358,(anonymous_26)
FN:358,(anonymous_27)
FN:390,(anonymous_28)
FN:427,(anonymous_29)
FN:458,(anonymous_30)
FN:469,(anonymous_31)
FN:480,(anonymous_32)
FN:494,(anonymous_34)
FNF:26
FNH:0
FNDA:0,(anonymous_0)
FNDA:0,(anonymous_1)
FNDA:0,(anonymous_2)
FNDA:0,(anonymous_6)
FNDA:0,(anonymous_7)
FNDA:0,(anonymous_9)
FNDA:0,(anonymous_11)
FNDA:0,(anonymous_12)
FNDA:0,(anonymous_14)
FNDA:0,(anonymous_15)
FNDA:0,(anonymous_16)
FNDA:0,(anonymous_18)
FNDA:0,(anonymous_19)
FNDA:0,(anonymous_20)
FNDA:0,(anonymous_22)
FNDA:0,(anonymous_23)
FNDA:0,(anonymous_24)
FNDA:0,(anonymous_25)
FNDA:0,(anonymous_26)
FNDA:0,(anonymous_27)
FNDA:0,(anonymous_28)
FNDA:0,(anonymous_29)
FNDA:0,(anonymous_30)
FNDA:0,(anonymous_31)
FNDA:0,(anonymous_32)
FNDA:0,(anonymous_34)
DA:1,0
DA:2,0
DA:3,0
DA:4,0
DA:5,0
DA:6,0
DA:7,0
DA:8,0
DA:9,0
DA:10,0
DA:14,0
DA:16,0
DA:17,0
DA:24,0
DA:26,0
DA:41,0
DA:72,0
DA:73,0
DA:81,0
DA:93,0
DA:95,0
DA:98,0
DA:100,0
DA:101,0
DA:102,0
DA:103,0
DA:104,0
DA:106,0
DA:107,0
DA:108,0
DA:109,0
DA:111,0
DA:127,0
DA:128,0
DA:129,0
DA:130,0
DA:133,0
DA:134,0
DA:135,0
DA:136,0
DA:137,0
DA:138,0
DA:140,0
DA:147,0
DA:149,0
DA:156,0
DA:158,0
DA:165,0
DA:167,0
DA:173,0
DA:175,0
DA:180,0
DA:190,0
DA:191,0
DA:192,0
DA:195,0
DA:197,0
DA:205,0
DA:207,0
DA:208,0
DA:221,0
DA:222,0
DA:224,0
DA:237,0
DA:240,0
DA:241,0
DA:242,0
DA:243,0
DA:245,0
DA:246,0
DA:248,0
DA:251,0
DA:253,0
DA:255,0
DA:257,0
DA:258,0
DA:260,0
DA:261,0
DA:262,0
DA:264,0
DA:268,0
DA:270,0
DA:271,0
DA:272,0
DA:273,0
DA:274,0
DA:285,0
DA:286,0
DA:287,0
DA:290,0
DA:291,0
DA:293,0
DA:300,0
DA:301,0
DA:303,0
DA:308,0
DA:309,0
DA:313,0
DA:314,0
DA:316,0
DA:323,0
DA:328,0
DA:331,0
DA:332,0
DA:334,0
DA:340,0
DA:349,0
DA:350,0
DA:352,0
DA:357,0
DA:358,0
DA:359,0
DA:363,0
DA:364,0
DA:366,0
DA:372,0
DA:374,0
DA:381,0
DA:394,0
DA:395,0
DA:397,0
DA:398,0
DA:399,0
DA:402,0
DA:403,0
DA:404,0
DA:408,0
DA:410,0
DA:411,0
DA:412,0
DA:413,0
DA:414,0
DA:415,0
DA:418,0
DA:428,0
DA:433,0
DA:436,0
DA:440,0
DA:443,0
DA:447,0
DA:450,0
DA:459,0
DA:461,0
DA:470,0
DA:481,0
DA:487,0
DA:495,0
LF:147
LH:0
BRDA:190,0,0,0
BRDA:190,0,1,0
BRDA:237,1,0,0
BRDA:238,2,0,0
BRDA:245,3,0,0
BRDA:245,3,1,0
BRDA:255,4,0,0
BRDA:255,4,1,0
BRDA:258,5,0,0
BRDA:258,5,1,0
BRDA:260,6,0,0
BRDA:260,7,0,0
BRDA:260,7,1,0
BRDA:261,8,0,0
BRDA:261,8,1,0
BRDA:268,9,0,0
BRDA:270,10,0,0
BRDA:270,11,0,0
BRDA:270,11,1,0
BRDA:270,11,2,0
BRDA:308,12,0,0
BRDA:308,12,1,0
BRDA:308,13,0,0
BRDA:308,13,1,0
BRDA:357,14,0,0
BRDA:357,14,1,0
BRDA:357,15,0,0
BRDA:357,15,1,0
BRDA:369,16,0,0
BRDA:369,16,1,0
BRDA:369,17,0,0
BRDA:369,17,1,0
BRDA:369,18,0,0
BRDA:369,18,1,0
BRDA:369,19,0,0
BRDA:369,19,1,0
BRDA:397,20,0,0
BRDA:398,21,0,0
BRDA:398,21,1,0
BRDA:398,22,0,0
BRDA:398,22,1,0
BRDA:399,23,0,0
BRDA:399,23,1,0
BRDA:399,24,0,0
BRDA:399,24,1,0
BRDA:402,25,0,0
BRDA:402,26,0,0
BRDA:402,26,1,0
BRDA:408,27,0,0
BRDA:408,27,1,0
BRDA:410,28,0,0
BRDA:410,28,1,0
BRDA:410,29,0,0
BRDA:410,29,1,0
BRDA:412,30,0,0
BRDA:412,30,1,0
BRDA:414,31,0,0
BRDA:415,32,0,0
BRDA:415,32,1,0
BRDA:428,33,0,0
BRDA:429,34,0,0
BRDA:429,34,1,0
BRDA:429,34,2,0
BRDA:436,35,0,0
BRDA:437,36,0,0
BRDA:437,36,1,0
BRDA:443,37,0,0
BRDA:444,38,0,0
BRDA:444,38,1,0
BRDA:461,39,0,0
BRDA:461,39,1,0
BRDA:462,40,0,0
BRDA:462,40,1,0
BRDA:462,41,0,0
BRDA:462,41,1,0
BRF:75
BRH:0
end_of_record
TN:
SF:obsidian-prj/src/libs/BlockRenderComponents/HeaderBlockRenderComponent.ts
FN:49,(anonymous_0)
FN:57,(anonymous_1)
FN:65,(anonymous_2)
FN:74,(anonymous_3)
FN:86,(anonymous_4)
FN:93,(anonymous_5)
FN:100,(anonymous_6)
FN:107,(anonymous_7)
FN:114,(anonymous_8)
FN:121,(anonymous_9)
FN:128,(anonymous_10)
FN:135,(anonymous_11)
FN:153,(anonymous_12)
FN:166,(anonymous_13)
FN:173,(anonymous_14)
FN:183,(anonymous_15)
FN:191,(anonymous_16)
FN:203,(anonymous_17)
FN:204,(anonymous_18)
FN:216,(anonymous_19)
FN:229,(anonymous_20)
FN:243,(anonymous_21)
FN:261,(anonymous_23)
FN:273,(anonymous_24)
FN:283,(anonymous_25)
FN:310,(anonymous_27)
FN:328,(anonymous_28)
FN:332,(anonymous_29)
FN:339,(anonymous_30)
FN:353,(anonymous_31)
FN:362,(anonymous_32)
FN:373,(anonymous_33)
FN:373,(anonymous_34)
FN:377,(anonymous_35)
FN:382,(anonymous_36)
FN:403,(anonymous_37)
FN:408,(anonymous_38)
FN:415,(anonymous_39)
FN:431,(anonymous_40)
FN:462,(anonymous_41)
FN:483,(anonymous_42)
FN:494,(anonymous_43)
FN:501,(anonymous_44)
FN:509,(anonymous_45)
FN:526,(anonymous_46)
FN:542,(anonymous_47)
FN:546,(anonymous_48)
FN:546,(anonymous_49)
FNF:48
FNH:0
FNDA:0,(anonymous_0)
FNDA:0,(anonymous_1)
FNDA:0,(anonymous_2)
FNDA:0,(anonymous_3)
FNDA:0,(anonymous_4)
FNDA:0,(anonymous_5)
FNDA:0,(anonymous_6)
FNDA:0,(anonymous_7)
FNDA:0,(anonymous_8)
FNDA:0,(anonymous_9)
FNDA:0,(anonymous_10)
FNDA:0,(anonymous_11)
FNDA:0,(anonymous_12)
FNDA:0,(anonymous_13)
FNDA:0,(anonymous_14)
FNDA:0,(anonymous_15)
FNDA:0,(anonymous_16)
FNDA:0,(anonymous_17)
FNDA:0,(anonymous_18)
FNDA:0,(anonymous_19)
FNDA:0,(anonymous_20)
FNDA:0,(anonymous_21)
FNDA:0,(anonymous_23)
FNDA:0,(anonymous_24)
FNDA:0,(anonymous_25)
FNDA:0,(anonymous_27)
FNDA:0,(anonymous_28)
FNDA:0,(anonymous_29)
FNDA:0,(anonymous_30)
FNDA:0,(anonymous_31)
FNDA:0,(anonymous_32)
FNDA:0,(anonymous_33)
FNDA:0,(anonymous_34)
FNDA:0,(anonymous_35)
FNDA:0,(anonymous_36)
FNDA:0,(anonymous_37)
FNDA:0,(anonymous_38)
FNDA:0,(anonymous_39)
FNDA:0,(anonymous_40)
FNDA:0,(anonymous_41)
FNDA:0,(anonymous_42)
FNDA:0,(anonymous_43)
FNDA:0,(anonymous_44)
FNDA:0,(anonymous_45)
FNDA:0,(anonymous_46)
FNDA:0,(anonymous_47)
FNDA:0,(anonymous_48)
FNDA:0,(anonymous_49)
DA:1,0
DA:2,0
DA:3,0
DA:4,0
DA:5,0
DA:12,0
DA:13,0
DA:15,0
DA:16,0
DA:29,0
DA:32,0
DA:33,0
DA:34,0
DA:35,0
DA:50,0
DA:58,0
DA:59,0
DA:66,0
DA:75,0
DA:76,0
DA:77,0
DA:80,0
DA:87,0
DA:94,0
DA:101,0
DA:108,0
DA:115,0
DA:122,0
DA:129,0
DA:138,0
DA:140,0
DA:142,0
DA:146,0
DA:160,0
DA:167,0
DA:174,0
DA:184,0
DA:192,0
DA:193,0
DA:194,0
DA:196,0
DA:199,0
DA:201,0
DA:203,0
DA:204,0
DA:207,0
DA:208,0
DA:209,0
DA:217,0
DA:222,0
DA:230,0
DA:235,0
DA:244,0
DA:245,0
DA:246,0
DA:247,0
DA:249,0
DA:262,0
DA:263,0
DA:274,0
DA:275,0
DA:276,0
DA:284,0
DA:285,0
DA:287,0
DA:289,0
DA:290,0
DA:292,0
DA:293,0
DA:295,0
DA:296,0
DA:298,0
DA:300,0
DA:311,0
DA:313,0
DA:321,0
DA:329,0
DA:330,0
DA:332,0
DA:333,0
DA:340,0
DA:342,0
DA:346,0
DA:354,0
DA:355,0
DA:357,0
DA:358,0
DA:359,0
DA:361,0
DA:363,0
DA:373,0
DA:374,0
DA:378,0
DA:380,0
DA:384,0
DA:391,0
DA:392,0
DA:396,0
DA:404,0
DA:405,0
DA:407,0
DA:409,0
DA:416,0
DA:418,0
DA:422,0
DA:432,0
DA:434,0
DA:435,0
DA:436,0
DA:438,0
DA:440,0
DA:444,0
DA:445,0
DA:446,0
DA:448,0
DA:449,0
DA:452,0
DA:455,0
DA:463,0
DA:464,0
DA:466,0
DA:467,0
DA:468,0
DA:469,0
DA:471,0
DA:472,0
DA:473,0
DA:475,0
DA:484,0
DA:485,0
DA:487,0
DA:495,0
DA:499,0
DA:501,0
DA:502,0
DA:504,0
DA:506,0
DA:509,0
DA:513,0
DA:515,0
DA:527,0
DA:529,0
DA:530,0
DA:532,0
DA:533,0
DA:534,0
DA:543,0
DA:544,0
DA:546,0
DA:547,0
LF:150
LH:0
BRDA:75,0,0,0
BRDA:94,1,0,0
BRDA:94,1,1,0
BRDA:94,2,0,0
BRDA:94,2,1,0
BRDA:94,3,0,0
BRDA:94,3,1,0
BRDA:94,4,0,0
BRDA:94,4,1,0
BRDA:101,5,0,0
BRDA:108,6,0,0
BRDA:108,6,1,0
BRDA:108,7,0,0
BRDA:108,7,1,0
BRDA:108,8,0,0
BRDA:108,8,1,0
BRDA:108,9,0,0
BRDA:108,9,1,0
BRDA:115,10,0,0
BRDA:122,11,0,0
BRDA:122,11,1,0
BRDA:122,12,0,0
BRDA:122,12,1,0
BRDA:122,13,0,0
BRDA:122,13,1,0
BRDA:122,14,0,0
BRDA:122,14,1,0
BRDA:129,15,0,0
BRDA:138,16,0,0
BRDA:140,17,0,0
BRDA:167,18,0,0
BRDA:167,18,1,0
BRDA:167,19,0,0
BRDA:167,19,1,0
BRDA:175,20,0,0
BRDA:175,20,1,0
BRDA:175,21,0,0
BRDA:175,21,1,0
BRDA:175,22,0,0
BRDA:175,22,1,0
BRDA:175,23,0,0
BRDA:175,23,1,0
BRDA:175,24,0,0
BRDA:175,24,1,0
BRDA:175,25,0,0
BRDA:175,25,1,0
BRDA:184,26,0,0
BRDA:184,26,1,0
BRDA:184,27,0,0
BRDA:184,27,1,0
BRDA:245,28,0,0
BRDA:245,28,1,0
BRDA:245,29,0,0
BRDA:245,29,1,0
BRDA:262,30,0,0
BRDA:274,31,0,0
BRDA:285,32,0,0
BRDA:287,33,0,0
BRDA:289,34,0,0
BRDA:292,35,0,0
BRDA:295,36,0,0
BRDA:334,37,0,0
BRDA:334,37,1,0
BRDA:334,38,0,0
BRDA:334,38,1,0
BRDA:372,39,0,0
BRDA:372,39,1,0
BRDA:372,40,0,0
BRDA:372,40,1,0
BRDA:384,41,0,0
BRDA:384,41,1,0
BRDA:392,42,0,0
BRDA:392,42,1,0
BRDA:392,43,0,0
BRDA:392,43,1,0
BRDA:410,44,0,0
BRDA:410,44,1,0
BRDA:410,45,0,0
BRDA:410,45,1,0
BRDA:431,46,0,0
BRDA:435,47,0,0
BRDA:435,47,1,0
BRDA:441,48,0,0
BRDA:441,48,1,0
BRDA:448,49,0,0
BRDA:495,50,0,0
BRDA:496,51,0,0
BRDA:496,51,1,0
BRDA:502,52,0,0
BRDA:502,52,1,0
BRDA:504,53,0,0
BRDA:529,54,0,0
BRDA:529,55,0,0
BRDA:529,55,1,0
BRDA:532,56,0,0
BRF:95
BRH:0
end_of_record
TN:
SF:obsidian-prj/src/libs/BlockRenderComponents/NoteBlockRenderComponent.ts
FN:57,(anonymous_0)
FN:66,(anonymous_1)
FN:78,(anonymous_2)
FN:84,(anonymous_6)
FN:113,(anonymous_7)
FN:150,(anonymous_9)
FN:168,(anonymous_11)
FN:169,(anonymous_12)
FN:216,(anonymous_13)
FN:230,(anonymous_15)
FN:231,(anonymous_16)
FN:231,(anonymous_17)
FN:238,(anonymous_18)
FN:243,(anonymous_19)
FN:251,(anonymous_20)
FN:266,(anonymous_21)
FN:266,(anonymous_22)
FN:295,(anonymous_23)
FN:330,(anonymous_24)
FN:341,(anonymous_25)
FN:352,(anonymous_26)
FN:366,(anonymous_28)
FNF:22
FNH:0
FNDA:0,(anonymous_0)
FNDA:0,(anonymous_1)
FNDA:0,(anonymous_2)
FNDA:0,(anonymous_6)
FNDA:0,(anonymous_7)
FNDA:0,(anonymous_9)
FNDA:0,(anonymous_11)
FNDA:0,(anonymous_12)
FNDA:0,(anonymous_13)
FNDA:0,(anonymous_15)
FNDA:0,(anonymous_16)
FNDA:0,(anonymous_17)
FNDA:0,(anonymous_18)
FNDA:0,(anonymous_19)
FNDA:0,(anonymous_20)
FNDA:0,(anonymous_21)
FNDA:0,(anonymous_22)
FNDA:0,(anonymous_23)
FNDA:0,(anonymous_24)
FNDA:0,(anonymous_25)
FNDA:0,(anonymous_26)
FNDA:0,(anonymous_28)
DA:1,0
DA:2,0
DA:3,0
DA:5,0
DA:6,0
DA:7,0
DA:8,0
DA:9,0
DA:10,0
DA:14,0
DA:15,0
DA:17,0
DA:18,0
DA:26,0
DA:27,0
DA:42,0
DA:58,0
DA:59,0
DA:67,0
DA:79,0
DA:81,0
DA:84,0
DA:86,0
DA:87,0
DA:88,0
DA:89,0
DA:90,0
DA:92,0
DA:95,0
DA:96,0
DA:97,0
DA:99,0
DA:115,0
DA:116,0
DA:117,0
DA:118,0
DA:121,0
DA:122,0
DA:123,0
DA:124,0
DA:125,0
DA:126,0
DA:128,0
DA:134,0
DA:136,0
DA:141,0
DA:153,0
DA:154,0
DA:156,0
DA:169,0
DA:172,0
DA:173,0
DA:174,0
DA:175,0
DA:177,0
DA:178,0
DA:180,0
DA:183,0
DA:185,0
DA:187,0
DA:189,0
DA:190,0
DA:192,0
DA:193,0
DA:194,0
DA:196,0
DA:200,0
DA:202,0
DA:203,0
DA:204,0
DA:205,0
DA:206,0
DA:217,0
DA:218,0
DA:219,0
DA:222,0
DA:223,0
DA:225,0
DA:230,0
DA:231,0
DA:235,0
DA:236,0
DA:238,0
DA:239,0
DA:244,0
DA:252,0
DA:254,0
DA:259,0
DA:260,0
DA:262,0
DA:266,0
DA:270,0
DA:271,0
DA:273,0
DA:279,0
DA:286,0
DA:299,0
DA:300,0
DA:302,0
DA:303,0
DA:304,0
DA:307,0
DA:308,0
DA:309,0
DA:312,0
DA:314,0
DA:315,0
DA:316,0
DA:317,0
DA:318,0
DA:319,0
DA:322,0
DA:331,0
DA:333,0
DA:342,0
DA:353,0
DA:359,0
DA:367,0
LF:118
LH:0
BRDA:169,0,0,0
BRDA:170,1,0,0
BRDA:177,2,0,0
BRDA:177,2,1,0
BRDA:187,3,0,0
BRDA:187,3,1,0
BRDA:190,4,0,0
BRDA:190,4,1,0
BRDA:192,5,0,0
BRDA:192,6,0,0
BRDA:192,6,1,0
BRDA:193,7,0,0
BRDA:193,7,1,0
BRDA:200,8,0,0
BRDA:202,9,0,0
BRDA:202,10,0,0
BRDA:202,10,1,0
BRDA:202,10,2,0
BRDA:230,11,0,0
BRDA:230,11,1,0
BRDA:230,12,0,0
BRDA:230,12,1,0
BRDA:240,13,0,0
BRDA:240,13,1,0
BRDA:240,14,0,0
BRDA:240,14,1,0
BRDA:265,15,0,0
BRDA:265,15,1,0
BRDA:265,16,0,0
BRDA:265,16,1,0
BRDA:276,17,0,0
BRDA:276,17,1,0
BRDA:276,18,0,0
BRDA:276,18,1,0
BRDA:276,19,0,0
BRDA:276,19,1,0
BRDA:276,20,0,0
BRDA:276,20,1,0
BRDA:302,21,0,0
BRDA:303,22,0,0
BRDA:303,22,1,0
BRDA:303,23,0,0
BRDA:303,23,1,0
BRDA:304,24,0,0
BRDA:304,24,1,0
BRDA:304,25,0,0
BRDA:304,25,1,0
BRDA:307,26,0,0
BRDA:307,27,0,0
BRDA:307,27,1,0
BRDA:314,28,0,0
BRDA:314,28,1,0
BRDA:314,29,0,0
BRDA:314,29,1,0
BRDA:316,30,0,0
BRDA:316,30,1,0
BRDA:318,31,0,0
BRDA:319,32,0,0
BRDA:319,32,1,0
BRDA:333,33,0,0
BRDA:333,33,1,0
BRDA:334,34,0,0
BRDA:334,34,1,0
BRDA:334,35,0,0
BRDA:334,35,1,0
BRF:65
BRH:0
end_of_record
TN:
SF:obsidian-prj/src/libs/BlockRenderComponents/ProjectBlockRenderComponent.ts
FN:74,(anonymous_0)
FN:83,(anonymous_1)
FN:91,(anonymous_2)
FN:99,(anonymous_3)
FN:105,(anonymous_7)
FN:131,(anonymous_8)
FN:144,(anonymous_10)
FN:225,(anonymous_12)
FN:226,(anonymous_13)
FN:272,(anonymous_14)
FN:306,(anonymous_16)
FN:307,(anonymous_17)
FN:307,(anonymous_18)
FN:317,(anonymous_19)
FN:327,(anonymous_20)
FN:328,(anonymous_21)
FN:328,(anonymous_22)
FN:341,(anonymous_23)
FN:342,(anonymous_24)
FN:342,(anonymous_25)
FN:352,(anonymous_26)
FN:353,(anonymous_27)
FN:353,(anonymous_28)
FN:384,(anonymous_29)
FN:387,(anonymous_31)
FN:398,(anonymous_32)
FN:401,(anonymous_34)
FN:401,(anonymous_35)
FN:411,(anonymous_36)
FN:426,(anonymous_38)
FN:471,(anonymous_39)
FN:505,(anonymous_40)
FN:524,(anonymous_41)
FNF:33
FNH:0
FNDA:0,(anonymous_0)
FNDA:0,(anonymous_1)
FNDA:0,(anonymous_2)
FNDA:0,(anonymous_3)
FNDA:0,(anonymous_7)
FNDA:0,(anonymous_8)
FNDA:0,(anonymous_10)
FNDA:0,(anonymous_12)
FNDA:0,(anonymous_13)
FNDA:0,(anonymous_14)
FNDA:0,(anonymous_16)
FNDA:0,(anonymous_17)
FNDA:0,(anonymous_18)
FNDA:0,(anonymous_19)
FNDA:0,(anonymous_20)
FNDA:0,(anonymous_21)
FNDA:0,(anonymous_22)
FNDA:0,(anonymous_23)
FNDA:0,(anonymous_24)
FNDA:0,(anonymous_25)
FNDA:0,(anonymous_26)
FNDA:0,(anonymous_27)
FNDA:0,(anonymous_28)
FNDA:0,(anonymous_29)
FNDA:0,(anonymous_31)
FNDA:0,(anonymous_32)
FNDA:0,(anonymous_34)
FNDA:0,(anonymous_35)
FNDA:0,(anonymous_36)
FNDA:0,(anonymous_38)
FNDA:0,(anonymous_39)
FNDA:0,(anonymous_40)
FNDA:0,(anonymous_41)
DA:1,0
DA:2,0
DA:3,0
DA:12,0
DA:13,0
DA:14,0
DA:15,0
DA:16,0
DA:17,0
DA:21,0
DA:23,0
DA:24,0
DA:29,0
DA:33,0
DA:48,0
DA:75,0
DA:76,0
DA:84,0
DA:92,0
DA:100,0
DA:102,0
DA:106,0
DA:108,0
DA:109,0
DA:110,0
DA:111,0
DA:112,0
DA:114,0
DA:119,0
DA:120,0
DA:121,0
DA:123,0
DA:132,0
DA:138,0
DA:146,0
DA:147,0
DA:148,0
DA:149,0
DA:152,0
DA:153,0
DA:154,0
DA:155,0
DA:156,0
DA:157,0
DA:159,0
DA:166,0
DA:168,0
DA:175,0
DA:177,0
DA:184,0
DA:186,0
DA:193,0
DA:195,0
DA:202,0
DA:204,0
DA:210,0
DA:212,0
DA:217,0
DA:226,0
DA:229,0
DA:230,0
DA:231,0
DA:232,0
DA:234,0
DA:235,0
DA:237,0
DA:240,0
DA:242,0
DA:243,0
DA:245,0
DA:246,0
DA:248,0
DA:249,0
DA:250,0
DA:252,0
DA:256,0
DA:258,0
DA:259,0
DA:260,0
DA:261,0
DA:262,0
DA:277,0
DA:278,0
DA:279,0
DA:282,0
DA:283,0
DA:285,0
DA:294,0
DA:295,0
DA:296,0
DA:299,0
DA:300,0
DA:302,0
DA:306,0
DA:307,0
DA:310,0
DA:311,0
DA:313,0
DA:317,0
DA:321,0
DA:322,0
DA:324,0
DA:327,0
DA:328,0
DA:329,0
DA:333,0
DA:334,0
DA:336,0
DA:341,0
DA:342,0
DA:346,0
DA:347,0
DA:349,0
DA:352,0
DA:353,0
DA:354,0
DA:358,0
DA:359,0
DA:361,0
DA:367,0
DA:369,0
DA:376,0
DA:385,0
DA:386,0
DA:387,0
DA:390,0
DA:392,0
DA:399,0
DA:401,0
DA:402,0
DA:414,0
DA:415,0
DA:417,0
DA:432,0
DA:433,0
DA:435,0
DA:439,0
DA:442,0
DA:443,0
DA:444,0
DA:447,0
DA:448,0
DA:449,0
DA:453,0
DA:455,0
DA:456,0
DA:457,0
DA:458,0
DA:459,0
DA:460,0
DA:463,0
DA:476,0
DA:480,0
DA:483,0
DA:487,0
DA:490,0
DA:494,0
DA:497,0
DA:510,0
DA:512,0
DA:513,0
DA:514,0
DA:515,0
DA:517,0
DA:525,0
LF:165
LH:0
BRDA:226,0,0,0
BRDA:227,1,0,0
BRDA:234,2,0,0
BRDA:234,2,1,0
BRDA:243,3,0,0
BRDA:243,3,1,0
BRDA:246,4,0,0
BRDA:246,4,1,0
BRDA:248,5,0,0
BRDA:248,6,0,0
BRDA:248,6,1,0
BRDA:249,7,0,0
BRDA:249,7,1,0
BRDA:256,8,0,0
BRDA:258,9,0,0
BRDA:258,10,0,0
BRDA:258,10,1,0
BRDA:258,10,2,0
BRDA:289,11,0,0
BRDA:289,11,1,0
BRDA:289,12,0,0
BRDA:289,12,1,0
BRDA:306,13,0,0
BRDA:306,13,1,0
BRDA:306,14,0,0
BRDA:306,14,1,0
BRDA:316,15,0,0
BRDA:316,15,1,0
BRDA:316,16,0,0
BRDA:316,16,1,0
BRDA:327,17,0,0
BRDA:327,17,1,0
BRDA:327,18,0,0
BRDA:327,18,1,0
BRDA:327,19,0,0
BRDA:327,19,1,0
BRDA:327,20,0,0
BRDA:327,20,1,0
BRDA:341,21,0,0
BRDA:341,21,1,0
BRDA:341,22,0,0
BRDA:341,22,1,0
BRDA:352,23,0,0
BRDA:352,23,1,0
BRDA:352,24,0,0
BRDA:352,24,1,0
BRDA:364,25,0,0
BRDA:364,25,1,0
BRDA:364,26,0,0
BRDA:364,26,1,0
BRDA:364,27,0,0
BRDA:364,27,1,0
BRDA:364,28,0,0
BRDA:364,28,1,0
BRDA:385,29,0,0
BRDA:385,29,1,0
BRDA:435,30,0,0
BRDA:436,31,0,0
BRDA:436,31,1,0
BRDA:442,32,0,0
BRDA:443,33,0,0
BRDA:443,33,1,0
BRDA:443,34,0,0
BRDA:443,34,1,0
BRDA:444,35,0,0
BRDA:444,35,1,0
BRDA:444,36,0,0
BRDA:444,36,1,0
BRDA:447,37,0,0
BRDA:447,38,0,0
BRDA:447,38,1,0
BRDA:453,39,0,0
BRDA:453,39,1,0
BRDA:455,40,0,0
BRDA:455,40,1,0
BRDA:455,41,0,0
BRDA:455,41,1,0
BRDA:457,42,0,0
BRDA:457,42,1,0
BRDA:459,43,0,0
BRDA:460,44,0,0
BRDA:460,44,1,0
BRDA:476,45,0,0
BRDA:477,46,0,0
BRDA:477,46,1,0
BRDA:478,47,0,0
BRDA:478,47,1,0
BRDA:478,48,0,0
BRDA:478,48,1,0
BRDA:483,49,0,0
BRDA:484,50,0,0
BRDA:484,50,1,0
BRDA:485,51,0,0
BRDA:485,51,1,0
BRDA:485,52,0,0
BRDA:485,52,1,0
BRDA:490,53,0,0
BRDA:491,54,0,0
BRDA:491,54,1,0
BRDA:492,55,0,0
BRDA:492,55,1,0
BRDA:492,56,0,0
BRDA:492,56,1,0
BRDA:512,57,0,0
BRDA:512,57,1,0
BRDA:513,58,0,0
BRDA:513,58,1,0
BRDA:513,59,0,0
BRDA:513,59,1,0
BRDA:514,60,0,0
BRDA:514,60,1,0
BRDA:517,61,0,0
BRDA:517,61,1,0
BRDA:517,62,0,0
BRDA:517,62,1,0
BRF:115
BRH:0
end_of_record
TN:
SF:obsidian-prj/src/libs/BlockRenderComponents/RedrawableBlockRenderComponent.ts
FNF:0
FNH:0
DA:4,0
LF:1
LH:0
BRF:0
BRH:0
end_of_record
TN:
SF:obsidian-prj/src/libs/BlockRenderComponents/TableBlockRenderComponent.ts
FN:53,(anonymous_0)
FN:71,(anonymous_1)
FN:82,(anonymous_3)
FN:104,(anonymous_5)
FN:104,(anonymous_6)
FN:120,(anonymous_7)
FN:131,(anonymous_9)
FN:140,(anonymous_10)
FN:155,(anonymous_11)
FN:156,(anonymous_12)
FN:176,(anonymous_13)
FN:202,(anonymous_14)
FN:225,(anonymous_15)
FN:248,(anonymous_16)
FN:252,(anonymous_17)
FN:252,(anonymous_18)
FN:267,(anonymous_19)
FN:278,(anonymous_20)
FN:288,(anonymous_21)
FN:329,(anonymous_22)
FN:361,(anonymous_24)
FNF:21
FNH:0
FNDA:0,(anonymous_0)
FNDA:0,(anonymous_1)
FNDA:0,(anonymous_3)
FNDA:0,(anonymous_5)
FNDA:0,(anonymous_6)
FNDA:0,(anonymous_7)
FNDA:0,(anonymous_9)
FNDA:0,(anonymous_10)
FNDA:0,(anonymous_11)
FNDA:0,(anonymous_12)
FNDA:0,(anonymous_13)
FNDA:0,(anonymous_14)
FNDA:0,(anonymous_15)
FNDA:0,(anonymous_16)
FNDA:0,(anonymous_17)
FNDA:0,(anonymous_18)
FNDA:0,(anonymous_19)
FNDA:0,(anonymous_20)
FNDA:0,(anonymous_21)
FNDA:0,(anonymous_22)
FNDA:0,(anonymous_24)
DA:1,0
DA:2,0
DA:3,0
DA:4,0
DA:6,0
DA:12,0
DA:15,0
DA:17,0
DA:22,0
DA:55,0
DA:56,0
DA:57,0
DA:58,0
DA:60,0
DA:61,0
DA:62,0
DA:72,0
DA:84,0
DA:85,0
DA:86,0
DA:89,0
DA:90,0
DA:91,0
DA:94,0
DA:95,0
DA:96,0
DA:97,0
DA:98,0
DA:99,0
DA:101,0
DA:104,0
DA:105,0
DA:106,0
DA:110,0
DA:111,0
DA:112,0
DA:121,0
DA:123,0
DA:132,0
DA:141,0
DA:156,0
DA:157,0
DA:159,0
DA:160,0
DA:161,0
DA:162,0
DA:164,0
DA:165,0
DA:166,0
DA:167,0
DA:169,0
DA:171,0
DA:173,0
DA:176,0
DA:179,0
DA:181,0
DA:183,0
DA:185,0
DA:186,0
DA:188,0
DA:189,0
DA:191,0
DA:203,0
DA:205,0
DA:206,0
DA:209,0
DA:211,0
DA:213,0
DA:214,0
DA:215,0
DA:216,0
DA:225,0
DA:226,0
DA:228,0
DA:229,0
DA:231,0
DA:232,0
DA:235,0
DA:238,0
DA:239,0
DA:240,0
DA:249,0
DA:250,0
DA:252,0
DA:253,0
DA:268,0
DA:283,0
DA:286,0
DA:288,0
DA:289,0
DA:295,0
DA:298,0
DA:299,0
DA:301,0
DA:303,0
DA:306,0
DA:309,0
DA:311,0
DA:312,0
DA:314,0
DA:317,0
DA:333,0
DA:334,0
DA:335,0
DA:336,0
DA:337,0
DA:338,0
DA:340,0
DA:341,0
DA:342,0
DA:344,0
DA:345,0
DA:346,0
DA:347,0
DA:349,0
DA:352,0
DA:362,0
DA:363,0
DA:364,0
DA:365,0
DA:366,0
DA:367,0
DA:368,0
DA:370,0
DA:371,0
DA:373,0
DA:374,0
DA:375,0
DA:377,0
DA:381,0
DA:382,0
DA:385,0
DA:389,0
DA:390,0
DA:392,0
DA:393,0
DA:396,0
DA:397,0
DA:399,0
DA:402,0
DA:403,0
DA:404,0
DA:408,0
LF:143
LH:0
BRDA:55,0,0,0
BRDA:55,0,1,0
BRDA:55,1,0,0
BRDA:55,1,1,0
BRDA:157,2,0,0
BRDA:157,2,1,0
BRDA:157,2,2,0
BRDA:157,2,3,0
BRDA:159,3,0,0
BRDA:159,3,1,0
BRDA:161,4,0,0
BRDA:161,4,1,0
BRDA:162,5,0,0
BRDA:162,5,1,0
BRDA:162,6,0,0
BRDA:162,6,1,0
BRDA:162,7,0,0
BRDA:162,7,1,0
BRDA:162,8,0,0
BRDA:162,8,1,0
BRDA:164,9,0,0
BRDA:164,9,1,0
BRDA:166,10,0,0
BRDA:166,10,1,0
BRDA:171,11,0,0
BRDA:171,11,1,0
BRDA:205,12,0,0
BRDA:205,13,0,0
BRDA:205,13,1,0
BRDA:206,14,0,0
BRDA:206,14,1,0
BRDA:206,15,0,0
BRDA:206,15,1,0
BRDA:209,16,0,0
BRDA:209,16,1,0
BRDA:209,17,0,0
BRDA:209,17,1,0
BRDA:209,18,0,0
BRDA:209,18,1,0
BRDA:209,19,0,0
BRDA:209,19,1,0
BRDA:209,20,0,0
BRDA:209,20,1,0
BRDA:209,21,0,0
BRDA:209,21,1,0
BRDA:213,22,0,0
BRDA:213,22,1,0
BRDA:215,23,0,0
BRDA:215,24,0,0
BRDA:215,24,1,0
BRDA:226,25,0,0
BRDA:232,26,0,0
BRDA:238,27,0,0
BRDA:249,28,0,0
BRDA:249,28,1,0
BRDA:249,29,0,0
BRDA:249,29,1,0
BRDA:290,30,0,0
BRDA:290,30,1,0
BRDA:290,31,0,0
BRDA:290,31,1,0
BRDA:295,32,0,0
BRDA:295,32,1,0
BRDA:298,33,0,0
BRDA:299,34,0,0
BRDA:299,34,1,0
BRDA:299,35,0,0
BRDA:299,35,1,0
BRDA:303,36,0,0
BRDA:303,36,1,0
BRDA:303,36,2,0
BRDA:306,37,0,0
BRDA:306,37,1,0
BRDA:314,38,0,0
BRDA:333,39,0,0
BRDA:333,39,1,0
BRDA:334,40,0,0
BRDA:334,40,1,0
BRDA:344,41,0,0
BRDA:375,42,0,0
BRDA:375,42,1,0
BRDA:375,43,0,0
BRDA:375,43,1,0
BRDA:377,44,0,0
BRDA:377,44,1,0
BRDA:377,45,0,0
BRDA:377,45,1,0
BRDA:381,46,0,0
BRDA:385,47,0,0
BRDA:385,47,1,0
BRDA:385,48,0,0
BRDA:385,48,1,0
BRDA:389,49,0,0
BRDA:389,49,1,0
BRDA:396,50,0,0
BRDA:396,51,0,0
BRDA:396,51,1,0
BRDA:396,51,2,0
BRDA:399,52,0,0
BRDA:399,52,1,0
BRDA:399,53,0,0
BRDA:399,53,1,0
BRF:102
BRH:0
end_of_record
TN:
SF:obsidian-prj/src/libs/BlockRenderComponents/InnerComponents/DocumentComponents.ts
FN:20,(anonymous_0)
FN:28,(anonymous_1)
FN:34,(anonymous_2)
FN:50,(anonymous_3)
FN:72,(anonymous_4)
FN:112,(anonymous_5)
FN:116,(anonymous_6)
FN:147,(anonymous_7)
FN:179,(anonymous_8)
FN:208,(anonymous_9)
FN:232,(anonymous_10)
FN:240,(anonymous_11)
FN:245,(anonymous_12)
FN:248,(anonymous_13)
FN:254,(anonymous_14)
FN:260,(anonymous_15)
FN:271,(anonymous_16)
FN:280,(anonymous_17)
FN:284,(anonymous_18)
FN:320,(anonymous_19)
FN:335,(anonymous_20)
FN:342,(anonymous_21)
FN:347,(anonymous_22)
FNF:23
FNH:0
FNDA:0,(anonymous_0)
FNDA:0,(anonymous_1)
FNDA:0,(anonymous_2)
FNDA:0,(anonymous_3)
FNDA:0,(anonymous_4)
FNDA:0,(anonymous_5)
FNDA:0,(anonymous_6)
FNDA:0,(anonymous_7)
FNDA:0,(anonymous_8)
FNDA:0,(anonymous_9)
FNDA:0,(anonymous_10)
FNDA:0,(anonymous_11)
FNDA:0,(anonymous_12)
FNDA:0,(anonymous_13)
FNDA:0,(anonymous_14)
FNDA:0,(anonymous_15)
FNDA:0,(anonymous_16)
FNDA:0,(anonymous_17)
FNDA:0,(anonymous_18)
FNDA:0,(anonymous_19)
FNDA:0,(anonymous_20)
FNDA:0,(anonymous_21)
FNDA:0,(anonymous_22)
DA:1,0
DA:2,0
DA:3,0
DA:4,0
DA:5,0
DA:6,0
DA:7,0
DA:13,0
DA:25,0
DA:27,0
DA:29,0
DA:35,0
DA:37,0
DA:57,0
DA:59,0
DA:60,0
DA:61,0
DA:62,0
DA:64,0
DA:65,0
DA:66,0
DA:68,0
DA:69,0
DA:70,0
DA:72,0
DA:73,0
DA:74,0
DA:76,0
DA:77,0
DA:78,0
DA:80,0
DA:81,0
DA:82,0
DA:83,0
DA:85,0
DA:87,0
DA:88,0
DA:89,0
DA:90,0
DA:92,0
DA:95,0
DA:96,0
DA:97,0
DA:98,0
DA:100,0
DA:105,0
DA:108,0
DA:109,0
DA:110,0
DA:112,0
DA:113,0
DA:117,0
DA:124,0
DA:125,0
DA:126,0
DA:127,0
DA:130,0
DA:136,0
DA:152,0
DA:153,0
DA:154,0
DA:155,0
DA:157,0
DA:158,0
DA:159,0
DA:161,0
DA:162,0
DA:163,0
DA:165,0
DA:166,0
DA:167,0
DA:168,0
DA:170,0
DA:171,0
DA:172,0
DA:174,0
DA:180,0
DA:182,0
DA:187,0
DA:190,0
DA:191,0
DA:192,0
DA:194,0
DA:195,0
DA:196,0
DA:197,0
DA:199,0
DA:200,0
DA:201,0
DA:203,0
DA:209,0
DA:211,0
DA:216,0
DA:219,0
DA:240,0
DA:241,0
DA:246,0
DA:249,0
DA:255,0
DA:258,0
DA:260,0
DA:277,0
DA:278,0
DA:280,0
DA:281,0
DA:285,0
DA:287,0
DA:291,0
DA:293,0
DA:294,0
DA:296,0
DA:298,0
DA:299,0
DA:300,0
DA:302,0
DA:309,0
DA:312,0
DA:319,0
DA:320,0
DA:321,0
DA:323,0
DA:340,0
DA:342,0
DA:343,0
DA:348,0
DA:349,0
DA:351,0
DA:352,0
DA:354,0
DA:355,0
DA:358,0
DA:361,0
DA:363,0
LF:133
LH:0
BRDA:25,0,0,0
BRDA:25,0,1,0
BRDA:25,1,0,0
BRDA:25,1,1,0
BRDA:59,2,0,0
BRDA:59,3,0,0
BRDA:59,3,1,0
BRDA:87,4,0,0
BRDA:87,4,1,0
BRDA:89,5,0,0
BRDA:114,6,0,0
BRDA:114,6,1,0
BRDA:114,7,0,0
BRDA:114,7,1,0
BRDA:158,8,0,0
BRDA:158,8,1,0
BRDA:158,9,0,0
BRDA:158,9,1,0
BRDA:159,10,0,0
BRDA:159,10,1,0
BRDA:159,11,0,0
BRDA:159,11,1,0
BRDA:161,12,0,0
BRDA:161,13,0,0
BRDA:161,13,1,0
BRDA:190,14,0,0
BRDA:190,15,0,0
BRDA:190,15,1,0
BRDA:238,16,0,0
BRDA:275,17,0,0
BRDA:281,18,0,0
BRDA:281,18,1,0
BRDA:281,19,0,0
BRDA:281,19,1,0
BRDA:288,20,0,0
BRDA:288,20,1,0
BRDA:288,21,0,0
BRDA:288,21,1,0
BRDA:291,22,0,0
BRDA:291,22,1,0
BRDA:291,23,0,0
BRDA:291,23,1,0
BRDA:293,24,0,0
BRDA:293,25,0,0
BRDA:293,25,1,0
BRDA:298,26,0,0
BRDA:304,27,0,0
BRDA:304,27,1,0
BRDA:304,28,0,0
BRDA:304,28,1,0
BRDA:319,29,0,0
BRDA:351,30,0,0
BRDA:351,30,1,0
BRDA:354,31,0,0
BRDA:354,31,1,0
BRF:55
BRH:0
end_of_record
TN:
SF:obsidian-prj/src/libs/BlockRenderComponents/InnerComponents/FilterButton.ts
FN:27,(anonymous_0)
FN:64,(anonymous_1)
FN:88,(anonymous_2)
FN:88,(anonymous_3)
FNF:4
FNH:0
FNDA:0,(anonymous_0)
FNDA:0,(anonymous_1)
FNDA:0,(anonymous_2)
FNDA:0,(anonymous_3)
DA:1,0
DA:2,0
DA:3,0
DA:13,0
DA:34,0
DA:36,0
DA:37,0
DA:39,0
DA:46,0
DA:48,0
DA:71,0
DA:72,0
DA:74,0
DA:75,0
DA:76,0
DA:78,0
DA:79,0
DA:81,0
DA:82,0
DA:83,0
DA:85,0
DA:88,0
DA:89,0
DA:91,0
DA:92,0
DA:97,0
DA:105,0
LF:27
LH:0
BRDA:78,0,0,0
BRF:1
BRH:0
end_of_record
TN:
SF:obsidian-prj/src/libs/BlockRenderComponents/InnerComponents/GeneralComponents.ts
FN:21,(anonymous_0)
FN:28,(anonymous_1)
FN:33,(anonymous_2)
FN:52,(anonymous_3)
FN:60,(anonymous_4)
FN:65,(anonymous_5)
FN:68,(anonymous_6)
FN:82,(anonymous_7)
FN:87,(anonymous_8)
FN:88,(anonymous_9)
FN:93,(anonymous_10)
FNF:11
FNH:0
FNDA:0,(anonymous_0)
FNDA:0,(anonymous_1)
FNDA:0,(anonymous_2)
FNDA:0,(anonymous_3)
FNDA:0,(anonymous_4)
FNDA:0,(anonymous_5)
FNDA:0,(anonymous_6)
FNDA:0,(anonymous_7)
FNDA:0,(anonymous_8)
FNDA:0,(anonymous_9)
FNDA:0,(anonymous_10)
DA:1,0
DA:2,0
DA:3,0
DA:4,0
DA:7,0
DA:12,0
DA:28,0
DA:29,0
DA:34,0
DA:35,0
DA:36,0
DA:38,0
DA:60,0
DA:61,0
DA:66,0
DA:69,0
DA:71,0
DA:87,0
DA:88,0
DA:89,0
DA:95,0
DA:96,0
DA:98,0
DA:103,0
DA:108,0
LF:25
LH:0
BRDA:31,0,0,0
BRDA:31,0,1,0
BRDA:31,1,0,0
BRDA:31,1,1,0
BRDA:31,2,0,0
BRDA:31,2,1,0
BRDA:31,3,0,0
BRDA:31,3,1,0
BRDA:98,4,0,0
BRDA:99,5,0,0
BRDA:99,5,1,0
BRDA:99,5,2,0
BRF:12
BRH:0
end_of_record
TN:
SF:obsidian-prj/src/libs/BlockRenderComponents/InnerComponents/MaxShownModelsInput.ts
FN:28,(anonymous_0)
FN:59,(anonymous_1)
FN:62,(anonymous_2)
FN:62,(anonymous_3)
FN:121,(anonymous_4)
FN:145,(anonymous_5)
FN:155,(anonymous_6)
FN:155,(anonymous_7)
FN:192,(anonymous_8)
FN:212,(anonymous_9)
FN:212,(anonymous_10)
FN:234,(anonymous_11)
FNF:12
FNH:0
FNDA:0,(anonymous_0)
FNDA:0,(anonymous_1)
FNDA:0,(anonymous_2)
FNDA:0,(anonymous_3)
FNDA:0,(anonymous_4)
FNDA:0,(anonymous_5)
FNDA:0,(anonymous_6)
FNDA:0,(anonymous_7)
FNDA:0,(anonymous_8)
FNDA:0,(anonymous_9)
FNDA:0,(anonymous_10)
FNDA:0,(anonymous_11)
DA:1,0
DA:2,0
DA:3,0
DA:13,0
DA:34,0
DA:35,0
DA:38,0
DA:46,0
DA:47,0
DA:48,0
DA:50,0
DA:59,0
DA:60,0
DA:62,0
DA:63,0
DA:64,0
DA:68,0
DA:73,0
DA:79,0
DA:87,0
DA:96,0
DA:105,0
DA:106,0
DA:107,0
DA:109,0
DA:126,0
DA:128,0
DA:129,0
DA:130,0
DA:131,0
DA:132,0
DA:134,0
DA:152,0
DA:155,0
DA:156,0
DA:158,0
DA:159,0
DA:167,0
DA:200,0
DA:202,0
DA:203,0
DA:204,0
DA:205,0
DA:206,0
DA:207,0
DA:209,0
DA:212,0
DA:213,0
DA:223,0
DA:241,0
DA:242,0
DA:244,0
DA:247,0
DA:251,0
DA:254,0
DA:255,0
LF:56
LH:0
BRDA:40,0,0,0
BRDA:40,0,1,0
BRDA:40,1,0,0
BRDA:40,1,1,0
BRDA:65,2,0,0
BRDA:65,2,1,0
BRDA:65,3,0,0
BRDA:65,3,1,0
BRDA:158,4,0,0
BRDA:158,4,1,0
BRDA:241,5,0,0
BRDA:241,5,1,0
BRDA:242,6,0,0
BRDA:242,6,1,0
BRDA:245,7,0,0
BRDA:245,7,1,0
BRF:16
BRH:0
end_of_record
TN:
SF:obsidian-prj/src/libs/BlockRenderComponents/InnerComponents/ProjectComponents.ts
FN:22,(anonymous_0)
FN:29,(anonymous_1)
FN:34,(anonymous_2)
FN:61,(anonymous_3)
FN:76,(anonymous_4)
FN:82,(anonymous_5)
FN:89,(anonymous_6)
FN:104,(anonymous_7)
FN:110,(anonymous_8)
FN:121,(anonymous_9)
FN:121,(anonymous_10)
FN:125,(anonymous_11)
FN:162,(anonymous_12)
FN:168,(anonymous_13)
FN:178,(anonymous_14)
FN:178,(anonymous_15)
FN:182,(anonymous_16)
FN:218,(anonymous_17)
FN:225,(anonymous_18)
FN:230,(anonymous_19)
FN:247,(anonymous_20)
FNF:21
FNH:0
FNDA:0,(anonymous_0)
FNDA:0,(anonymous_1)
FNDA:0,(anonymous_2)
FNDA:0,(anonymous_3)
FNDA:0,(anonymous_4)
FNDA:0,(anonymous_5)
FNDA:0,(anonymous_6)
FNDA:0,(anonymous_7)
FNDA:0,(anonymous_8)
FNDA:0,(anonymous_9)
FNDA:0,(anonymous_10)
FNDA:0,(anonymous_11)
FNDA:0,(anonymous_12)
FNDA:0,(anonymous_13)
FNDA:0,(anonymous_14)
FNDA:0,(anonymous_15)
FNDA:0,(anonymous_16)
FNDA:0,(anonymous_17)
FNDA:0,(anonymous_18)
FNDA:0,(anonymous_19)
FNDA:0,(anonymous_20)
DA:1,0
DA:2,0
DA:3,0
DA:4,0
DA:6,0
DA:13,0
DA:29,0
DA:30,0
DA:36,0
DA:38,0
DA:39,0
DA:43,0
DA:44,0
DA:46,0
DA:53,0
DA:55,0
DA:58,0
DA:62,0
DA:64,0
DA:82,0
DA:83,0
DA:90,0
DA:92,0
DA:110,0
DA:111,0
DA:121,0
DA:122,0
DA:126,0
DA:129,0
DA:131,0
DA:132,0
DA:134,0
DA:135,0
DA:137,0
DA:138,0
DA:140,0
DA:141,0
DA:143,0
DA:144,0
DA:146,0
DA:147,0
DA:150,0
DA:168,0
DA:169,0
DA:178,0
DA:179,0
DA:183,0
DA:186,0
DA:188,0
DA:189,0
DA:191,0
DA:192,0
DA:194,0
DA:195,0
DA:197,0
DA:198,0
DA:200,0
DA:201,0
DA:203,0
DA:205,0
DA:225,0
DA:226,0
DA:231,0
DA:232,0
DA:233,0
DA:235,0
DA:251,0
DA:252,0
DA:255,0
DA:257,0
DA:258,0
DA:260,0
DA:261,0
DA:263,0
DA:264,0
DA:266,0
DA:267,0
DA:269,0
DA:270,0
DA:272,0
DA:273,0
DA:275,0
DA:276,0
DA:278,0
LF:84
LH:0
BRDA:38,0,0,0
BRDA:38,0,1,0
BRDA:43,1,0,0
BRDA:43,1,1,0
BRDA:48,2,0,0
BRDA:48,2,1,0
BRDA:48,3,0,0
BRDA:48,3,1,0
BRDA:129,4,0,0
BRDA:129,4,1,0
BRDA:129,4,2,0
BRDA:129,4,3,0
BRDA:129,4,4,0
BRDA:129,4,5,0
BRDA:186,5,0,0
BRDA:186,5,1,0
BRDA:186,5,2,0
BRDA:186,5,3,0
BRDA:186,5,4,0
BRDA:228,6,0,0
BRDA:228,6,1,0
BRDA:228,7,0,0
BRDA:228,7,1,0
BRDA:255,8,0,0
BRDA:255,8,1,0
BRDA:255,8,2,0
BRDA:255,8,3,0
BRDA:255,8,4,0
BRDA:255,8,5,0
BRDA:255,8,6,0
BRF:30
BRH:0
end_of_record
TN:
SF:obsidian-prj/src/libs/BlockRenderComponents/InnerComponents/SearchInput.ts
FN:27,(anonymous_0)
FN:56,(anonymous_1)
FN:56,(anonymous_2)
FN:71,(anonymous_3)
FN:71,(anonymous_4)
FN:98,(anonymous_5)
FN:112,(anonymous_6)
FN:129,(anonymous_7)
FN:145,(anonymous_8)
FN:157,(anonymous_9)
FNF:10
FNH:0
FNDA:0,(anonymous_0)
FNDA:0,(anonymous_1)
FNDA:0,(anonymous_2)
FNDA:0,(anonymous_3)
FNDA:0,(anonymous_4)
FNDA:0,(anonymous_5)
FNDA:0,(anonymous_6)
FNDA:0,(anonymous_7)
FNDA:0,(anonymous_8)
FNDA:0,(anonymous_9)
DA:2,0
DA:3,0
DA:13,0
DA:32,0
DA:33,0
DA:35,0
DA:36,0
DA:37,0
DA:39,0
DA:42,0
DA:43,0
DA:45,0
DA:46,0
DA:47,0
DA:53,0
DA:56,0
DA:57,0
DA:68,0
DA:71,0
DA:72,0
DA:74,0
DA:75,0
DA:77,0
DA:82,0
DA:83,0
DA:88,0
DA:99,0
DA:100,0
DA:101,0
DA:102,0
DA:113,0
DA:114,0
DA:115,0
DA:117,0
DA:130,0
DA:131,0
DA:132,0
DA:133,0
DA:134,0
DA:135,0
DA:137,0
DA:149,0
DA:161,0
LF:43
LH:0
BRDA:45,0,0,0
BRF:1
BRH:0
end_of_record
TN:
SF:obsidian-prj/src/libs/ContextMenus/ContextMenu.ts
FN:23,(anonymous_0)
FN:37,(anonymous_1)
FN:44,(anonymous_2)
FN:56,(anonymous_3)
FN:73,(anonymous_4)
FN:101,(anonymous_5)
FN:118,(anonymous_6)
FN:128,(anonymous_7)
FN:136,(anonymous_8)
FNF:9
FNH:0
FNDA:0,(anonymous_0)
FNDA:0,(anonymous_1)
FNDA:0,(anonymous_2)
FNDA:0,(anonymous_3)
FNDA:0,(anonymous_4)
FNDA:0,(anonymous_5)
FNDA:0,(anonymous_6)
FNDA:0,(anonymous_7)
FNDA:0,(anonymous_8)
DA:5,0
DA:11,0
DA:16,0
DA:17,0
DA:24,0
DA:26,0
DA:30,0
DA:31,0
DA:38,0
DA:45,0
DA:46,0
DA:48,0
DA:57,0
DA:58,0
DA:59,0
DA:60,0
DA:62,0
DA:74,0
DA:75,0
DA:76,0
DA:78,0
DA:80,0
DA:102,0
DA:119,0
DA:129,0
DA:137,0
LF:26
LH:0
BRDA:24,0,0,0
BRDA:24,0,1,0
BRDA:24,1,0,0
BRDA:24,1,1,0
BRDA:26,2,0,0
BRDA:26,2,1,0
BRDA:26,3,0,0
BRDA:26,3,1,0
BRDA:45,4,0,0
BRDA:45,4,1,0
BRDA:48,5,0,0
BRDA:48,5,1,0
BRDA:48,6,0,0
BRDA:48,6,1,0
BRDA:60,7,0,0
BRDA:60,7,1,0
BRDA:60,8,0,0
BRDA:60,8,1,0
BRDA:62,9,0,0
BRDA:62,9,1,0
BRDA:62,10,0,0
BRDA:62,10,1,0
BRDA:78,11,0,0
BRDA:78,11,1,0
BRDA:78,12,0,0
BRDA:78,12,1,0
BRF:26
BRH:0
end_of_record
TN:
SF:obsidian-prj/src/libs/ContextMenus/CopyMarkdownLink.ts
FN:27,(anonymous_0)
FN:39,(anonymous_1)
FN:47,(anonymous_2)
FN:55,(anonymous_3)
FN:62,(anonymous_4)
FN:71,(anonymous_5)
FN:89,(anonymous_6)
FN:92,(anonymous_7)
FN:92,(anonymous_8)
FN:100,(anonymous_9)
FNF:10
FNH:0
FNDA:0,(anonymous_0)
FNDA:0,(anonymous_1)
FNDA:0,(anonymous_2)
FNDA:0,(anonymous_3)
FNDA:0,(anonymous_4)
FNDA:0,(anonymous_5)
FNDA:0,(anonymous_6)
FNDA:0,(anonymous_7)
FNDA:0,(anonymous_8)
FNDA:0,(anonymous_9)
DA:1,0
DA:2,0
DA:3,0
DA:4,0
DA:7,0
DA:19,0
DA:20,0
DA:28,0
DA:30,0
DA:40,0
DA:41,0
DA:48,0
DA:49,0
DA:56,0
DA:63,0
DA:72,0
DA:73,0
DA:76,0
DA:81,0
DA:82,0
DA:85,0
DA:87,0
DA:89,0
DA:90,0
DA:92,0
DA:93,0
DA:101,0
LF:27
LH:0
BRDA:72,0,0,0
BRDA:81,1,0,0
BRF:2
BRH:0
end_of_record
TN:
SF:obsidian-prj/src/libs/ContextMenus/GetMetadata.ts
FN:35,(anonymous_0)
FN:53,(anonymous_1)
FN:61,(anonymous_2)
FN:69,(anonymous_3)
FN:78,(anonymous_4)
FN:87,(anonymous_5)
FN:96,(anonymous_6)
FN:111,(anonymous_7)
FN:116,(anonymous_8)
FN:116,(anonymous_9)
FN:128,(anonymous_10)
FN:131,(anonymous_11)
FN:150,(anonymous_12)
FNF:13
FNH:0
FNDA:0,(anonymous_0)
FNDA:0,(anonymous_1)
FNDA:0,(anonymous_2)
FNDA:0,(anonymous_3)
FNDA:0,(anonymous_4)
FNDA:0,(anonymous_5)
FNDA:0,(anonymous_6)
FNDA:0,(anonymous_7)
FNDA:0,(anonymous_8)
FNDA:0,(anonymous_9)
FNDA:0,(anonymous_10)
FNDA:0,(anonymous_11)
FNDA:0,(anonymous_12)
DA:1,0
DA:2,0
DA:3,0
DA:5,0
DA:6,0
DA:7,0
DA:11,0
DA:24,0
DA:25,0
DA:29,0
DA:36,0
DA:38,0
DA:43,0
DA:46,0
DA:54,0
DA:55,0
DA:62,0
DA:63,0
DA:70,0
DA:72,0
DA:79,0
DA:88,0
DA:98,0
DA:99,0
DA:101,0
DA:103,0
DA:104,0
DA:106,0
DA:108,0
DA:109,0
DA:111,0
DA:112,0
DA:116,0
DA:117,0
DA:131,0
DA:132,0
DA:134,0
DA:139,0
DA:140,0
DA:142,0
DA:151,0
DA:152,0
DA:154,0
DA:159,0
DA:161,0
DA:163,0
DA:165,0
DA:166,0
DA:170,0
DA:172,0
DA:173,0
LF:51
LH:0
BRDA:98,0,0,0
BRDA:98,1,0,0
BRDA:98,1,1,0
BRDA:103,2,0,0
BRDA:108,3,0,0
BRDA:132,4,0,0
BRDA:132,4,1,0
BRDA:132,5,0,0
BRDA:132,5,1,0
BRDA:134,6,0,0
BRDA:134,6,1,0
BRDA:134,7,0,0
BRDA:134,7,1,0
BRDA:139,8,0,0
BRDA:139,8,1,0
BRDA:139,9,0,0
BRDA:139,9,1,0
BRDA:139,9,2,0
BRDA:154,10,0,0
BRDA:155,11,0,0
BRDA:155,11,1,0
BRDA:155,11,2,0
BRDA:159,12,0,0
BRDA:159,12,1,0
BRDA:159,13,0,0
BRDA:159,13,1,0
BRDA:165,14,0,0
BRDA:166,15,0,0
BRDA:166,15,1,0
BRDA:166,16,0,0
BRDA:166,16,1,0
BRF:31
BRH:0
end_of_record
TN:
SF:obsidian-prj/src/libs/CustomizableRenderChild/CustomizableRenderChild.ts
FN:26,(anonymous_0)
FN:43,(anonymous_1)
FN:54,(anonymous_2)
FNF:3
FNH:3
FNDA:8,(anonymous_0)
FNDA:3,(anonymous_1)
FNDA:3,(anonymous_2)
DA:1,2
DA:11,2
DA:32,8
DA:33,8
DA:34,8
DA:35,8
DA:44,3
DA:45,3
DA:46,3
DA:55,3
DA:56,3
DA:57,3
LF:12
LH:12
BRDA:33,0,0,5
BRDA:33,0,1,3
BRDA:33,1,0,8
BRDA:33,1,1,8
BRDA:44,2,0,1
BRDA:44,2,1,2
BRDA:44,3,0,3
BRDA:44,3,1,3
BRDA:45,4,0,1
BRDA:45,4,1,2
BRDA:45,5,0,3
BRDA:45,5,1,3
BRDA:55,6,0,1
BRDA:55,6,1,2
BRDA:55,7,0,3
BRDA:55,7,1,3
BRDA:56,8,0,1
BRDA:56,8,1,2
BRDA:56,9,0,3
BRDA:56,9,1,3
BRF:20
BRH:20
end_of_record
TN:
SF:obsidian-prj/src/libs/DependencyInjection/DIContainer.ts
FN:13,(anonymous_0)
FN:19,(anonymous_1)
FN:32,(anonymous_2)
FN:43,(anonymous_3)
FNF:4
FNH:4
FNDA:5,(anonymous_0)
FNDA:45,(anonymous_1)
FNDA:12,(anonymous_2)
FNDA:13,(anonymous_3)
DA:6,8
DA:8,5
DA:20,45
DA:21,5
DA:24,45
DA:33,12
DA:44,13
DA:46,13
DA:47,1
DA:48,12
DA:49,0
DA:52,12
DA:56,8
LF:13
LH:12
BRDA:20,0,0,5
BRDA:43,1,0,2
BRDA:46,2,0,1
BRDA:46,2,1,12
BRDA:46,3,0,13
BRDA:46,3,1,2
BRDA:48,4,0,0
BRF:7
BRH:6
end_of_record
TN:
SF:obsidian-prj/src/libs/DependencyInjection/__tests__/IDIContainer.spec.ts
FN:8,test_IDIContainer
FN:9,(anonymous_1)
FN:12,(anonymous_2)
FN:16,(anonymous_3)
FN:27,(anonymous_4)
FN:30,(anonymous_5)
FNF:6
FNH:6
FNDA:1,test_IDIContainer
FNDA:1,(anonymous_1)
FNDA:2,(anonymous_2)
FNDA:1,(anonymous_3)
FNDA:1,(anonymous_4)
FNDA:1,(anonymous_5)
DA:8,1
DA:9,1
DA:12,1
DA:13,2
DA:16,1
DA:17,1
DA:18,1
DA:20,1
DA:23,1
DA:24,1
DA:27,1
DA:28,1
DA:30,1
LF:13
LH:13
BRF:0
BRH:0
end_of_record
TN:
SF:obsidian-prj/src/libs/EditableDataView/EditableDataView.ts
FN:21,(anonymous_0)
FN:34,(anonymous_1)
FN:52,(anonymous_2)
FN:70,(anonymous_3)
FN:88,(anonymous_4)
FN:106,(anonymous_5)
FNF:6
FNH:0
FNDA:0,(anonymous_0)
FNDA:0,(anonymous_1)
FNDA:0,(anonymous_2)
FNDA:0,(anonymous_3)
FNDA:0,(anonymous_4)
FNDA:0,(anonymous_5)
DA:2,0
DA:3,0
DA:4,0
DA:5,0
DA:6,0
DA:11,0
DA:14,0
DA:25,0
DA:26,0
DA:37,0
DA:38,0
DA:39,0
DA:40,0
DA:42,0
DA:44,0
DA:55,0
DA:56,0
DA:57,0
DA:58,0
DA:60,0
DA:62,0
DA:73,0
DA:74,0
DA:75,0
DA:76,0
DA:78,0
DA:80,0
DA:91,0
DA:92,0
DA:93,0
DA:94,0
DA:96,0
DA:98,0
DA:109,0
DA:110,0
DA:111,0
DA:112,0
DA:114,0
DA:116,0
LF:39
LH:0
BRDA:40,0,0,0
BRDA:40,0,1,0
BRDA:40,1,0,0
BRDA:40,1,1,0
BRDA:58,2,0,0
BRDA:58,2,1,0
BRDA:58,3,0,0
BRDA:58,3,1,0
BRDA:76,4,0,0
BRDA:76,4,1,0
BRDA:76,5,0,0
BRDA:76,5,1,0
BRDA:94,6,0,0
BRDA:94,6,1,0
BRDA:94,7,0,0
BRDA:94,7,1,0
BRDA:112,8,0,0
BRDA:112,8,1,0
BRDA:112,9,0,0
BRDA:112,9,1,0
BRF:20
BRH:0
end_of_record
TN:
SF:obsidian-prj/src/libs/EditableDataView/Components/BaseComponent.ts
FN:17,(anonymous_0)
FN:84,(anonymous_1)
FN:99,(anonymous_2)
FN:128,(anonymous_3)
FN:135,(anonymous_4)
FN:143,(anonymous_5)
FN:164,(anonymous_6)
FN:175,(anonymous_7)
FN:183,(anonymous_8)
FN:194,(anonymous_9)
FN:217,(anonymous_10)
FN:233,(anonymous_11)
FN:250,(anonymous_13)
FN:262,(anonymous_14)
FN:292,(anonymous_15)
FNF:15
FNH:0
FNDA:0,(anonymous_0)
FNDA:0,(anonymous_1)
FNDA:0,(anonymous_2)
FNDA:0,(anonymous_3)
FNDA:0,(anonymous_4)
FNDA:0,(anonymous_5)
FNDA:0,(anonymous_6)
FNDA:0,(anonymous_7)
FNDA:0,(anonymous_8)
FNDA:0,(anonymous_9)
FNDA:0,(anonymous_10)
FNDA:0,(anonymous_11)
FNDA:0,(anonymous_13)
FNDA:0,(anonymous_14)
FNDA:0,(anonymous_15)
DA:1,0
DA:2,0
DA:13,0
DA:18,0
DA:42,0
DA:43,0
DA:85,0
DA:86,0
DA:88,0
DA:102,0
DA:104,0
DA:108,0
DA:110,0
DA:114,0
DA:116,0
DA:120,0
DA:121,0
DA:129,0
DA:130,0
DA:131,0
DA:132,0
DA:133,0
DA:135,0
DA:136,0
DA:144,0
DA:146,0
DA:152,0
DA:157,0
DA:158,0
DA:159,0
DA:160,0
DA:161,0
DA:162,0
DA:164,0
DA:165,0
DA:168,0
DA:169,0
DA:170,0
DA:171,0
DA:172,0
DA:173,0
DA:175,0
DA:176,0
DA:184,0
DA:185,0
DA:196,0
DA:197,0
DA:198,0
DA:202,0
DA:203,0
DA:204,0
DA:205,0
DA:206,0
DA:207,0
DA:208,0
DA:219,0
DA:220,0
DA:221,0
DA:222,0
DA:223,0
DA:224,0
DA:225,0
DA:235,0
DA:236,0
DA:237,0
DA:251,0
DA:253,0
DA:266,0
DA:268,0
DA:269,0
DA:271,0
DA:272,0
DA:277,0
DA:278,0
DA:279,0
DA:282,0
DA:283,0
DA:293,0
DA:294,0
DA:295,0
DA:296,0
DA:299,0
LF:82
LH:0
BRDA:100,0,0,0
BRDA:110,1,0,0
BRDA:111,2,0,0
BRDA:111,2,1,0
BRDA:112,3,0,0
BRDA:112,3,1,0
BRDA:185,4,0,0
BRDA:185,4,1,0
BRDA:185,5,0,0
BRDA:185,5,1,0
BRDA:196,6,0,0
BRDA:196,7,0,0
BRDA:196,7,1,0
BRDA:198,8,0,0
BRDA:198,8,1,0
BRDA:198,9,0,0
BRDA:198,9,1,0
BRDA:202,10,0,0
BRDA:202,11,0,0
BRDA:202,11,1,0
BRDA:208,12,0,0
BRDA:208,12,1,0
BRDA:208,13,0,0
BRDA:208,13,1,0
BRDA:219,14,0,0
BRDA:219,15,0,0
BRDA:219,15,1,0
BRDA:225,16,0,0
BRDA:225,16,1,0
BRDA:225,17,0,0
BRDA:225,17,1,0
BRDA:235,18,0,0
BRDA:235,19,0,0
BRDA:235,19,1,0
BRDA:236,20,0,0
BRDA:236,20,1,0
BRDA:236,21,0,0
BRDA:236,21,1,0
BRDA:271,22,0,0
BRDA:271,23,0,0
BRDA:271,23,1,0
BRDA:274,24,0,0
BRDA:274,24,1,0
BRDA:274,25,0,0
BRDA:274,25,1,0
BRDA:274,26,0,0
BRDA:274,26,1,0
BRDA:274,27,0,0
BRDA:274,27,1,0
BRDA:277,28,0,0
BRDA:293,29,0,0
BRDA:293,29,1,0
BRDA:295,30,0,0
BRF:53
BRH:0
end_of_record
TN:
SF:obsidian-prj/src/libs/EditableDataView/Components/DateComponent.ts
FN:31,(anonymous_0)
FN:45,(anonymous_1)
FN:56,(anonymous_2)
FN:67,(anonymous_3)
FN:79,(anonymous_4)
FN:91,(anonymous_5)
FN:102,(anonymous_6)
FN:118,(anonymous_7)
FN:130,(anonymous_8)
FN:139,(anonymous_9)
FN:148,(anonymous_10)
FNF:11
FNH:0
FNDA:0,(anonymous_0)
FNDA:0,(anonymous_1)
FNDA:0,(anonymous_2)
FNDA:0,(anonymous_3)
FNDA:0,(anonymous_4)
FNDA:0,(anonymous_5)
FNDA:0,(anonymous_6)
FNDA:0,(anonymous_7)
FNDA:0,(anonymous_8)
FNDA:0,(anonymous_9)
FNDA:0,(anonymous_10)
DA:2,0
DA:7,0
DA:9,0
DA:32,0
DA:33,0
DA:34,0
DA:35,0
DA:36,0
DA:37,0
DA:46,0
DA:48,0
DA:57,0
DA:59,0
DA:68,0
DA:70,0
DA:80,0
DA:82,0
DA:92,0
DA:94,0
DA:103,0
DA:104,0
DA:106,0
DA:107,0
DA:108,0
DA:110,0
DA:119,0
DA:120,0
DA:121,0
DA:122,0
DA:123,0
DA:124,0
DA:131,0
DA:132,0
DA:133,0
DA:140,0
DA:149,0
DA:150,0
LF:37
LH:0
BRDA:110,0,0,0
BRDA:110,0,1,0
BRDA:131,1,0,0
BRDA:131,1,1,0
BRDA:140,2,0,0
BRDA:140,2,1,0
BRDA:150,3,0,0
BRDA:150,3,1,0
BRDA:150,4,0,0
BRDA:150,4,1,0
BRF:10
BRH:0
end_of_record
TN:
SF:obsidian-prj/src/libs/EditableDataView/Components/DropdownComponent.ts
FN:24,(anonymous_0)
FN:26,(anonymous_1)
FN:44,(anonymous_2)
FN:58,(anonymous_3)
FN:69,(anonymous_4)
FN:80,(anonymous_5)
FN:91,(anonymous_6)
FN:104,(anonymous_7)
FN:111,(anonymous_8)
FN:111,(anonymous_9)
FN:132,(anonymous_10)
FN:142,(anonymous_11)
FN:143,(anonymous_12)
FN:152,(anonymous_13)
FN:163,(anonymous_14)
FN:171,(anonymous_15)
FN:185,(anonymous_16)
FN:196,(anonymous_17)
FN:205,(anonymous_18)
FN:214,(anonymous_19)
FNF:20
FNH:0
FNDA:0,(anonymous_0)
FNDA:0,(anonymous_1)
FNDA:0,(anonymous_2)
FNDA:0,(anonymous_3)
FNDA:0,(anonymous_4)
FNDA:0,(anonymous_5)
FNDA:0,(anonymous_6)
FNDA:0,(anonymous_7)
FNDA:0,(anonymous_8)
FNDA:0,(anonymous_9)
FNDA:0,(anonymous_10)
FNDA:0,(anonymous_11)
FNDA:0,(anonymous_12)
FNDA:0,(anonymous_13)
FNDA:0,(anonymous_14)
FNDA:0,(anonymous_15)
FNDA:0,(anonymous_16)
FNDA:0,(anonymous_17)
FNDA:0,(anonymous_18)
FNDA:0,(anonymous_19)
DA:2,0
DA:7,0
DA:9,0
DA:25,0
DA:26,0
DA:29,0
DA:31,0
DA:45,0
DA:46,0
DA:47,0
DA:48,0
DA:49,0
DA:50,0
DA:59,0
DA:61,0
DA:70,0
DA:72,0
DA:81,0
DA:83,0
DA:92,0
DA:94,0
DA:111,0
DA:112,0
DA:114,0
DA:115,0
DA:116,0
DA:118,0
DA:122,0
DA:133,0
DA:135,0
DA:143,0
DA:145,0
DA:146,0
DA:147,0
DA:148,0
DA:149,0
DA:152,0
DA:153,0
DA:154,0
DA:155,0
DA:156,0
DA:164,0
DA:172,0
DA:173,0
DA:175,0
DA:176,0
DA:177,0
DA:178,0
DA:186,0
DA:187,0
DA:188,0
DA:189,0
DA:190,0
DA:197,0
DA:198,0
DA:199,0
DA:206,0
DA:208,0
DA:215,0
DA:216,0
LF:60
LH:0
BRDA:29,0,0,0
BRDA:114,1,0,0
BRDA:114,1,1,0
BRDA:145,2,0,0
BRDA:178,3,0,0
BRDA:178,3,1,0
BRDA:178,4,0,0
BRDA:178,4,1,0
BRDA:198,5,0,0
BRDA:198,5,1,0
BRDA:206,6,0,0
BRDA:206,6,1,0
BRDA:206,7,0,0
BRDA:206,7,1,0
BRDA:216,8,0,0
BRDA:216,8,1,0
BRDA:216,9,0,0
BRDA:216,9,1,0
BRF:18
BRH:0
end_of_record
TN:
SF:obsidian-prj/src/libs/EditableDataView/Components/LinkComponent.ts
FN:37,(anonymous_0)
FN:51,(anonymous_1)
FN:62,(anonymous_2)
FN:73,(anonymous_3)
FN:84,(anonymous_4)
FN:95,(anonymous_5)
FN:106,(anonymous_6)
FN:118,(anonymous_7)
FN:130,(anonymous_8)
FN:141,(anonymous_9)
FN:141,(anonymous_10)
FN:181,(anonymous_11)
FN:192,(anonymous_12)
FN:196,(anonymous_13)
FN:207,(anonymous_14)
FN:237,(anonymous_15)
FN:250,(anonymous_16)
FN:268,(anonymous_17)
FN:293,(anonymous_18)
FN:302,(anonymous_19)
FN:309,(anonymous_20)
FNF:21
FNH:0
FNDA:0,(anonymous_0)
FNDA:0,(anonymous_1)
FNDA:0,(anonymous_2)
FNDA:0,(anonymous_3)
FNDA:0,(anonymous_4)
FNDA:0,(anonymous_5)
FNDA:0,(anonymous_6)
FNDA:0,(anonymous_7)
FNDA:0,(anonymous_8)
FNDA:0,(anonymous_9)
FNDA:0,(anonymous_10)
FNDA:0,(anonymous_11)
FNDA:0,(anonymous_12)
FNDA:0,(anonymous_13)
FNDA:0,(anonymous_14)
FNDA:0,(anonymous_15)
FNDA:0,(anonymous_16)
FNDA:0,(anonymous_17)
FNDA:0,(anonymous_18)
FNDA:0,(anonymous_19)
FNDA:0,(anonymous_20)
DA:2,0
DA:7,0
DA:9,0
DA:24,0
DA:38,0
DA:39,0
DA:40,0
DA:41,0
DA:42,0
DA:43,0
DA:52,0
DA:54,0
DA:63,0
DA:65,0
DA:74,0
DA:76,0
DA:85,0
DA:87,0
DA:96,0
DA:98,0
DA:107,0
DA:109,0
DA:119,0
DA:121,0
DA:141,0
DA:142,0
DA:143,0
DA:145,0
DA:146,0
DA:147,0
DA:148,0
DA:150,0
DA:152,0
DA:154,0
DA:155,0
DA:156,0
DA:158,0
DA:161,0
DA:162,0
DA:164,0
DA:172,0
DA:182,0
DA:184,0
DA:193,0
DA:194,0
DA:196,0
DA:197,0
DA:198,0
DA:199,0
DA:208,0
DA:209,0
DA:211,0
DA:212,0
DA:213,0
DA:215,0
DA:217,0
DA:218,0
DA:219,0
DA:220,0
DA:222,0
DA:223,0
DA:224,0
DA:225,0
DA:226,0
DA:228,0
DA:231,0
DA:238,0
DA:239,0
DA:240,0
DA:241,0
DA:242,0
DA:244,0
DA:245,0
DA:246,0
DA:247,0
DA:248,0
DA:250,0
DA:251,0
DA:257,0
DA:262,0
DA:265,0
DA:269,0
DA:270,0
DA:271,0
DA:272,0
DA:277,0
DA:281,0
DA:282,0
DA:283,0
DA:284,0
DA:285,0
DA:286,0
DA:294,0
DA:295,0
DA:296,0
DA:303,0
DA:310,0
DA:311,0
LF:98
LH:0
BRDA:145,0,0,0
BRDA:145,0,1,0
BRDA:150,1,0,0
BRDA:150,1,1,0
BRDA:150,1,2,0
BRDA:161,2,0,0
BRDA:161,3,0,0
BRDA:161,3,1,0
BRDA:162,4,0,0
BRDA:162,4,1,0
BRDA:164,5,0,0
BRDA:164,5,1,0
BRDA:166,6,0,0
BRDA:166,6,1,0
BRDA:193,7,0,0
BRDA:215,8,0,0
BRDA:215,8,1,0
BRDA:215,8,2,0
BRDA:231,9,0,0
BRDA:231,9,1,0
BRDA:231,10,0,0
BRDA:231,10,1,0
BRDA:248,11,0,0
BRDA:248,11,1,0
BRDA:251,12,0,0
BRDA:251,12,1,0
BRDA:253,13,0,0
BRDA:253,13,1,0
BRDA:257,14,0,0
BRDA:258,15,0,0
BRDA:258,15,1,0
BRDA:258,15,2,0
BRDA:269,16,0,0
BRDA:269,16,1,0
BRDA:271,17,0,0
BRDA:277,18,0,0
BRDA:278,19,0,0
BRDA:278,19,1,0
BRDA:278,19,2,0
BRDA:294,20,0,0
BRDA:294,20,1,0
BRDA:294,21,0,0
BRDA:294,21,1,0
BRDA:303,22,0,0
BRDA:303,22,1,0
BRDA:303,23,0,0
BRDA:303,23,1,0
BRDA:311,24,0,0
BRDA:311,24,1,0
BRDA:311,25,0,0
BRDA:311,25,1,0
BRF:51
BRH:0
end_of_record
TN:
SF:obsidian-prj/src/libs/EditableDataView/Components/SuggestionComponent.ts
FN:45,(anonymous_0)
FN:56,(anonymous_1)
FN:68,(anonymous_2)
FN:77,(anonymous_3)
FN:84,(anonymous_4)
FN:147,(anonymous_5)
FN:161,(anonymous_6)
FN:190,(anonymous_7)
FN:208,(anonymous_8)
FN:255,(anonymous_9)
FN:258,(anonymous_10)
FN:277,(anonymous_11)
FN:294,(anonymous_12)
FN:301,(anonymous_13)
FN:318,(anonymous_14)
FN:329,(anonymous_15)
FN:356,(anonymous_16)
FN:371,(anonymous_17)
FN:413,(anonymous_18)
FN:429,(anonymous_19)
FN:440,(anonymous_20)
FNF:21
FNH:0
FNDA:0,(anonymous_0)
FNDA:0,(anonymous_1)
FNDA:0,(anonymous_2)
FNDA:0,(anonymous_3)
FNDA:0,(anonymous_4)
FNDA:0,(anonymous_5)
FNDA:0,(anonymous_6)
FNDA:0,(anonymous_7)
FNDA:0,(anonymous_8)
FNDA:0,(anonymous_9)
FNDA:0,(anonymous_10)
FNDA:0,(anonymous_11)
FNDA:0,(anonymous_12)
FNDA:0,(anonymous_13)
FNDA:0,(anonymous_14)
FNDA:0,(anonymous_15)
FNDA:0,(anonymous_16)
FNDA:0,(anonymous_17)
FNDA:0,(anonymous_18)
FNDA:0,(anonymous_19)
FNDA:0,(anonymous_20)
DA:2,0
DA:26,0
DA:36,0
DA:46,0
DA:47,0
DA:57,0
DA:59,0
DA:69,0
DA:71,0
DA:80,0
DA:83,0
DA:85,0
DA:92,0
DA:95,0
DA:97,0
DA:98,0
DA:99,0
DA:100,0
DA:101,0
DA:102,0
DA:104,0
DA:105,0
DA:109,0
DA:110,0
DA:118,0
DA:121,0
DA:124,0
DA:126,0
DA:131,0
DA:133,0
DA:137,0
DA:138,0
DA:140,0
DA:148,0
DA:162,0
DA:165,0
DA:166,0
DA:169,0
DA:171,0
DA:173,0
DA:179,0
DA:192,0
DA:195,0
DA:196,0
DA:209,0
DA:211,0
DA:213,0
DA:215,0
DA:216,0
DA:217,0
DA:218,0
DA:221,0
DA:222,0
DA:224,0
DA:226,0
DA:228,0
DA:229,0
DA:231,0
DA:234,0
DA:238,0
DA:239,0
DA:241,0
DA:243,0
DA:244,0
DA:246,0
DA:248,0
DA:256,0
DA:258,0
DA:259,0
DA:266,0
DA:269,0
DA:270,0
DA:278,0
DA:279,0
DA:282,0
DA:285,0
DA:288,0
DA:295,0
DA:302,0
DA:304,0
DA:305,0
DA:307,0
DA:310,0
DA:319,0
DA:330,0
DA:332,0
DA:333,0
DA:335,0
DA:336,0
DA:341,0
DA:342,0
DA:343,0
DA:346,0
DA:347,0
DA:357,0
DA:358,0
DA:359,0
DA:360,0
DA:363,0
DA:375,0
DA:376,0
DA:378,0
DA:379,0
DA:381,0
DA:382,0
DA:390,0
DA:398,0
DA:399,0
DA:401,0
DA:402,0
DA:414,0
DA:416,0
DA:421,0
DA:426,0
DA:430,0
DA:441,0
DA:442,0
LF:117
LH:0
BRDA:80,0,0,0
BRDA:80,0,1,0
BRDA:88,1,0,0
BRDA:88,1,1,0
BRDA:88,2,0,0
BRDA:88,2,1,0
BRDA:88,3,0,0
BRDA:88,3,1,0
BRDA:88,4,0,0
BRDA:88,4,1,0
BRDA:97,5,0,0
BRDA:97,5,1,0
BRDA:100,6,0,0
BRDA:100,6,1,0
BRDA:109,7,0,0
BRDA:110,8,0,0
BRDA:110,8,1,0
BRDA:114,9,0,0
BRDA:114,9,1,0
BRDA:114,10,0,0
BRDA:114,10,1,0
BRDA:114,11,0,0
BRDA:114,11,1,0
BRDA:114,12,0,0
BRDA:114,12,1,0
BRDA:124,13,0,0
BRDA:124,13,1,0
BRDA:124,14,0,0
BRDA:124,14,1,0
BRDA:124,15,0,0
BRDA:124,15,1,0
BRDA:124,16,0,0
BRDA:124,16,1,0
BRDA:137,17,0,0
BRDA:137,17,1,0
BRDA:148,18,0,0
BRDA:148,18,1,0
BRDA:149,19,0,0
BRDA:149,19,1,0
BRDA:149,20,0,0
BRDA:149,20,1,0
BRDA:209,21,0,0
BRDA:209,21,1,0
BRDA:209,22,0,0
BRDA:209,22,1,0
BRDA:215,23,0,0
BRDA:215,23,1,0
BRDA:217,24,0,0
BRDA:222,25,0,0
BRDA:222,25,1,0
BRDA:229,26,0,0
BRDA:229,26,1,0
BRDA:234,27,0,0
BRDA:234,27,1,0
BRDA:239,28,0,0
BRDA:239,28,1,0
BRDA:244,29,0,0
BRDA:244,30,0,0
BRDA:244,30,1,0
BRDA:262,31,0,0
BRDA:262,31,1,0
BRDA:262,32,0,0
BRDA:262,32,1,0
BRDA:262,33,0,0
BRDA:262,33,1,0
BRDA:262,34,0,0
BRDA:262,34,1,0
BRDA:266,35,0,0
BRDA:266,35,1,0
BRDA:278,36,0,0
BRDA:295,37,0,0
BRDA:295,37,1,0
BRDA:295,38,0,0
BRDA:295,38,1,0
BRDA:295,39,0,0
BRDA:295,39,1,0
BRDA:295,40,0,0
BRDA:295,40,1,0
BRDA:304,41,0,0
BRDA:304,42,0,0
BRDA:304,42,1,0
BRDA:335,43,0,0
BRDA:335,44,0,0
BRDA:335,44,1,0
BRDA:338,45,0,0
BRDA:338,45,1,0
BRDA:338,46,0,0
BRDA:338,46,1,0
BRDA:338,47,0,0
BRDA:338,47,1,0
BRDA:338,48,0,0
BRDA:338,48,1,0
BRDA:341,49,0,0
BRDA:357,50,0,0
BRDA:357,50,1,0
BRDA:359,51,0,0
BRDA:381,52,0,0
BRDA:381,53,0,0
BRDA:381,53,1,0
BRDA:386,54,0,0
BRDA:386,54,1,0
BRDA:386,55,0,0
BRDA:386,55,1,0
BRDA:386,56,0,0
BRDA:386,56,1,0
BRDA:386,57,0,0
BRDA:386,57,1,0
BRDA:394,58,0,0
BRDA:394,58,1,0
BRDA:394,59,0,0
BRDA:394,59,1,0
BRDA:394,60,0,0
BRDA:394,60,1,0
BRDA:394,61,0,0
BRDA:394,61,1,0
BRDA:421,62,0,0
BRDA:421,62,1,0
BRDA:421,63,0,0
BRDA:421,63,1,0
BRDA:426,64,0,0
BRDA:426,64,1,0
BRDA:426,65,0,0
BRDA:426,65,1,0
BRDA:441,66,0,0
BRDA:441,66,1,0
BRDA:441,67,0,0
BRDA:441,67,1,0
BRF:127
BRH:0
end_of_record
TN:
SF:obsidian-prj/src/libs/EditableDataView/Components/TextComponent.ts
FN:40,(anonymous_0)
FN:48,(anonymous_1)
FN:62,(anonymous_2)
FN:73,(anonymous_3)
FN:84,(anonymous_4)
FN:95,(anonymous_5)
FN:106,(anonymous_6)
FN:118,(anonymous_7)
FN:130,(anonymous_8)
FN:135,(anonymous_9)
FN:135,(anonymous_10)
FN:149,(anonymous_11)
FN:155,(anonymous_12)
FN:183,(anonymous_13)
FN:194,(anonymous_14)
FN:233,(anonymous_15)
FN:237,(anonymous_16)
FN:250,(anonymous_17)
FN:261,(anonymous_18)
FN:277,(anonymous_19)
FNF:20
FNH:0
FNDA:0,(anonymous_0)
FNDA:0,(anonymous_1)
FNDA:0,(anonymous_2)
FNDA:0,(anonymous_3)
FNDA:0,(anonymous_4)
FNDA:0,(anonymous_5)
FNDA:0,(anonymous_6)
FNDA:0,(anonymous_7)
FNDA:0,(anonymous_8)
FNDA:0,(anonymous_9)
FNDA:0,(anonymous_10)
FNDA:0,(anonymous_11)
FNDA:0,(anonymous_12)
FNDA:0,(anonymous_13)
FNDA:0,(anonymous_14)
FNDA:0,(anonymous_15)
FNDA:0,(anonymous_16)
FNDA:0,(anonymous_17)
FNDA:0,(anonymous_18)
FNDA:0,(anonymous_19)
DA:1,0
DA:2,0
DA:3,0
DA:4,0
DA:5,0
DA:10,0
DA:12,0
DA:41,0
DA:49,0
DA:50,0
DA:51,0
DA:52,0
DA:53,0
DA:54,0
DA:63,0
DA:65,0
DA:74,0
DA:76,0
DA:85,0
DA:87,0
DA:96,0
DA:98,0
DA:107,0
DA:109,0
DA:119,0
DA:121,0
DA:135,0
DA:136,0
DA:139,0
DA:155,0
DA:156,0
DA:157,0
DA:159,0
DA:167,0
DA:168,0
DA:170,0
DA:174,0
DA:184,0
DA:186,0
DA:195,0
DA:196,0
DA:198,0
DA:199,0
DA:200,0
DA:201,0
DA:203,0
DA:204,0
DA:205,0
DA:206,0
DA:207,0
DA:209,0
DA:212,0
DA:213,0
DA:214,0
DA:220,0
DA:224,0
DA:234,0
DA:238,0
DA:239,0
DA:240,0
DA:241,0
DA:251,0
DA:252,0
DA:253,0
DA:254,0
DA:255,0
DA:262,0
DA:263,0
DA:264,0
DA:265,0
DA:266,0
DA:268,0
DA:270,0
DA:271,0
DA:278,0
DA:279,0
LF:76
LH:0
BRDA:149,0,0,0
BRDA:156,1,0,0
BRDA:156,1,1,0
BRDA:203,2,0,0
BRDA:203,2,1,0
BRDA:206,3,0,0
BRDA:206,3,1,0
BRDA:212,4,0,0
BRDA:212,5,0,0
BRDA:212,5,1,0
BRDA:213,6,0,0
BRDA:220,7,0,0
BRDA:220,7,1,0
BRDA:224,8,0,0
BRDA:224,8,1,0
BRDA:238,9,0,0
BRDA:238,9,1,0
BRDA:240,10,0,0
BRDA:254,11,0,0
BRDA:254,11,1,0
BRDA:254,12,0,0
BRDA:254,12,1,0
BRDA:262,13,0,0
BRDA:262,13,1,0
BRDA:265,14,0,0
BRDA:265,14,1,0
BRDA:271,15,0,0
BRDA:271,15,1,0
BRDA:271,16,0,0
BRDA:271,16,1,0
BRDA:278,17,0,0
BRDA:278,17,1,0
BRDA:278,18,0,0
BRDA:278,18,1,0
BRDA:279,19,0,0
BRDA:279,19,1,0
BRDA:279,20,0,0
BRDA:279,20,1,0
BRF:38
BRH:0
end_of_record
TN:
SF:obsidian-prj/src/libs/EditableDataView/Components/TextareaComponent.ts
FN:36,(anonymous_0)
FN:50,(anonymous_1)
FN:61,(anonymous_2)
FN:72,(anonymous_3)
FN:83,(anonymous_4)
FN:95,(anonymous_5)
FN:100,(anonymous_6)
FN:100,(anonymous_7)
FN:114,(anonymous_8)
FN:120,(anonymous_9)
FN:148,(anonymous_10)
FN:159,(anonymous_11)
FN:181,(anonymous_12)
FN:185,(anonymous_13)
FN:206,(anonymous_14)
FN:217,(anonymous_15)
FN:232,(anonymous_16)
FNF:17
FNH:0
FNDA:0,(anonymous_0)
FNDA:0,(anonymous_1)
FNDA:0,(anonymous_2)
FNDA:0,(anonymous_3)
FNDA:0,(anonymous_4)
FNDA:0,(anonymous_5)
FNDA:0,(anonymous_6)
FNDA:0,(anonymous_7)
FNDA:0,(anonymous_8)
FNDA:0,(anonymous_9)
FNDA:0,(anonymous_10)
FNDA:0,(anonymous_11)
FNDA:0,(anonymous_12)
FNDA:0,(anonymous_13)
FNDA:0,(anonymous_14)
FNDA:0,(anonymous_15)
FNDA:0,(anonymous_16)
DA:1,0
DA:2,0
DA:3,0
DA:4,0
DA:9,0
DA:11,0
DA:37,0
DA:38,0
DA:39,0
DA:40,0
DA:41,0
DA:42,0
DA:51,0
DA:53,0
DA:62,0
DA:64,0
DA:73,0
DA:75,0
DA:84,0
DA:86,0
DA:100,0
DA:101,0
DA:104,0
DA:120,0
DA:121,0
DA:122,0
DA:124,0
DA:132,0
DA:133,0
DA:135,0
DA:139,0
DA:149,0
DA:151,0
DA:160,0
DA:161,0
DA:163,0
DA:164,0
DA:165,0
DA:166,0
DA:168,0
DA:169,0
DA:170,0
DA:171,0
DA:172,0
DA:174,0
DA:182,0
DA:186,0
DA:187,0
DA:188,0
DA:189,0
DA:190,0
DA:192,0
DA:193,0
DA:194,0
DA:195,0
DA:196,0
DA:207,0
DA:208,0
DA:209,0
DA:210,0
DA:211,0
DA:218,0
DA:219,0
DA:220,0
DA:221,0
DA:222,0
DA:224,0
DA:226,0
DA:233,0
DA:234,0
LF:70
LH:0
BRDA:114,0,0,0
BRDA:121,1,0,0
BRDA:121,1,1,0
BRDA:168,2,0,0
BRDA:168,2,1,0
BRDA:171,3,0,0
BRDA:171,3,1,0
BRDA:186,4,0,0
BRDA:186,4,1,0
BRDA:188,5,0,0
BRDA:192,6,0,0
BRDA:192,7,0,0
BRDA:192,7,1,0
BRDA:218,8,0,0
BRDA:218,8,1,0
BRDA:221,9,0,0
BRDA:221,9,1,0
BRDA:233,10,0,0
BRDA:233,10,1,0
BRDA:233,11,0,0
BRDA:233,11,1,0
BRDA:234,12,0,0
BRDA:234,12,1,0
BRDA:234,13,0,0
BRDA:234,13,1,0
BRF:25
BRH:0
end_of_record
TN:
SF:obsidian-prj/src/libs/FileType/FileType.ts
FN:32,(anonymous_0)
FN:40,(anonymous_1)
FN:49,(anonymous_2)
FN:56,(anonymous_3)
FN:65,(anonymous_4)
FN:74,(anonymous_5)
FN:94,(anonymous_6)
FN:111,(anonymous_7)
FN:119,(anonymous_8)
FN:126,(anonymous_9)
FN:133,(anonymous_10)
FN:141,(anonymous_11)
FNF:12
FNH:11
FNDA:0,(anonymous_0)
FNDA:1,(anonymous_1)
FNDA:19,(anonymous_2)
FNDA:32,(anonymous_3)
FNDA:12,(anonymous_4)
FNDA:101,(anonymous_5)
FNDA:45,(anonymous_6)
FNDA:20,(anonymous_7)
FNDA:1,(anonymous_8)
FNDA:9,(anonymous_9)
FNDA:6,(anonymous_10)
FNDA:2,(anonymous_11)
DA:1,1
DA:2,1
DA:4,1
DA:5,1
DA:17,1
DA:21,1
DA:33,0
DA:41,1
DA:50,19
DA:57,32
DA:66,12
DA:75,101
DA:80,44
DA:81,57
DA:82,41
DA:98,45
DA:99,5
DA:103,40
DA:112,20
DA:113,20
DA:120,1
DA:127,9
DA:134,6
DA:142,2
LF:24
LH:23
BRDA:75,0,0,44
BRDA:75,0,1,57
BRDA:76,1,0,101
BRDA:76,1,1,91
BRDA:76,1,2,81
BRDA:81,2,0,41
BRDA:82,3,0,41
BRDA:82,3,1,0
BRDA:98,4,0,5
BRDA:98,4,1,40
BRDA:100,5,0,5
BRDA:100,5,1,0
BRDA:100,6,0,5
BRDA:100,6,1,5
BRDA:120,7,0,1
BRDA:120,7,1,0
BRDA:120,8,0,1
BRDA:120,8,1,1
BRDA:127,9,0,8
BRDA:127,9,1,1
BRDA:127,10,0,9
BRDA:127,10,1,9
BRDA:134,11,0,5
BRDA:134,11,1,1
BRDA:134,12,0,6
BRDA:134,12,1,6
BRF:26
BRH:23
end_of_record
TN:
SF:obsidian-prj/src/libs/Helper/General.ts
FN:33,(anonymous_0)
FN:40,(anonymous_1)
FN:50,(anonymous_2)
FN:75,(anonymous_3)
FN:88,(anonymous_4)
FN:117,(anonymous_5)
FN:151,(anonymous_6)
FN:152,(anonymous_8)
FN:160,(anonymous_9)
FN:173,(anonymous_10)
FN:180,(anonymous_11)
FN:197,(anonymous_12)
FN:218,(anonymous_13)
FNF:13
FNH:12
FNDA:0,(anonymous_0)
FNDA:1,(anonymous_1)
FNDA:4,(anonymous_2)
FNDA:2,(anonymous_3)
FNDA:3,(anonymous_4)
FNDA:6,(anonymous_5)
FNDA:1,(anonymous_6)
FNDA:1,(anonymous_8)
FNDA:11,(anonymous_9)
FNDA:3,(anonymous_10)
FNDA:4,(anonymous_11)
FNDA:3,(anonymous_12)
FNDA:2,(anonymous_13)
DA:1,1
DA:2,1
DA:4,1
DA:6,1
DA:26,1
DA:27,1
DA:34,0
DA:41,1
DA:52,4
DA:54,4
DA:55,2
DA:57,2
DA:59,2
DA:60,1
DA:63,1
DA:76,2
DA:78,2
DA:94,3
DA:95,1
DA:99,2
DA:101,2
DA:103,1
DA:104,1
DA:105,1
DA:107,0
DA:108,0
DA:109,1
DA:111,1
DA:115,2
DA:117,6
DA:118,2
DA:120,2
DA:123,2
DA:126,2
DA:129,2
DA:130,6
DA:136,6
DA:140,2
DA:143,2
DA:152,1
DA:161,11
DA:163,7
DA:169,4
DA:171,1
DA:173,1
DA:174,3
DA:178,3
DA:180,3
DA:181,4
DA:187,4
DA:199,3
DA:200,3
DA:202,3
DA:204,0
DA:207,3
DA:210,3
DA:219,2
DA:221,2
LF:58
LH:54
BRDA:54,0,0,2
BRDA:59,1,0,1
BRDA:75,2,0,1
BRDA:75,3,0,1
BRDA:90,4,0,2
BRDA:91,5,0,2
BRDA:94,6,0,1
BRDA:101,7,0,1
BRDA:101,7,1,1
BRDA:105,8,0,0
BRDA:105,8,1,1
BRDA:109,9,0,1
BRDA:123,10,0,0
BRDA:126,11,0,1
BRDA:136,12,0,2
BRDA:161,13,0,7
BRDA:161,14,0,11
BRDA:161,14,1,11
BRDA:169,15,0,1
BRDA:169,15,1,3
BRDA:202,16,0,0
BRDA:202,16,1,3
BRF:22
BRH:19
end_of_record
TN:
SF:obsidian-prj/src/libs/Helper/Obsidian.ts
FN:34,(anonymous_0)
FN:47,(anonymous_1)
FN:55,(anonymous_2)
FN:63,(anonymous_3)
FN:81,(anonymous_4)
FN:89,(anonymous_6)
FN:102,(anonymous_8)
FN:109,(anonymous_9)
FNF:8
FNH:8
FNDA:12,(anonymous_0)
FNDA:2,(anonymous_1)
FNDA:4,(anonymous_2)
FNDA:4,(anonymous_3)
FNDA:4,(anonymous_4)
FNDA:4,(anonymous_6)
FNDA:4,(anonymous_8)
FNDA:4,(anonymous_9)
DA:2,1
DA:3,1
DA:5,1
DA:7,1
DA:25,1
DA:35,12
DA:37,12
DA:41,12
DA:48,2
DA:56,4
DA:64,4
DA:65,4
DA:67,4
DA:68,2
DA:70,2
DA:73,2
DA:82,4
DA:90,4
DA:91,4
DA:92,4
DA:93,4
DA:94,4
DA:95,4
DA:96,4
DA:103,4
DA:110,4
DA:112,4
DA:114,4
DA:115,4
DA:116,4
DA:118,2
LF:31
LH:31
BRDA:35,0,0,0
BRDA:35,0,1,12
BRDA:35,1,0,12
BRDA:35,1,1,12
BRDA:37,2,0,6
BRDA:37,2,1,6
BRDA:37,3,0,12
BRDA:37,3,1,12
BRDA:67,4,0,2
BRDA:68,5,0,1
BRDA:68,5,1,1
BRDA:68,6,0,2
BRDA:68,6,1,2
BRDA:90,7,0,2
BRDA:90,7,1,2
BRDA:90,8,0,4
BRDA:90,8,1,4
BRDA:114,9,0,4
BRDA:118,10,0,1
BRDA:118,10,1,1
BRDA:118,11,0,2
BRDA:118,11,1,2
BRF:22
BRH:21
end_of_record
TN:
SF:obsidian-prj/src/libs/KanbanSync/KanbanMarkdownGenerator.ts
FN:22,(anonymous_0)
FN:33,(anonymous_1)
FN:33,(anonymous_2)
FN:53,(anonymous_3)
FN:68,(anonymous_4)
FN:76,(anonymous_5)
FN:77,(anonymous_6)
FN:89,(anonymous_7)
FN:99,(anonymous_8)
FN:128,(anonymous_9)
FNF:10
FNH:0
FNDA:0,(anonymous_0)
FNDA:0,(anonymous_1)
FNDA:0,(anonymous_2)
FNDA:0,(anonymous_3)
FNDA:0,(anonymous_4)
FNDA:0,(anonymous_5)
FNDA:0,(anonymous_6)
FNDA:0,(anonymous_7)
FNDA:0,(anonymous_8)
FNDA:0,(anonymous_9)
DA:2,0
DA:3,0
DA:5,0
DA:10,0
DA:11,0
DA:12,0
DA:23,0
DA:24,0
DA:25,0
DA:33,0
DA:34,0
DA:35,0
DA:39,0
DA:41,0
DA:43,0
DA:54,0
DA:69,0
DA:77,0
DA:78,0
DA:81,0
DA:90,0
DA:92,0
DA:94,0
DA:96,0
DA:98,0
DA:99,0
DA:100,0
DA:102,0
DA:104,0
DA:108,0
DA:111,0
DA:115,0
DA:119,0
DA:121,0
DA:129,0
LF:35
LH:0
BRDA:33,0,0,0
BRDA:34,1,0,0
BRDA:34,1,1,0
BRDA:90,2,0,0
BRDA:90,2,1,0
BRDA:94,3,0,0
BRDA:94,3,1,0
BRDA:98,4,0,0
BRDA:98,5,0,0
BRDA:98,5,1,0
BRDA:102,6,0,0
BRDA:112,7,0,0
BRDA:112,7,1,0
BRDA:115,8,0,0
BRDA:115,8,1,0
BRF:15
BRH:0
end_of_record
TN:
SF:obsidian-prj/src/libs/KanbanSync/KanbanModels.ts
FN:22,(anonymous_0)
FN:30,(anonymous_1)
FN:38,(anonymous_2)
FN:46,(anonymous_3)
FN:56,(anonymous_4)
FN:74,(anonymous_5)
FN:87,(anonymous_6)
FN:100,(anonymous_7)
FN:117,(anonymous_8)
FN:136,(anonymous_9)
FN:154,(anonymous_10)
FN:190,(anonymous_11)
FN:212,(anonymous_12)
FN:219,(anonymous_13)
FN:226,(anonymous_14)
FN:235,(anonymous_15)
FN:243,(anonymous_16)
FN:253,(anonymous_17)
FN:275,(anonymous_18)
FN:297,(anonymous_19)
FN:319,(anonymous_20)
FN:328,(anonymous_21)
FN:336,(anonymous_22)
FN:346,(anonymous_23)
FNF:24
FNH:0
FNDA:0,(anonymous_0)
FNDA:0,(anonymous_1)
FNDA:0,(anonymous_2)
FNDA:0,(anonymous_3)
FNDA:0,(anonymous_4)
FNDA:0,(anonymous_5)
FNDA:0,(anonymous_6)
FNDA:0,(anonymous_7)
FNDA:0,(anonymous_8)
FNDA:0,(anonymous_9)
FNDA:0,(anonymous_10)
FNDA:0,(anonymous_11)
FNDA:0,(anonymous_12)
FNDA:0,(anonymous_13)
FNDA:0,(anonymous_14)
FNDA:0,(anonymous_15)
FNDA:0,(anonymous_16)
FNDA:0,(anonymous_17)
FNDA:0,(anonymous_18)
FNDA:0,(anonymous_19)
FNDA:0,(anonymous_20)
FNDA:0,(anonymous_21)
FNDA:0,(anonymous_22)
FNDA:0,(anonymous_23)
DA:2,0
DA:3,0
DA:10,0
DA:11,0
DA:16,0
DA:18,0
DA:23,0
DA:31,0
DA:39,0
DA:47,0
DA:61,0
DA:62,0
DA:63,0
DA:65,0
DA:75,0
DA:77,0
DA:88,0
DA:90,0
DA:91,0
DA:101,0
DA:102,0
DA:103,0
DA:104,0
DA:109,0
DA:118,0
DA:119,0
DA:120,0
DA:121,0
DA:122,0
DA:128,0
DA:137,0
DA:139,0
DA:140,0
DA:141,0
DA:145,0
DA:155,0
DA:157,0
DA:158,0
DA:162,0
DA:165,0
DA:166,0
DA:167,0
DA:169,0
DA:170,0
DA:172,0
DA:173,0
DA:174,0
DA:175,0
DA:177,0
DA:191,0
DA:192,0
DA:193,0
DA:194,0
DA:196,0
DA:206,0
DA:207,0
DA:213,0
DA:220,0
DA:227,0
DA:236,0
DA:244,0
DA:254,0
DA:255,0
DA:256,0
DA:259,0
DA:260,0
DA:262,0
DA:265,0
DA:276,0
DA:277,0
DA:280,0
DA:281,0
DA:283,0
DA:286,0
DA:288,0
DA:298,0
DA:299,0
DA:301,0
DA:302,0
DA:313,0
DA:314,0
DA:320,0
DA:329,0
DA:337,0
DA:351,0
DA:352,0
DA:353,0
DA:355,0
LF:88
LH:0
BRDA:90,0,0,0
BRDA:102,1,0,0
BRDA:103,2,0,0
BRDA:119,3,0,0
BRDA:121,4,0,0
BRDA:140,5,0,0
BRDA:140,6,0,0
BRDA:140,6,1,0
BRDA:157,7,0,0
BRDA:166,8,0,0
BRDA:169,9,0,0
BRDA:173,10,0,0
BRDA:192,11,0,0
BRDA:259,12,0,0
BRDA:259,12,1,0
BRDA:276,13,0,0
BRDA:280,14,0,0
BRDA:280,14,1,0
BRDA:298,15,0,0
BRDA:301,16,0,0
BRDA:351,17,0,0
BRDA:351,17,1,0
[...]
BRDA:454,95,0,0
BRDA:454,95,1,0
BRDA:454,96,0,0
BRDA:454,96,1,0
BRDA:459,97,0,0
BRDA:459,97,1,0
BRDA:459,98,0,0
BRDA:459,98,1,0
BRDA:462,99,0,0
BRDA:470,100,0,0
BRDA:470,100,1,0
BRDA:471,101,0,0
BRDA:471,101,1,0
BRDA:471,101,2,0
BRDA:478,102,0,0
BRDA:478,102,1,0
BRDA:478,103,0,0
BRDA:478,103,1,0
BRDA:478,104,0,0
BRDA:478,104,1,0
BRDA:478,105,0,0
BRDA:478,105,1,0
BRDA:481,106,0,0
BRF:199
BRH:0
end_of_record
TN:
SF:obsidian-prj/src/models/FileModel.ts
FN:33,(anonymous_0)
FN:49,(anonymous_1)
FN:55,(anonymous_2)
FN:92,(anonymous_3)
FN:114,(anonymous_4)
FN:137,(anonymous_5)
FN:175,(anonymous_6)
FN:189,(anonymous_7)
FN:200,(anonymous_8)
FN:201,(anonymous_9)
FN:201,(anonymous_10)
FN:214,(anonymous_11)
FN:229,(anonymous_13)
FN:249,(anonymous_14)
FN:259,(anonymous_15)
FN:289,(anonymous_16)
FN:293,(anonymous_17)
FN:320,(anonymous_18)
FN:336,(anonymous_20)
FN:359,(anonymous_22)
FNF:20
FNH:0
FNDA:0,(anonymous_0)
FNDA:0,(anonymous_1)
FNDA:0,(anonymous_2)
FNDA:0,(anonymous_3)
FNDA:0,(anonymous_4)
FNDA:0,(anonymous_5)
FNDA:0,(anonymous_6)
FNDA:0,(anonymous_7)
FNDA:0,(anonymous_8)
FNDA:0,(anonymous_9)
FNDA:0,(anonymous_10)
FNDA:0,(anonymous_11)
FNDA:0,(anonymous_13)
FNDA:0,(anonymous_14)
FNDA:0,(anonymous_15)
FNDA:0,(anonymous_16)
FNDA:0,(anonymous_17)
FNDA:0,(anonymous_18)
FNDA:0,(anonymous_20)
FNDA:0,(anonymous_22)
DA:4,0
DA:5,0
DA:7,0
DA:10,0
DA:11,0
DA:17,0
DA:34,0
DA:35,0
DA:38,0
DA:40,0
DA:50,0
DA:51,0
DA:53,0
DA:55,0
DA:56,0
DA:62,0
DA:77,0
DA:98,0
DA:101,0
DA:103,0
DA:105,0
DA:107,0
DA:108,0
DA:116,0
DA:118,0
DA:120,0
DA:123,0
DA:126,0
DA:138,0
DA:139,0
DA:141,0
DA:143,0
DA:144,0
DA:145,0
DA:147,0
DA:148,0
DA:150,0
DA:153,0
DA:154,0
DA:155,0
DA:156,0
DA:157,0
DA:162,0
DA:163,0
DA:165,0
DA:176,0
DA:178,0
DA:179,0
DA:180,0
DA:190,0
DA:201,0
DA:202,0
DA:218,0
DA:220,0
DA:221,0
DA:224,0
DA:226,0
DA:227,0
DA:230,0
DA:234,0
DA:238,0
DA:250,0
DA:251,0
DA:260,0
DA:261,0
DA:263,0
DA:269,0
DA:273,0
DA:275,0
DA:277,0
DA:293,0
DA:294,0
DA:295,0
DA:298,0
DA:304,0
DA:308,0
DA:309,0
DA:321,0
DA:323,0
DA:340,0
DA:344,0
DA:364,0
DA:366,0
DA:368,0
DA:370,0
DA:372,0
DA:373,0
DA:376,0
LF:88
LH:0
BRDA:34,0,0,0
BRDA:35,1,0,0
BRDA:35,1,1,0
BRDA:35,2,0,0
BRDA:35,2,1,0
BRDA:38,3,0,0
BRDA:38,3,1,0
BRDA:38,4,0,0
BRDA:38,4,1,0
BRDA:50,5,0,0
BRDA:50,5,1,0
BRDA:53,6,0,0
BRDA:53,6,1,0
BRDA:53,7,0,0
BRDA:53,7,1,0
BRDA:62,8,0,0
BRDA:62,8,1,0
BRDA:62,9,0,0
BRDA:62,9,1,0
BRDA:103,10,0,0
BRDA:138,11,0,0
BRDA:143,12,0,0
BRDA:144,13,0,0
BRDA:144,13,1,0
BRDA:144,14,0,0
BRDA:144,14,1,0
BRDA:148,15,0,0
BRDA:148,15,1,0
BRDA:148,16,0,0
BRDA:148,16,1,0
BRDA:153,17,0,0
BRDA:155,18,0,0
BRDA:163,19,0,0
BRDA:163,19,1,0
BRDA:163,20,0,0
BRDA:163,20,1,0
BRDA:179,21,0,0
BRDA:190,22,0,0
BRDA:190,22,1,0
BRDA:190,23,0,0
BRDA:190,23,1,0
BRDA:218,24,0,0
BRDA:220,25,0,0
BRDA:224,26,0,0
BRDA:224,26,1,0
BRDA:224,27,0,0
BRDA:224,27,1,0
BRDA:227,28,0,0
BRDA:227,28,1,0
BRDA:227,29,0,0
BRDA:227,29,1,0
BRDA:234,30,0,0
BRDA:234,30,1,0
BRDA:234,31,0,0
BRDA:234,31,1,0
BRDA:238,32,0,0
BRDA:238,32,1,0
BRDA:238,33,0,0
BRDA:238,33,1,0
BRDA:250,34,0,0
BRDA:260,35,0,0
BRDA:261,36,0,0
BRDA:261,36,1,0
BRDA:261,37,0,0
BRDA:261,37,1,0
BRDA:263,38,0,0
BRDA:263,38,1,0
BRDA:264,39,0,0
BRDA:264,39,1,0
BRDA:264,39,2,0
BRDA:275,40,0,0
BRDA:275,40,1,0
BRDA:275,41,0,0
BRDA:275,41,1,0
BRDA:294,42,0,0
BRDA:294,43,0,0
BRDA:294,43,1,0
BRDA:298,44,0,0
BRDA:298,44,1,0
BRDA:299,45,0,0
BRDA:299,45,1,0
BRDA:299,45,2,0
BRDA:299,45,3,0
BRDA:308,46,0,0
BRDA:340,47,0,0
BRDA:340,47,1,0
BRDA:368,48,0,0
BRDA:372,49,0,0
BRF:88
BRH:0
end_of_record
TN:
SF:obsidian-prj/src/models/NoteModel.ts
FN:22,(anonymous_0)
FN:28,(anonymous_1)
FN:37,(anonymous_2)
FN:47,(anonymous_3)
FN:60,(anonymous_4)
FN:73,(anonymous_6)
FN:96,(anonymous_7)
FNF:7
FNH:0
FNDA:0,(anonymous_0)
FNDA:0,(anonymous_1)
FNDA:0,(anonymous_2)
FNDA:0,(anonymous_3)
FNDA:0,(anonymous_4)
FNDA:0,(anonymous_6)
FNDA:0,(anonymous_7)
DA:4,0
DA:6,0
DA:7,0
DA:8,0
DA:10,0
DA:15,0
DA:23,0
DA:29,0
DA:38,0
DA:48,0
DA:49,0
DA:51,0
DA:61,0
DA:62,0
DA:64,0
DA:74,0
DA:75,0
DA:77,0
DA:78,0
DA:79,0
DA:80,0
DA:83,0
DA:97,0
DA:99,0
DA:100,0
DA:105,0
DA:106,0
DA:108,0
DA:109,0
DA:110,0
DA:114,0
DA:115,0
DA:118,0
LF:33
LH:0
BRDA:48,0,0,0
BRDA:48,0,1,0
BRDA:64,1,0,0
BRDA:64,1,1,0
BRDA:64,2,0,0
BRDA:64,2,1,0
BRDA:77,3,0,0
BRDA:77,3,1,0
BRDA:77,4,0,0
BRDA:77,4,1,0
BRDA:79,5,0,0
BRDA:99,6,0,0
BRDA:105,7,0,0
BRDA:108,8,0,0
BRDA:108,9,0,0
BRDA:108,9,1,0
BRDA:110,10,0,0
BRDA:110,10,1,0
BRDA:114,11,0,0
BRF:19
BRH:0
end_of_record
TN:
SF:obsidian-prj/src/models/PrjTaskManagementModel.ts
FN:30,(anonymous_0)
FN:36,(anonymous_1)
FN:46,(anonymous_2)
FN:58,(anonymous_3)
FN:77,(anonymous_4)
FN:87,(anonymous_5)
FN:109,(anonymous_6)
FN:123,(anonymous_7)
FN:145,(anonymous_8)
FN:164,(anonymous_9)
FN:223,(anonymous_10)
FN:239,(anonymous_11)
FN:271,(anonymous_12)
FN:276,(anonymous_13)
FN:343,(anonymous_14)
FN:370,(anonymous_15)
FN:414,(anonymous_16)
FN:438,(anonymous_17)
FN:466,(anonymous_18)
FNF:19
FNH:0
FNDA:0,(anonymous_0)
FNDA:0,(anonymous_1)
FNDA:0,(anonymous_2)
FNDA:0,(anonymous_3)
FNDA:0,(anonymous_4)
FNDA:0,(anonymous_5)
FNDA:0,(anonymous_6)
FNDA:0,(anonymous_7)
FNDA:0,(anonymous_8)
FNDA:0,(anonymous_9)
FNDA:0,(anonymous_10)
FNDA:0,(anonymous_11)
FNDA:0,(anonymous_12)
FNDA:0,(anonymous_13)
FNDA:0,(anonymous_14)
FNDA:0,(anonymous_15)
FNDA:0,(anonymous_16)
FNDA:0,(anonymous_17)
FNDA:0,(anonymous_18)
DA:1,0
DA:2,0
DA:3,0
DA:4,0
DA:6,0
DA:7,0
DA:8,0
DA:15,0
DA:21,0
DA:31,0
DA:37,0
DA:51,0
DA:59,0
DA:61,0
DA:63,0
DA:65,0
DA:67,0
DA:78,0
DA:88,0
DA:90,0
DA:92,0
DA:93,0
DA:95,0
DA:96,0
DA:97,0
DA:99,0
DA:100,0
DA:102,0
DA:110,0
DA:124,0
DA:125,0
DA:127,0
DA:129,0
DA:133,0
DA:135,0
DA:146,0
DA:147,0
DA:149,0
DA:150,0
DA:151,0
DA:152,0
DA:155,0
DA:165,0
DA:168,0
DA:177,0
DA:178,0
DA:180,0
DA:183,0
DA:184,0
DA:185,0
DA:187,0
DA:190,0
DA:191,0
DA:193,0
DA:197,0
DA:209,0
DA:231,0
DA:246,0
DA:248,0
DA:249,0
DA:250,0
DA:252,0
DA:276,0
DA:278,0
DA:279,0
DA:281,0
DA:282,0
DA:283,0
DA:288,0
DA:289,0
DA:293,0
DA:294,0
DA:298,0
DA:299,0
DA:301,0
DA:302,0
DA:306,0
DA:308,0
DA:310,0
DA:311,0
DA:315,0
DA:316,0
DA:318,0
DA:319,0
DA:323,0
DA:324,0
DA:328,0
DA:344,0
DA:346,0
DA:348,0
DA:350,0
DA:352,0
DA:354,0
DA:375,0
DA:376,0
DA:379,0
DA:380,0
DA:383,0
DA:384,0
DA:387,0
DA:388,0
DA:390,0
DA:391,0
DA:394,0
DA:396,0
DA:398,0
DA:399,0
DA:400,0
DA:401,0
DA:402,0
DA:403,0
DA:406,0
DA:419,0
DA:424,0
DA:425,0
DA:427,0
DA:429,0
DA:439,0
DA:443,0
DA:445,0
DA:446,0
DA:448,0
DA:451,0
DA:453,0
DA:454,0
DA:456,0
DA:459,0
DA:467,0
DA:469,0
DA:470,0
DA:472,0
DA:474,0
DA:475,0
DA:477,0
DA:480,0
DA:481,0
DA:483,0
DA:484,0
DA:486,0
DA:488,0
DA:489,0
DA:491,0
DA:493,0
DA:494,0
DA:496,0
DA:498,0
DA:502,0
DA:505,0
DA:506,0
DA:507,0
DA:508,0
DA:510,0
DA:513,0
LF:153
LH:0
BRDA:59,0,0,0
BRDA:59,0,1,0
BRDA:59,0,2,0
BRDA:59,0,3,0
BRDA:59,1,0,0
BRDA:59,1,1,0
BRDA:59,2,0,0
BRDA:59,2,1,0
BRDA:90,3,0,0
BRDA:92,4,0,0
BRDA:95,5,0,0
BRDA:102,6,0,0
BRDA:124,7,0,0
BRDA:125,8,0,0
BRDA:125,8,1,0
BRDA:127,9,0,0
BRDA:127,9,1,0
BRDA:127,10,0,0
BRDA:127,10,1,0
BRDA:133,11,0,0
BRDA:149,12,0,0
BRDA:149,12,1,0
BRDA:149,13,0,0
BRDA:149,13,1,0
BRDA:151,14,0,0
BRDA:168,15,0,0
BRDA:168,15,1,0
BRDA:177,16,0,0
BRDA:178,17,0,0
BRDA:178,17,1,0
BRDA:178,18,0,0
BRDA:178,18,1,0
BRDA:178,19,0,0
BRDA:178,19,1,0
BRDA:178,20,0,0
BRDA:178,20,1,0
BRDA:183,21,0,0
BRDA:183,21,1,0
BRDA:184,22,0,0
BRDA:184,22,1,0
BRDA:184,23,0,0
BRDA:184,23,1,0
BRDA:184,24,0,0
BRDA:184,24,1,0
BRDA:184,25,0,0
BRDA:184,25,1,0
BRDA:190,26,0,0
BRDA:190,27,0,0
BRDA:190,27,1,0
BRDA:190,28,0,0
BRDA:190,28,1,0
BRDA:193,29,0,0
BRDA:193,29,1,0
BRDA:193,30,0,0
BRDA:193,30,1,0
BRDA:248,31,0,0
BRDA:249,32,0,0
BRDA:249,32,1,0
BRDA:249,33,0,0
BRDA:249,33,1,0
BRDA:252,34,0,0
BRDA:252,34,1,0
BRDA:281,35,0,0
BRDA:281,36,0,0
BRDA:281,36,1,0
BRDA:282,37,0,0
BRDA:282,38,0,0
BRDA:282,38,1,0
BRDA:288,39,0,0
BRDA:293,40,0,0
BRDA:301,41,0,0
BRDA:310,42,0,0
BRDA:315,43,0,0
BRDA:315,43,1,0
BRDA:315,44,0,0
BRDA:315,44,1,0
BRDA:316,45,0,0
BRDA:316,45,1,0
BRDA:316,46,0,0
BRDA:316,46,1,0
BRDA:318,47,0,0
BRDA:323,48,0,0
BRDA:323,49,0,0
BRDA:323,49,1,0
BRDA:344,50,0,0
BRDA:344,50,1,0
BRDA:344,50,2,0
BRDA:344,50,3,0
BRDA:344,50,4,0
BRDA:375,51,0,0
BRDA:375,52,0,0
BRDA:375,52,1,0
BRDA:379,53,0,0
BRDA:383,54,0,0
BRDA:398,55,0,0
BRDA:398,55,1,0
BRDA:400,56,0,0
BRDA:400,56,1,0
BRDA:402,57,0,0
BRDA:419,58,0,0
BRDA:419,58,1,0
BRDA:420,59,0,0
BRDA:420,59,1,0
BRDA:420,59,2,0
BRDA:445,60,0,0
BRDA:453,61,0,0
BRDA:469,62,0,0
BRDA:474,63,0,0
BRDA:480,64,0,0
BRDA:480,65,0,0
BRDA:480,65,1,0
BRDA:480,66,0,0
BRDA:480,66,1,0
BRDA:481,67,0,0
BRDA:481,67,1,0
BRDA:481,67,2,0
BRDA:481,67,3,0
BRDA:481,68,0,0
BRDA:481,68,1,0
BRDA:481,69,0,0
BRDA:481,69,1,0
BRDA:483,70,0,0
BRDA:488,71,0,0
BRDA:493,72,0,0
BRDA:502,73,0,0
BRDA:505,74,0,0
BRDA:505,74,1,0
BRDA:507,75,0,0
BRDA:507,75,1,0
BRF:129
BRH:0
end_of_record
TN:
SF:obsidian-prj/src/models/ProjectModel.ts
FN:20,(anonymous_0)
FN:27,(anonymous_1)
FN:34,(anonymous_2)
FN:40,(anonymous_3)
FNF:4
FNH:0
FNDA:0,(anonymous_0)
FNDA:0,(anonymous_1)
FNDA:0,(anonymous_2)
FNDA:0,(anonymous_3)
DA:2,0
DA:4,0
DA:6,0
DA:7,0
DA:14,0
DA:21,0
DA:28,0
DA:36,0
DA:38,0
DA:40,0
LF:10
LH:0
BRF:0
BRH:0
end_of_record
TN:
SF:obsidian-prj/src/models/TaskModel.ts
FN:22,(anonymous_0)
FN:29,(anonymous_1)
FN:35,(anonymous_2)
FN:43,(anonymous_3)
FN:57,(anonymous_4)
FN:67,(anonymous_5)
FN:70,(anonymous_6)
FN:75,(anonymous_7)
FN:84,(anonymous_8)
FN:99,(anonymous_9)
FN:107,(anonymous_10)
FNF:11
FNH:0
FNDA:0,(anonymous_0)
FNDA:0,(anonymous_1)
FNDA:0,(anonymous_2)
FNDA:0,(anonymous_3)
FNDA:0,(anonymous_4)
FNDA:0,(anonymous_5)
FNDA:0,(anonymous_6)
FNDA:0,(anonymous_7)
FNDA:0,(anonymous_8)
FNDA:0,(anonymous_9)
FNDA:0,(anonymous_10)
DA:1,0
DA:2,0
DA:3,0
DA:5,0
DA:6,0
DA:8,0
DA:10,0
DA:11,0
DA:18,0
DA:23,0
DA:31,0
DA:33,0
DA:35,0
DA:45,0
DA:47,0
DA:50,0
DA:58,0
DA:70,0
DA:71,0
DA:72,0
DA:74,0
DA:75,0
DA:82,0
DA:84,0
DA:85,0
DA:86,0
DA:90,0
DA:100,0
DA:108,0
DA:109,0
DA:110,0
DA:112,0
DA:113,0
DA:115,0
DA:116,0
DA:119,0
DA:124,0
DA:128,0
LF:38
LH:0
BRDA:45,0,0,0
BRDA:45,0,1,0
BRDA:45,1,0,0
BRDA:45,1,1,0
BRDA:71,2,0,0
BRDA:71,2,1,0
BRDA:71,3,0,0
BRDA:71,3,1,0
BRDA:71,4,0,0
BRDA:71,4,1,0
BRDA:71,5,0,0
BRDA:71,5,1,0
BRDA:75,6,0,0
BRDA:75,6,1,0
BRDA:75,6,2,0
BRDA:75,6,3,0
BRDA:75,7,0,0
BRDA:75,7,1,0
BRDA:75,8,0,0
BRDA:75,8,1,0
BRDA:75,9,0,0
BRDA:75,9,1,0
BRDA:75,10,0,0
BRDA:75,10,1,0
BRDA:77,11,0,0
BRDA:77,11,1,0
BRDA:77,12,0,0
BRDA:77,12,1,0
BRDA:77,13,0,0
BRDA:77,13,1,0
BRDA:77,14,0,0
BRDA:77,14,1,0
BRDA:78,15,0,0
BRDA:78,15,1,0
BRDA:78,16,0,0
BRDA:78,16,1,0
BRDA:78,17,0,0
BRDA:78,17,1,0
BRDA:78,18,0,0
BRDA:78,18,1,0
BRDA:78,19,0,0
BRDA:78,19,1,0
BRDA:85,20,0,0
BRDA:108,21,0,0
BRDA:108,22,0,0
BRDA:108,22,1,0
BRDA:113,23,0,0
BRDA:113,23,1,0
BRDA:113,24,0,0
BRDA:113,24,1,0
BRDA:115,25,0,0
BRF:51
BRH:0
end_of_record
TN:
SF:obsidian-prj/src/models/TopicModel.ts
FN:18,(anonymous_0)
FN:25,(anonymous_1)
FN:31,(anonymous_2)
FN:40,(anonymous_3)
FNF:4
FNH:0
FNDA:0,(anonymous_0)
FNDA:0,(anonymous_1)
FNDA:0,(anonymous_2)
FNDA:0,(anonymous_3)
DA:2,0
DA:4,0
DA:6,0
DA:7,0
DA:14,0
DA:19,0
DA:27,0
DA:29,0
DA:31,0
DA:41,0
LF:10
LH:0
BRF:0
BRH:0
end_of_record
TN:
SF:obsidian-prj/src/models/TransactionModel.ts
FN:40,(anonymous_0)
FN:58,(anonymous_1)
FN:65,(anonymous_2)
FN:78,(anonymous_3)
FN:105,(anonymous_4)
FN:132,(anonymous_5)
FN:147,(anonymous_6)
FN:150,(anonymous_7)
FN:178,(anonymous_8)
FN:193,(anonymous_9)
FN:211,(anonymous_10)
FN:231,(anonymous_11)
FN:235,(anonymous_12)
FNF:13
FNH:11
FNDA:0,(anonymous_0)
FNDA:28,(anonymous_1)
FNDA:2,(anonymous_2)
FNDA:11,(anonymous_3)
FNDA:2,(anonymous_4)
FNDA:3,(anonymous_5)
FNDA:3,(anonymous_6)
FNDA:0,(anonymous_7)
FNDA:11,(anonymous_8)
FNDA:3,(anonymous_9)
FNDA:3,(anonymous_10)
FNDA:2,(anonymous_11)
FNDA:4,(anonymous_12)
DA:3,1
DA:4,1
DA:30,1
DA:41,0
DA:43,11
DA:44,11
DA:59,28
DA:66,2
DA:84,11
DA:86,11
DA:91,11
DA:93,11
DA:94,7
DA:96,4
DA:111,2
DA:113,2
DA:114,2
DA:115,1
DA:117,1
DA:135,3
DA:140,3
DA:141,3
DA:146,3
DA:148,3
DA:151,0
DA:157,3
DA:158,3
DA:160,0
DA:164,3
DA:167,3
DA:171,3
DA:179,11
DA:180,4
DA:182,4
DA:184,7
DA:194,3
DA:195,1
DA:197,1
DA:199,2
DA:201,2
DA:212,3
DA:213,1
DA:215,1
DA:216,2
DA:217,0
DA:219,0
DA:221,2
DA:222,2
DA:232,2
DA:233,2
DA:235,2
DA:236,4
DA:238,2
DA:239,0
DA:243,2
DA:246,2
DA:247,2
DA:251,2
DA:252,1
LF:59
LH:53
BRDA:67,0,0,2
BRDA:67,0,1,1
BRDA:84,1,0,11
BRDA:84,1,1,0
BRDA:84,2,0,11
BRDA:84,2,1,11
BRDA:86,3,0,0
BRDA:86,3,1,11
BRDA:86,4,0,11
BRDA:86,4,1,11
BRDA:93,5,0,7
BRDA:93,5,1,4
BRDA:113,6,0,2
BRDA:114,7,0,1
BRDA:114,7,1,1
BRDA:133,8,0,3
BRDA:140,9,0,3
BRDA:140,9,1,0
BRDA:148,10,0,0
BRDA:148,10,1,3
BRDA:148,11,0,3
BRDA:148,11,1,3
BRDA:151,12,0,0
BRDA:151,12,1,0
BRDA:151,13,0,0
BRDA:151,13,1,0
BRDA:160,14,0,0
BRDA:160,14,1,0
BRDA:160,15,0,0
BRDA:160,15,1,0
BRDA:164,16,0,3
BRDA:164,16,1,0
BRDA:167,17,0,3
BRDA:167,17,1,0
BRDA:179,18,0,4
BRDA:180,19,0,0
BRDA:180,19,1,4
BRDA:180,20,0,4
BRDA:180,20,1,4
BRDA:194,21,0,1
BRDA:195,22,0,0
BRDA:195,22,1,1
BRDA:195,23,0,1
BRDA:195,23,1,1
BRDA:201,24,0,2
BRDA:201,24,1,0
BRDA:212,25,0,1
BRDA:212,25,1,2
BRDA:213,26,0,0
BRDA:213,26,1,1
BRDA:213,27,0,1
BRDA:213,27,1,1
BRDA:216,28,0,0
BRDA:217,29,0,0
BRDA:217,29,1,0
BRDA:217,30,0,0
BRDA:217,30,1,0
BRDA:236,31,0,2
BRDA:236,31,1,2
BRDA:238,32,0,0
BRDA:238,32,1,2
BRDA:246,33,0,2
BRDA:246,33,1,2
BRDA:251,34,0,1
BRF:64
BRH:40
end_of_record
TN:
SF:obsidian-prj/src/models/Data/PrjBaseData.ts
FN:19,(anonymous_0)
FN:43,(anonymous_1)
FN:56,(anonymous_2)
FN:71,(anonymous_3)
FN:90,(anonymous_4)
FN:95,(anonymous_5)
FNF:6
FNH:0
FNDA:0,(anonymous_0)
FNDA:0,(anonymous_1)
FNDA:0,(anonymous_2)
FNDA:0,(anonymous_3)
FNDA:0,(anonymous_4)
FNDA:0,(anonymous_5)
DA:2,0
DA:3,0
DA:4,0
DA:11,0
DA:12,0
DA:20,0
DA:21,0
DA:23,0
DA:47,0
DA:57,0
DA:58,0
DA:60,0
DA:61,0
DA:62,0
DA:63,0
DA:72,0
DA:74,0
DA:75,0
DA:77,0
DA:78,0
DA:82,0
DA:91,0
DA:95,0
DA:97,0
LF:24
LH:0
BRDA:20,0,0,0
BRDA:20,0,1,0
BRDA:20,1,0,0
BRDA:20,1,1,0
BRDA:47,2,0,0
BRDA:47,2,1,0
BRDA:60,3,0,0
BRDA:60,3,1,0
BRDA:60,4,0,0
BRDA:60,4,1,0
BRDA:62,5,0,0
BRDA:77,6,0,0
BRDA:95,7,0,0
BRDA:95,7,1,0
BRDA:95,8,0,0
BRDA:95,8,1,0
BRF:16
BRH:0
end_of_record
TN:
SF:obsidian-prj/src/models/Data/PrjData.ts
FN:20,(anonymous_0)
FN:39,(anonymous_1)
FN:47,(anonymous_2)
FN:54,(anonymous_3)
FN:62,(anonymous_4)
FN:69,(anonymous_5)
FN:78,(anonymous_6)
FN:89,(anonymous_7)
FN:98,(anonymous_8)
FN:105,(anonymous_9)
FN:114,(anonymous_10)
FNF:11
FNH:0
FNDA:0,(anonymous_0)
FNDA:0,(anonymous_1)
FNDA:0,(anonymous_2)
FNDA:0,(anonymous_3)
FNDA:0,(anonymous_4)
FNDA:0,(anonymous_5)
FNDA:0,(anonymous_6)
FNDA:0,(anonymous_7)
FNDA:0,(anonymous_8)
FNDA:0,(anonymous_9)
FNDA:0,(anonymous_10)
DA:1,0
DA:2,0
DA:3,0
DA:10,0
DA:16,0
DA:21,0
DA:22,0
DA:34,0
DA:39,0
DA:41,0
DA:48,0
DA:54,0
DA:56,0
DA:63,0
DA:69,0
DA:72,0
DA:79,0
DA:80,0
DA:82,0
DA:89,0
DA:92,0
DA:99,0
DA:105,0
DA:108,0
DA:115,0
LF:25
LH:0
BRDA:79,0,0,0
BRDA:79,0,1,0
BRF:2
BRH:0
end_of_record
TN:
SF:obsidian-prj/src/models/Data/PrjDocumentData.ts
FN:21,(anonymous_0)
FN:45,(anonymous_1)
FN:53,(anonymous_2)
FN:60,(anonymous_3)
FN:68,(anonymous_4)
FN:75,(anonymous_5)
FN:83,(anonymous_6)
FN:90,(anonymous_7)
FN:98,(anonymous_8)
FN:105,(anonymous_9)
FN:113,(anonymous_10)
FN:120,(anonymous_11)
FN:128,(anonymous_12)
FN:135,(anonymous_13)
FN:142,(anonymous_14)
FN:149,(anonymous_15)
FN:156,(anonymous_16)
FN:163,(anonymous_17)
FN:171,(anonymous_18)
FN:178,(anonymous_19)
FN:186,(anonymous_20)
FN:193,(anonymous_21)
FN:201,(anonymous_22)
FN:208,(anonymous_23)
FN:216,(anonymous_24)
FNF:25
FNH:0
FNDA:0,(anonymous_0)
FNDA:0,(anonymous_1)
FNDA:0,(anonymous_2)
FNDA:0,(anonymous_3)
FNDA:0,(anonymous_4)
FNDA:0,(anonymous_5)
FNDA:0,(anonymous_6)
FNDA:0,(anonymous_7)
FNDA:0,(anonymous_8)
FNDA:0,(anonymous_9)
FNDA:0,(anonymous_10)
FNDA:0,(anonymous_11)
FNDA:0,(anonymous_12)
FNDA:0,(anonymous_13)
FNDA:0,(anonymous_14)
FNDA:0,(anonymous_15)
FNDA:0,(anonymous_16)
FNDA:0,(anonymous_17)
FNDA:0,(anonymous_18)
FNDA:0,(anonymous_19)
FNDA:0,(anonymous_20)
FNDA:0,(anonymous_21)
FNDA:0,(anonymous_22)
FNDA:0,(anonymous_23)
FNDA:0,(anonymous_24)
DA:1,0
DA:2,0
DA:3,0
DA:8,0
DA:14,0
DA:22,0
DA:37,0
DA:45,0
DA:47,0
DA:54,0
DA:60,0
DA:63,0
DA:69,0
DA:75,0
DA:78,0
DA:84,0
DA:90,0
DA:93,0
DA:99,0
DA:105,0
DA:108,0
DA:114,0
DA:120,0
DA:123,0
DA:129,0
DA:135,0
DA:137,0
DA:143,0
DA:149,0
DA:151,0
DA:157,0
DA:163,0
DA:166,0
DA:172,0
DA:178,0
DA:181,0
DA:187,0
DA:193,0
DA:196,0
DA:202,0
DA:208,0
DA:211,0
DA:217,0
LF:43
LH:0
BRF:0
BRH:0
end_of_record
TN:
SF:obsidian-prj/src/models/Data/PrjNoteData.ts
FN:21,(anonymous_0)
FN:33,(anonymous_1)
FN:41,(anonymous_2)
FN:48,(anonymous_3)
FN:56,(anonymous_4)
FNF:5
FNH:0
FNDA:0,(anonymous_0)
FNDA:0,(anonymous_1)
FNDA:0,(anonymous_2)
FNDA:0,(anonymous_3)
FNDA:0,(anonymous_4)
DA:1,0
DA:2,0
DA:3,0
DA:8,0
DA:14,0
DA:22,0
DA:27,0
DA:33,0
DA:35,0
DA:42,0
DA:48,0
DA:51,0
DA:57,0
LF:13
LH:0
BRF:0
BRH:0
end_of_record
TN:
SF:obsidian-prj/src/models/Data/PrjProjectData.ts
FN:19,(anonymous_0)
FN:27,(anonymous_1)
FN:38,(anonymous_2)
FNF:3
FNH:0
FNDA:0,(anonymous_0)
FNDA:0,(anonymous_1)
FNDA:0,(anonymous_2)
DA:1,0
DA:6,0
DA:11,0
DA:19,0
DA:21,0
DA:28,0
DA:39,0
LF:7
LH:0
BRF:0
BRH:0
end_of_record
TN:
SF:obsidian-prj/src/models/Data/PrjTaskData.ts
FN:19,(anonymous_0)
FN:27,(anonymous_1)
FN:38,(anonymous_2)
FNF:3
FNH:0
FNDA:0,(anonymous_0)
FNDA:0,(anonymous_1)
FNDA:0,(anonymous_2)
DA:1,0
DA:6,0
DA:11,0
DA:19,0
DA:21,0
DA:28,0
DA:39,0
LF:7
LH:0
BRF:0
BRH:0
end_of_record
TN:
SF:obsidian-prj/src/models/Data/PrjTaskManagementData.ts
FN:21,(anonymous_0)
FN:37,(anonymous_1)
FN:46,(anonymous_2)
FN:53,(anonymous_3)
FN:61,(anonymous_4)
FN:68,(anonymous_5)
FN:76,(anonymous_6)
FN:83,(anonymous_7)
FN:92,(anonymous_8)
FN:99,(anonymous_9)
FN:107,(anonymous_10)
FN:114,(anonymous_11)
FN:122,(anonymous_12)
FNF:13
FNH:0
FNDA:0,(anonymous_0)
FNDA:0,(anonymous_1)
FNDA:0,(anonymous_2)
FNDA:0,(anonymous_3)
FNDA:0,(anonymous_4)
FNDA:0,(anonymous_5)
FNDA:0,(anonymous_6)
FNDA:0,(anonymous_7)
FNDA:0,(anonymous_8)
FNDA:0,(anonymous_9)
FNDA:0,(anonymous_10)
FNDA:0,(anonymous_11)
FNDA:0,(anonymous_12)
DA:1,0
DA:2,0
DA:3,0
DA:8,0
DA:14,0
DA:22,0
DA:32,0
DA:37,0
DA:40,0
DA:47,0
DA:53,0
DA:55,0
DA:62,0
DA:68,0
DA:70,0
DA:77,0
DA:83,0
DA:86,0
DA:93,0
DA:99,0
DA:101,0
DA:108,0
DA:114,0
DA:116,0
DA:123,0
LF:25
LH:0
BRF:0
BRH:0
end_of_record
TN:
SF:obsidian-prj/src/models/Data/PrjTopicData.ts
FN:19,(anonymous_0)
FN:27,(anonymous_1)
FN:38,(anonymous_2)
FNF:3
FNH:0
FNDA:0,(anonymous_0)
FNDA:0,(anonymous_1)
FNDA:0,(anonymous_2)
DA:1,0
DA:6,0
DA:11,0
DA:19,0
DA:21,0
DA:28,0
DA:39,0
LF:7
LH:0
BRF:0
BRH:0
end_of_record
TN:
SF:obsidian-prj/src/translations/Translations.ts
FNF:0
FNH:0
DA:3,0
DA:5,0
LF:2
LH:0
BRF:0
BRH:0
end_of_record
TN:
SF:obsidian-prj/src/types/PrjSettings.ts
FNF:0
FNH:0
DA:51,1
LF:1
LH:1
BRF:0
BRH:0
end_of_record
TN:
SF:obsidian-prj/src/types/PrjTypes.ts
FN:72,(anonymous_0)
FN:91,(anonymous_1)
FN:107,(anonymous_2)
FN:109,(anonymous_3)
FN:128,(anonymous_4)
FN:158,(anonymous_5)
FN:175,(anonymous_6)
FN:180,(anonymous_7)
FN:183,(anonymous_8)
FN:203,(anonymous_9)
FN:225,(anonymous_10)
FN:253,(anonymous_11)
FNF:12
FNH:0
FNDA:0,(anonymous_0)
FNDA:0,(anonymous_1)
FNDA:0,(anonymous_2)
FNDA:0,(anonymous_3)
FNDA:0,(anonymous_4)
FNDA:0,(anonymous_5)
FNDA:0,(anonymous_6)
FNDA:0,(anonymous_7)
FNDA:0,(anonymous_8)
FNDA:0,(anonymous_9)
FNDA:0,(anonymous_10)
FNDA:0,(anonymous_11)
DA:2,0
DA:53,0
DA:58,0
DA:73,0
DA:78,0
DA:81,0
DA:95,0
DA:101,0
DA:107,0
DA:108,0
DA:109,0
DA:117,0
DA:131,0
DA:136,0
DA:139,0
DA:145,0
DA:159,0
DA:164,0
DA:167,0
DA:180,0
DA:181,0
DA:183,0
DA:184,0
DA:185,0
DA:190,0
DA:196,0
DA:204,0
DA:209,0
DA:212,0
DA:218,0
DA:226,0
DA:231,0
DA:234,0
DA:240,0
DA:256,0
DA:261,0
DA:264,0
LF:37
LH:0
BRDA:73,0,0,0
BRDA:74,1,0,0
BRDA:74,1,1,0
BRDA:74,1,2,0
BRDA:95,2,0,0
BRDA:95,2,1,0
BRDA:97,3,0,0
BRDA:97,3,1,0
BRDA:101,4,0,0
BRDA:101,4,1,0
BRDA:103,5,0,0
BRDA:103,5,1,0
BRDA:131,6,0,0
BRDA:132,7,0,0
BRDA:132,7,1,0
BRDA:132,7,2,0
BRDA:159,8,0,0
BRDA:160,9,0,0
BRDA:160,9,1,0
BRDA:160,9,2,0
BRDA:184,10,0,0
BRDA:204,11,0,0
BRDA:205,12,0,0
BRDA:205,12,1,0
BRDA:205,12,2,0
BRDA:226,13,0,0
BRDA:227,14,0,0
BRDA:227,14,1,0
BRDA:227,14,2,0
BRDA:256,15,0,0
BRDA:257,16,0,0
BRDA:257,16,1,0
BRDA:257,16,2,0
BRF:33
BRH:0
end_of_record
